12:14:53 INFO  : Launching XSDB server: xsdb.bat -s C:/Logiciels/Xilinx/SDK/2015.2/scripts/xsdb/xsdb/xsdb-server.tcl
12:14:58 INFO  : Processing command line option -hwspec X:/Bureau/A15/INF3995/tp2/tp2Code/tp2Code/adv7511_zed.sdk/system_top.hdf.
12:15:02 INFO  : XSDB server has started successfully.
13:48:07 INFO  : Launching XSDB server: xsdb.bat -s C:/Logiciels/Xilinx/SDK/2015.2/scripts/xsdb/xsdb/xsdb-server.tcl
13:48:10 INFO  : XSDB server has started successfully.
14:01:01 INFO  : Launching XSDB server: xsdb.bat -s C:/Logiciels/Xilinx/SDK/2015.2/scripts/xsdb/xsdb/xsdb-server.tcl
14:01:12 INFO  : XSDB server has started successfully.
14:02:28 INFO  : Project 'hw_platform_0' created. You can now create BSPs and application projects targeting this hardware platform.
14:18:51 INFO  : Connected to target on host '127.0.0.1' and port '3121'.
14:18:51 INFO  : 'targets -set -filter {jtag_cable_name =~ "Digilent Zed 210248684597" && level==0} -index 1' command is executed.
14:18:53 INFO  : FPGA configured successfully with bitstream "C:/temp/inf3995-02/tp2/tp2Code/tp2Code/adv7511_zed.sdk/hw_platform_0/system_top.bit"
14:23:06 INFO  : Processor reset is completed for ps7_cortexa9_0
14:24:19 INFO  : Processor reset is completed for ps7_cortexa9_0
14:25:46 INFO  : Connected to target on host '127.0.0.1' and port '3121'.
14:25:47 INFO  : 'targets -set -filter {jtag_cable_name =~ "Digilent Zed 210248684597" && level==0} -index 1' command is executed.
14:25:49 INFO  : FPGA configured successfully with bitstream "C:/temp/inf3995-02/tp2/tp2Code/tp2Code/adv7511_zed.sdk/hw_platform_0/system_top.bit"
14:26:08 INFO  : Processor reset is completed for ps7_cortexa9_0
14:27:54 INFO  : Processor reset is completed for ps7_cortexa9_0
14:28:33 ERROR : Unexpected error while parsing XMD response ?: com.google.gson.JsonSyntaxException: com.google.gson.stream.MalformedJsonException: invalid number or unquoted string near 
14:31:37 INFO  : Launching XSDB server: xsdb.bat -s C:/Logiciels/Xilinx/SDK/2015.2/scripts/xsdb/xsdb/xsdb-server.tcl
14:31:38 INFO  : XSDB server has started successfully.
14:32:28 INFO  : Processor reset is completed for ps7_cortexa9_0
14:34:38 INFO  : FPGA Cable Disconnected. All active launches will be terminated.
14:34:38 WARN  : Terminating existing sessions on processor ps7_cortexa9_0
14:34:58 INFO  : ps7_init is completed.
14:34:59 INFO  : ps7_post_config is completed.
14:34:59 INFO  : Processor reset is completed for ps7_cortexa9_0
14:35:53 INFO  : Connected to target on host '127.0.0.1' and port '3121'.
14:35:54 INFO  : 'targets -set -filter {jtag_cable_name =~ "Digilent Zed 210248684597" && level==0} -index 1' command is executed.
14:35:56 INFO  : FPGA configured successfully with bitstream "C:/temp/inf3995-02/tp2/tp2Code/tp2Code/adv7511_zed.sdk/hw_platform_0/system_top.bit"
14:36:15 INFO  : Processor reset is completed for ps7_cortexa9_0
14:37:59 ERROR : Unexpected error while parsing XMD response ?: com.google.gson.JsonSyntaxException: com.google.gson.stream.MalformedJsonException: invalid number or unquoted string near 
14:43:13 INFO  : Launching XSDB server: xsdb.bat -s C:/Logiciels/Xilinx/SDK/2015.2/scripts/xsdb/xsdb/xsdb-server.tcl
14:43:15 INFO  : XSDB server has started successfully.
15:02:22 INFO  : Processor reset is completed for ps7_cortexa9_0
15:03:06 INFO  : Connected to target on host '127.0.0.1' and port '3121'.
15:03:06 INFO  : 'targets -set -filter {jtag_cable_name =~ "Digilent Zed 210248684597" && level==0} -index 1' command is executed.
15:03:09 INFO  : FPGA configured successfully with bitstream "C:/temp/inf3995-02/tp2/tp2Code/tp2Code/adv7511_zed.sdk/hw_platform_0/system_top.bit"
15:03:24 INFO  : Processor reset is completed for ps7_cortexa9_0
15:04:06 INFO  : Connected to target on host '127.0.0.1' and port '3121'.
15:04:06 INFO  : 'targets -set -filter {jtag_cable_name =~ "Digilent Zed 210248684597" && level==0} -index 1' command is executed.
15:04:09 INFO  : FPGA configured successfully with bitstream "C:/temp/inf3995-02/tp2/tp2Code/tp2Code/adv7511_zed.sdk/hw_platform_0/system_top.bit"
15:04:16 INFO  : ps7_init is completed.
15:04:16 INFO  : ps7_post_config is completed.
15:04:17 INFO  : Processor reset is completed for ps7_cortexa9_0
15:33:45 INFO  : ps7_cortexa9_0 Processor is in use. Please stop existing Run or Debug sessions before launching.
15:33:49 INFO  : Processor reset is completed for ps7_cortexa9_0
15:48:45 INFO  : Processor reset is completed for ps7_cortexa9_0
15:51:46 INFO  : Processor reset is completed for ps7_cortexa9_0
15:52:10 INFO  : Processor reset is completed for ps7_cortexa9_0
15:55:40 INFO  : Processor reset is completed for ps7_cortexa9_0
15:57:42 INFO  : Processor reset is completed for ps7_cortexa9_0
15:58:49 INFO  : Processor reset is completed for ps7_cortexa9_0
15:59:30 INFO  : Processor reset is completed for ps7_cortexa9_0
16:07:46 INFO  : Connected to target on host '127.0.0.1' and port '3121'.
16:07:46 INFO  : 'targets -set -filter {jtag_cable_name =~ "Digilent Zed 210248684597" && level==0} -index 1' command is executed.
16:07:49 INFO  : FPGA configured successfully with bitstream "C:/temp/inf3995-02/tp2/tp2Code/tp2Code/adv7511_zed.sdk/hw_platform_0/system_top.bit"
16:07:54 INFO  : ps7_init is completed.
16:07:54 INFO  : ps7_post_config is completed.
16:07:54 INFO  : Processor reset is completed for ps7_cortexa9_0
16:11:05 INFO  : Processor reset is completed for ps7_cortexa9_0
16:11:54 INFO  : Processor reset is completed for ps7_cortexa9_0
16:12:13 INFO  : Processor reset is completed for ps7_cortexa9_0
16:14:47 INFO  : Processor reset is completed for ps7_cortexa9_0
16:15:18 INFO  : Processor reset is completed for ps7_cortexa9_0
16:16:00 INFO  : Processor reset is completed for ps7_cortexa9_0
16:19:13 INFO  : Processor reset is completed for ps7_cortexa9_0
16:20:02 INFO  : Processor reset is completed for ps7_cortexa9_0
16:21:42 INFO  : Processor reset is completed for ps7_cortexa9_0
16:23:48 ERROR : Unexpected error while parsing XMD response ?: com.google.gson.JsonSyntaxException: com.google.gson.stream.MalformedJsonException: invalid number or unquoted string near 
22:48:56 INFO  : Launching XSDB server: xsdb.bat -s C:/Xilinx/SDK/2015.2/scripts/xsdb/xsdb/xsdb-server.tcl
22:48:58 INFO  : XSDB server has started successfully.
