#
# A fatal error has been detected by the Java Runtime Environment:
#
#  EXCEPTION_ACCESS_VIOLATION (0xc0000005) at pc=0x000007fecd2549b4, pid=6984, tid=472
#
# JRE version: Java(TM) SE Runtime Environment (8.0_25-b18) (build 1.8.0_25-b18)
# Java VM: Java HotSpot(TM) 64-Bit Server VM (25.25-b02 mixed mode windows-amd64 compressed oops)
# Problematic frame:
# C  [librdi_coregen.dll+0x49b4]
#
# Failed to write core dump. Minidumps are not enabled by default on client versions of Windows
#
# If you would like to submit a bug report, please visit:
#   http://bugreport.sun.com/bugreport/crash.jsp
# The crash happened outside the Java Virtual Machine in native code.
# See problematic frame for where to report the bug.
#

---------------  T H R E A D  ---------------

Current thread (0x0000000022dae800):  JavaThread "AWT-EventQueue-1" [_thread_in_native, id=472, stack(0x00000000256f0000,0x0000000025bf0000)]

siginfo: ExceptionCode=0xc0000005, reading address 0xffffffffffffffff

Registers:
RAX=0x005f006500760247, RBX=0x0000000025bea148, RCX=0x0000000025bea148, RDX=0x005f006500760247
RSP=0x0000000025bea0b0, RBP=0x0000000025bea170, RSI=0x0000000036d9eb00, RDI=0x0000000000000000
R8 =0x0000000000000000, R9 =0xffffffffffffffff, R10=0xfefefefefefefeff, R11=0x0000000025bea150
R12=0x0000000000000000, R13=0x0000000000000000, R14=0x0000000025bea3c0, R15=0x000007fece959ec0
RIP=0x000007fecd2549b4, EFLAGS=0x0000000000010202

Top of Stack: (sp=0x0000000025bea0b0)
0x0000000025bea0b0:   000007fece904a48 0000000000000000
0x0000000025bea0c0:   00002d4b2d0f82d0 000007fece9040b0
0x0000000025bea0d0:   0000000000000000 000007fecd5dda27
0x0000000025bea0e0:   0000000025bea148 0000000025bea170
0x0000000025bea0f0:   0000000036d9eb00 0000000000000000
0x0000000025bea100:   000007fe00000000 0000000000000000
0x0000000025bea110:   0000000025bea3c0 000007fecd6c63a0
0x0000000025bea120:   0000000036d9eb00 0000000036d9eb00
0x0000000025bea130:   0000000000000001 00000000374c7f00
0x0000000025bea140:   0000000025bea240 0000000012270600
0x0000000025bea150:   000007fece959ec0 0000000000000000
0x0000000025bea160:   000000000000000f 00002d4b2d0f83c0
0x0000000025bea170:   0000000025bea209 000007fecd680ad8
0x0000000025bea180:   0000000000000000 0000000000000000
0x0000000025bea190:   0000000036d9eb00 0000000000000000
0x0000000025bea1a0:   0000000000000000 000000003f700000 

Instructions: (pc=0x000007fecd2549b4)
0x000007fecd254994:   45 33 c0 e9 04 00 00 00 cc cc cc cc 48 89 5c 24
0x000007fecd2549a4:   08 48 89 6c 24 10 48 89 74 24 18 57 48 83 ec 20
0x000007fecd2549b4:   48 8b 7a 10 49 8b e8 48 8b f2 48 8b d9 49 3b f8
0x000007fecd2549c4:   73 0e 48 8d 0d 23 b8 fa 00 ff 15 e5 e6 f9 00 cc 


Register to memory mapping:

RAX=0x005f006500760247 is an unknown value
RBX=0x0000000025bea148 is pointing into the stack for thread: 0x0000000022dae800
RCX=0x0000000025bea148 is pointing into the stack for thread: 0x0000000022dae800
RDX=0x005f006500760247 is an unknown value
RSP=0x0000000025bea0b0 is pointing into the stack for thread: 0x0000000022dae800
RBP=0x0000000025bea170 is pointing into the stack for thread: 0x0000000022dae800
RSI=0x0000000036d9eb00 is an unknown value
RDI=0x0000000000000000 is an unknown value
R8 =0x0000000000000000 is an unknown value
R9 =0xffffffffffffffff is an unknown value
R10=0xfefefefefefefeff is an unknown value
R11=0x0000000025bea150 is pointing into the stack for thread: 0x0000000022dae800
R12=0x0000000000000000 is an unknown value
R13=0x0000000000000000 is an unknown value
R14=0x0000000025bea3c0 is pointing into the stack for thread: 0x0000000022dae800
R15=0x000007fece959ec0 is an unknown value


Stack: [0x00000000256f0000,0x0000000025bf0000],  sp=0x0000000025bea0b0,  free space=5096k
Native frames: (J=compiled Java code, j=interpreted, Vv=VM code, C=native code)
C  [librdi_coregen.dll+0x49b4]
C  [librdi_coregen.dll+0x38da27]
C  [librdi_coregen.dll+0x4763a0]
C  [librdi_coregen.dll+0x430ad8]
C  [librdi_coregen.dll+0x42e37e]
C  [librdi_coregen.dll+0x4611c3]
C  [librdi_coregen.dll+0x45c6f6]
C  [librdi_coregen.dll+0x46a48b]
C  [librdi_coregen.dll+0x5742a0]
C  0x00000000133fcc0a

Java frames: (J=compiled Java code, j=interpreted, Vv=VM code)
J 8348  ui.data.coregen.packagerEngine.FacetCmds_isValueSet(JJ)Z (0 bytes) @ 0x00000000133fcb84 [0x00000000133fcb40+0x44]
J 19722 C2 ui.g.e.k.a.getValueAt(II)Ljava/lang/Object; (21 bytes) @ 0x0000000015d82ed0 [0x0000000015d81f40+0xf90]
J 8829 C2 com.jidesoft.grid.DefaultTableModelWrapper.getValueAt(II)Ljava/lang/Object; (45 bytes) @ 0x0000000013ca0410 [0x0000000013ca01e0+0x230]
J 12244 C2 com.jidesoft.grid.CellSpanTable.getValueAt(II)Ljava/lang/Object; (95 bytes) @ 0x000000001396dc84 [0x000000001396d980+0x304]
J 19677 C1 ui.g.e.k.V.a(ILjavax/swing/JTable;Ljavax/swing/table/TableCellRenderer;I)I (185 bytes) @ 0x000000001425360c [0x0000000014252b80+0xa8c]
J 19676 C1 ui.g.e.k.V.a(IILjavax/swing/JTable;)V (109 bytes) @ 0x0000000015cced4c [0x0000000015cce600+0x74c]
j  ui.g.e.k.V.g(Ljavax/swing/JTable;)V+20
j  ui.g.e.k.b.aeV()V+1
j  ui.b.b.bG.aeV()V+4
j  ui.views.u.b.a.dcl()V+64
j  ui.views.u.b.J.<init>(Lui/views/cP;Lui/views/u/F;Lui/data/coregen/M;Ljava/util/List;Lui/frmwork/e/a;)V+61
j  ui.views.u.b.a.<init>(Lui/views/cP;Lui/views/u/F;)V+16
j  ui.views.u.b.a.q.<init>(Lui/views/u/b/a/p;Lui/views/cP;Lui/views/u/F;Lui/data/coregen/cr;)V+14
j  ui.views.u.b.a.p.getChildValueAt(I)Ljava/lang/Object;+62
j  com.jidesoft.grid.HierarchicalTable.expandRow(I)V+123
j  com.jidesoft.grid.HierarchicalTable.expandAllRows()V+56
j  ui.b.b.bG.expandAll()V+4
j  ui.views.u.a.a.eEU()V+121
j  ui.views.u.a.c.run()V+20
J 10662 C2 java.awt.EventQueue$3.run()Ljava/lang/Object; (5 bytes) @ 0x00000000141cfb04 [0x00000000141cf7a0+0x364]
v  ~StubRoutines::call_stub
J 1487  java.security.AccessController.doPrivileged(Ljava/security/PrivilegedAction;Ljava/security/AccessControlContext;)Ljava/lang/Object; (0 bytes) @ 0x00000000127932a6 [0x0000000012793240+0x66]
J 11243 C2 ui.frmwork.a.e.dispatchEvent(Ljava/awt/AWTEvent;)V (30 bytes) @ 0x00000000143ea32c [0x00000000143ea040+0x2ec]
J 12004 C2 java.awt.EventDispatchThread.pumpOneEventForFilters(I)V (295 bytes) @ 0x0000000014635b90 [0x00000000146357a0+0x3f0]
J 16208 C2 java.awt.EventDispatchThread.pumpEventsForFilter(ILjava/awt/Conditional;Ljava/awt/EventFilter;)V (47 bytes) @ 0x000000001531b90c [0x000000001531b700+0x20c]
j  java.awt.EventDispatchThread.pumpEventsForFilter(Ljava/awt/Conditional;Ljava/awt/EventFilter;)V+4
j  java.awt.WaitDispatchSupport$2.run()V+59
j  java.awt.WaitDispatchSupport$4.run()Ljava/lang/Void;+4
j  java.awt.WaitDispatchSupport$4.run()Ljava/lang/Object;+1
v  ~StubRoutines::call_stub
J 192  java.security.AccessController.doPrivileged(Ljava/security/PrivilegedAction;)Ljava/lang/Object; (0 bytes) @ 0x00000000123eb352 [0x00000000123eb300+0x52]
j  java.awt.WaitDispatchSupport.enter()Z+279
j  java.awt.Dialog.show()V+233
J 19769 C1 java.awt.Window.setVisible(Z)V (6 bytes) @ 0x0000000013b47224 [0x0000000013b46fe0+0x244]
j  java.awt.Dialog.setVisible(Z)V+2
j  ui.b.b.P.setVisible(Z)V+2
j  ui.b.b.cp.abP()V+62
j  ui.b.b.cA.actionPerformed(Ljava/awt/event/ActionEvent;)V+43
j  ui.b.b.cp.cuC()V+464
j  ui.e.a(Ljava/awt/Component;Ljava/lang/String;Ljava/lang/Runnable;)V+148
j  ui.frmwork.F.Cw(Ljava/lang/String;)V+83
j  ui.frmwork.R.dol()V+458
j  ui.frmwork.R.d(Lui/frmwork/R;)V+1
j  ui.frmwork.W.actionPerformed(Ljava/awt/event/ActionEvent;)V+4
j  javax.swing.JTextField.fireActionPerformed()V+113
j  javax.swing.JTextField.postActionEvent()V+1
j  javax.swing.JTextField$NotifyAction.actionPerformed(Ljava/awt/event/ActionEvent;)V+18
j  javax.swing.JComponent$ActionStandin.actionPerformed(Ljava/awt/event/ActionEvent;)V+12
J 12493 C1 javax.swing.SwingUtilities.notifyAction(Ljavax/swing/Action;Ljavax/swing/KeyStroke;Ljava/awt/event/KeyEvent;Ljava/lang/Object;I)Z (139 bytes) @ 0x00000000145f0d4c [0x00000000145f0040+0xd0c]
J 4907 C2 javax.swing.JComponent.processKeyBinding(Ljavax/swing/KeyStroke;Ljava/awt/event/KeyEvent;IZ)Z (78 bytes) @ 0x00000000130679c0 [0x0000000013067780+0x240]
J 13735 C2 javax.swing.JComponent.processKeyBindings(Ljava/awt/event/KeyEvent;Z)Z (236 bytes) @ 0x000000001396405c [0x0000000013963de0+0x27c]
J 20313 C2 java.awt.Container.processEvent(Ljava/awt/AWTEvent;)V (22 bytes) @ 0x00000000143f4f6c [0x00000000143f4d40+0x22c]
J 19458 C2 java.awt.Component.dispatchEventImpl(Ljava/awt/AWTEvent;)V (883 bytes) @ 0x0000000015c12c80 [0x0000000015c12380+0x900]
J 13066 C2 java.awt.Container.dispatchEventImpl(Ljava/awt/AWTEvent;)V (129 bytes) @ 0x00000000148f0ecc [0x00000000148f05a0+0x92c]
J 12823 C1 java.awt.DefaultKeyboardFocusManager.dispatchKeyEvent(Ljava/awt/event/KeyEvent;)Z (192 bytes) @ 0x00000000131d8f6c [0x00000000131d7d20+0x124c]
J 5582 C1 java.awt.DefaultKeyboardFocusManager.preDispatchKeyEvent(Ljava/awt/event/KeyEvent;)Z (141 bytes) @ 0x00000000132930ec [0x0000000013291700+0x19ec]
J 5277 C1 java.awt.DefaultKeyboardFocusManager.typeAheadAssertions(Ljava/awt/Component;Ljava/awt/AWTEvent;)Z (352 bytes) @ 0x00000000131bdefc [0x00000000131bbee0+0x201c]
J 18056 C2 java.awt.DefaultKeyboardFocusManager.dispatchEvent(Ljava/awt/AWTEvent;)Z (1589 bytes) @ 0x00000000159a2e34 [0x00000000159a2b80+0x2b4]
J 19458 C2 java.awt.Component.dispatchEventImpl(Ljava/awt/AWTEvent;)V (883 bytes) @ 0x0000000015c125dc [0x0000000015c12380+0x25c]
J 12664 C2 java.awt.Window.dispatchEventImpl(Ljava/awt/AWTEvent;)V (23 bytes) @ 0x00000000135e1c30 [0x00000000135e1320+0x910]
J 10662 C2 java.awt.EventQueue$3.run()Ljava/lang/Object; (5 bytes) @ 0x00000000141cfbcc [0x00000000141cf7a0+0x42c]
v  ~StubRoutines::call_stub
J 1487  java.security.AccessController.doPrivileged(Ljava/security/PrivilegedAction;Ljava/security/AccessControlContext;)Ljava/lang/Object; (0 bytes) @ 0x00000000127932a6 [0x0000000012793240+0x66]
J 12313 C2 java.awt.EventQueue$4.run()Ljava/lang/Object; (5 bytes) @ 0x000000001293ae38 [0x000000001293ad20+0x118]
v  ~StubRoutines::call_stub
J 1487  java.security.AccessController.doPrivileged(Ljava/security/PrivilegedAction;Ljava/security/AccessControlContext;)Ljava/lang/Object; (0 bytes) @ 0x00000000127932a6 [0x0000000012793240+0x66]
J 11243 C2 ui.frmwork.a.e.dispatchEvent(Ljava/awt/AWTEvent;)V (30 bytes) @ 0x00000000143ea2a8 [0x00000000143ea040+0x268]
J 12004 C2 java.awt.EventDispatchThread.pumpOneEventForFilters(I)V (295 bytes) @ 0x0000000014635b90 [0x00000000146357a0+0x3f0]
J 15344% C2 java.awt.EventDispatchThread.pumpEventsForFilter(ILjava/awt/Conditional;Ljava/awt/EventFilter;)V (47 bytes) @ 0x0000000014f9e2cc [0x0000000014f9e180+0x14c]
j  java.awt.EventDispatchThread.pumpEventsForHierarchy(ILjava/awt/Conditional;Ljava/awt/Component;)V+11
j  java.awt.EventDispatchThread.pumpEvents(ILjava/awt/Conditional;)V+4
j  java.awt.EventDispatchThread.pumpEvents(Ljava/awt/Conditional;)V+3
j  java.awt.EventDispatchThread.run()V+9
v  ~StubRoutines::call_stub

---------------  P R O C E S S  ---------------

Java Threads: ( => current thread )
  0x0000000037dbe800 JavaThread "Image Fetcher 2" daemon [_thread_blocked, id=3212, stack(0x000000003bfd0000,0x000000003c4d0000)]
  0x0000000037db3000 JavaThread "Image Fetcher 1" daemon [_thread_blocked, id=7796, stack(0x000000003b9e0000,0x000000003bee0000)]
  0x00000000385b3800 JavaThread "Update Runs" [_thread_blocked, id=7864, stack(0x000000003b470000,0x000000003b970000)]
  0x00000000385b4800 JavaThread "Refresh Filesets" [_thread_blocked, id=4028, stack(0x000000003ae10000,0x000000003b310000)]
  0x0000000037dbf800 JavaThread "Tcl Command Line" [_thread_blocked, id=5332, stack(0x0000000039940000,0x0000000039e40000)]
  0x00000000375c6800 JavaThread "Image Fetcher 0" daemon [_thread_blocked, id=7516, stack(0x000000003a8e0000,0x000000003ade0000)]
  0x0000000038a15000 JavaThread "SwingWorker-pool-2-thread-1" daemon [_thread_blocked, id=7476, stack(0x000000003a270000,0x000000003a770000)]
  0x0000000022921800 JavaThread "hw_ila_monitor" [_thread_blocked, id=4644, stack(0x000000002e830000,0x000000002ed30000)]
  0x0000000007061800 JavaThread "Swing-Shell" daemon [_thread_blocked, id=1396, stack(0x0000000029da0000,0x000000002a2a0000)]
  0x00000000288df800 JavaThread "Monitor File Timestamp" [_thread_blocked, id=7140, stack(0x0000000029150000,0x0000000029650000)]
=>0x0000000022dae800 JavaThread "AWT-EventQueue-1" [_thread_in_native, id=472, stack(0x00000000256f0000,0x0000000025bf0000)]
  0x0000000022daf800 JavaThread "Process Messages" [_thread_blocked, id=7312, stack(0x0000000025140000,0x0000000025640000)]
  0x0000000007041000 JavaThread "Thread-3" [_thread_in_native, id=4900, stack(0x0000000002670000,0x0000000003a70000)]
  0x0000000022b31000 JavaThread "AWT-EventQueue-0" [_thread_blocked, id=5660, stack(0x0000000024b80000,0x0000000025080000)]
  0x0000000022b3b000 JavaThread "AWT-Windows" daemon [_thread_in_native, id=7668, stack(0x0000000024540000,0x0000000024a40000)]
  0x0000000022b3c000 JavaThread "AWT-Shutdown" [_thread_blocked, id=5348, stack(0x0000000023f50000,0x0000000024450000)]
  0x0000000022b3d000 JavaThread "Java2D Disposer" daemon [_thread_blocked, id=6832, stack(0x00000000239a0000,0x0000000023ea0000)]
  0x0000000011ff3800 JavaThread "TimerQueue" daemon [_thread_blocked, id=7928, stack(0x00000000221f0000,0x00000000226f0000)]
  0x000000000a817800 JavaThread "Service Thread" daemon [_thread_blocked, id=7948, stack(0x0000000021a30000,0x0000000021f30000)]
  0x000000000a1d9000 JavaThread "C1 CompilerThread2" daemon [_thread_blocked, id=7460, stack(0x000000000a690000,0x000000000a790000)]
  0x000000000a1d1000 JavaThread "C2 CompilerThread1" daemon [_thread_blocked, id=3888, stack(0x000000000a4b0000,0x000000000a5b0000)]
  0x000000000a1db800 JavaThread "C2 CompilerThread0" daemon [_thread_blocked, id=7892, stack(0x000000000a220000,0x000000000a320000)]
  0x000000000a1dc800 JavaThread "Attach Listener" daemon [_thread_blocked, id=6756, stack(0x0000000021400000,0x0000000021900000)]
  0x000000000a1dd800 JavaThread "Signal Dispatcher" daemon [_thread_blocked, id=5820, stack(0x00000000116b0000,0x0000000011bb0000)]
  0x000000000a16c000 JavaThread "Finalizer" daemon [_thread_blocked, id=5652, stack(0x0000000011130000,0x0000000011630000)]
  0x000000000a16d000 JavaThread "Reference Handler" daemon [_thread_blocked, id=5160, stack(0x0000000010a40000,0x0000000010f40000)]
  0x00000000078a6000 JavaThread "main" [_thread_blocked, id=5052, stack(0x0000000007a10000,0x0000000007b10000)]

Other Threads:
  0x0000000009f71000 VMThread [stack: 0x000000000a340000,0x000000000a440000] [id=4924]
  0x000000000a816800 WatcherThread [stack: 0x0000000010fe0000,0x00000000110e0000] [id=1248]

VM state:not at safepoint (normal execution)

VM Mutex/Monitor currently owned by a thread: None

Heap:
 PSYoungGen      total 49664K, used 42994K [0x00000007bc400000, 0x00000007c0000000, 0x00000007c0000000)
  eden space 38400K, 96% used [0x00000007bc400000,0x00000007be84d8d8,0x00000007be980000)
  from space 11264K, 51% used [0x00000007be980000,0x00000007bef2efa8,0x00000007bf480000)
  to   space 11264K, 0% used [0x00000007bf500000,0x00000007bf500000,0x00000007c0000000)
 ParOldGen       total 135168K, used 125564K [0x0000000700000000, 0x0000000708400000, 0x00000007bc400000)
  object space 135168K, 92% used [0x0000000700000000,0x0000000707a9f180,0x0000000708400000)
 Metaspace       used 60463K, capacity 60861K, committed 61440K, reserved 1101824K
  class space    used 8325K, capacity 8405K, committed 8448K, reserved 1048576K

Card table byte_map: [0x0000000007ed0000,0x00000000084e0000] byte_map_base: 0x00000000046d0000

Marking Bits: (ParMarkBitMap*) 0x000000005d4bd490
 Begin Bits: [0x000000000a990000, 0x000000000d990000)
 End Bits:   [0x000000000d990000, 0x0000000010990000)

Polling page: 0x0000000000150000

CodeCache: size=245760Kb used=63952Kb max_used=63969Kb free=181808Kb
 bounds [0x0000000012270000, 0x0000000016170000, 0x0000000021270000]
 total_blobs=16481 nmethods=15618 adapters=768
 compilation: enabled

Compilation events (10 events):
Event: 13981.529 Thread 0x000000000a1d9000 21150       3       ui.views.u.R::a (14 bytes)
Event: 13981.529 Thread 0x000000000a1d9000 nmethod 21150 0x00000000136f2690 code [0x00000000136f2800, 0x00000000136f2ca8]
Event: 13981.666 Thread 0x000000000a1d9000 21151   !   3       java.awt.Window::addOwnedWindow (41 bytes)
Event: 13981.666 Thread 0x000000000a1d9000 nmethod 21151 0x0000000012b1a310 code [0x0000000012b1a4a0, 0x0000000012b1aaf8]
Event: 13981.675 Thread 0x000000000a1d9000 21152       3       ui.g.i.aw::aG (23 bytes)
Event: 13981.676 Thread 0x000000000a1d9000 nmethod 21152 0x00000000145d4890 code [0x00000000145d4a20, 0x00000000145d4e28]
Event: 13981.732 Thread 0x000000000a1db800 21153       4       ui.views.u.S::eEE (38 bytes)
Event: 13981.740 Thread 0x000000000a1db800 nmethod 21153 0x0000000016162990 code [0x0000000016162b40, 0x00000000161636b8]
Event: 13981.836 Thread 0x000000000a1d1000 21154       4       ui.g.i.b.w::setAction (6 bytes)
Event: 13981.869 Thread 0x000000000a1d1000 nmethod 21154 0x00000000161671d0 code [0x0000000016167500, 0x0000000016168be8]

GC Heap History (10 events):
Event: 13971.721 GC heap before
{Heap before GC invocations=572 (full 40):
 PSYoungGen      total 49152K, used 37227K [0x00000007bc400000, 0x00000007c0000000, 0x00000007c0000000)
  eden space 36864K, 98% used [0x00000007bc400000,0x00000007be768ef0,0x00000007be800000)
  from space 12288K, 7% used [0x00000007be800000,0x00000007be8f1e98,0x00000007bf400000)
  to   space 12288K, 0% used [0x00000007bf400000,0x00000007bf400000,0x00000007c0000000)
 ParOldGen       total 135168K, used 126563K [0x0000000700000000, 0x0000000708400000, 0x00000007bc400000)
  object space 135168K, 93% used [0x0000000700000000,0x0000000707b98ed8,0x0000000708400000)
 Metaspace       used 60433K, capacity 60861K, committed 61440K, reserved 1101824K
  class space    used 8325K, capacity 8405K, committed 8448K, reserved 1048576K
Event: 13971.726 GC heap after
Heap after GC invocations=572 (full 40):
 PSYoungGen      total 49152K, used 1925K [0x00000007bc400000, 0x00000007c0000000, 0x00000007c0000000)
  eden space 36864K, 0% used [0x00000007bc400000,0x00000007bc400000,0x00000007be800000)
  from space 12288K, 15% used [0x00000007bf400000,0x00000007bf5e1448,0x00000007c0000000)
  to   space 12288K, 0% used [0x00000007be800000,0x00000007be800000,0x00000007bf400000)
 ParOldGen       total 135168K, used 126563K [0x0000000700000000, 0x0000000708400000, 0x00000007bc400000)
  object space 135168K, 93% used [0x0000000700000000,0x0000000707b98ed8,0x0000000708400000)
 Metaspace       used 60433K, capacity 60861K, committed 61440K, reserved 1101824K
  class space    used 8325K, capacity 8405K, committed 8448K, reserved 1048576K
}
Event: 13971.726 GC heap before
{Heap before GC invocations=573 (full 41):
 PSYoungGen      total 49152K, used 1925K [0x00000007bc400000, 0x00000007c0000000, 0x00000007c0000000)
  eden space 36864K, 0% used [0x00000007bc400000,0x00000007bc400000,0x00000007be800000)
  from space 12288K, 15% used [0x00000007bf400000,0x00000007bf5e1448,0x00000007c0000000)
  to   space 12288K, 0% used [0x00000007be800000,0x00000007be800000,0x00000007bf400000)
 ParOldGen       total 135168K, used 126563K [0x0000000700000000, 0x0000000708400000, 0x00000007bc400000)
  object space 135168K, 93% used [0x0000000700000000,0x0000000707b98ed8,0x0000000708400000)
 Metaspace       used 60433K, capacity 60861K, committed 61440K, reserved 1101824K
  class space    used 8325K, capacity 8405K, committed 8448K, reserved 1048576K
Event: 13972.316 GC heap after
Heap after GC invocations=573 (full 41):
 PSYoungGen      total 49152K, used 0K [0x00000007bc400000, 0x00000007c0000000, 0x00000007c0000000)
  eden space 36864K, 0% used [0x00000007bc400000,0x00000007bc400000,0x00000007be800000)
  from space 12288K, 0% used [0x00000007bf400000,0x00000007bf400000,0x00000007c0000000)
  to   space 12288K, 0% used [0x00000007be800000,0x00000007be800000,0x00000007bf400000)
 ParOldGen       total 135168K, used 125564K [0x0000000700000000, 0x0000000708400000, 0x00000007bc400000)
  object space 135168K, 92% used [0x0000000700000000,0x0000000707a9f180,0x0000000708400000)
 Metaspace       used 60433K, capacity 60861K, committed 61440K, reserved 1101824K
  class space    used 8325K, capacity 8405K, committed 8448K, reserved 1048576K
}
Event: 13980.390 GC heap before
{Heap before GC invocations=574 (full 41):
 PSYoungGen      total 49152K, used 36864K [0x00000007bc400000, 0x00000007c0000000, 0x00000007c0000000)
  eden space 36864K, 100% used [0x00000007bc400000,0x00000007be800000,0x00000007be800000)
  from space 12288K, 0% used [0x00000007bf400000,0x00000007bf400000,0x00000007c0000000)
  to   space 12288K, 0% used [0x00000007be800000,0x00000007be800000,0x00000007bf400000)
 ParOldGen       total 135168K, used 125564K [0x0000000700000000, 0x0000000708400000, 0x00000007bc400000)
  object space 135168K, 92% used [0x0000000700000000,0x0000000707a9f180,0x0000000708400000)
 Metaspace       used 60439K, capacity 60861K, committed 61440K, reserved 1101824K
  class space    used 8325K, capacity 8405K, committed 8448K, reserved 1048576K
Event: 13980.395 GC heap after
Heap after GC invocations=574 (full 41):
 PSYoungGen      total 49152K, used 2566K [0x00000007bc400000, 0x00000007c0000000, 0x00000007c0000000)
  eden space 36864K, 0% used [0x00000007bc400000,0x00000007bc400000,0x00000007be800000)
  from space 12288K, 20% used [0x00000007be800000,0x00000007bea81a70,0x00000007bf400000)
  to   space 11776K, 0% used [0x00000007bf480000,0x00000007bf480000,0x00000007c0000000)
 ParOldGen       total 135168K, used 125564K [0x0000000700000000, 0x0000000708400000, 0x00000007bc400000)
  object space 135168K, 92% used [0x0000000700000000,0x0000000707a9f180,0x0000000708400000)
 Metaspace       used 60439K, capacity 60861K, committed 61440K, reserved 1101824K
  class space    used 8325K, capacity 8405K, committed 8448K, reserved 1048576K
}
Event: 13980.881 GC heap before
{Heap before GC invocations=575 (full 41):
 PSYoungGen      total 49152K, used 39423K [0x00000007bc400000, 0x00000007c0000000, 0x00000007c0000000)
  eden space 36864K, 99% used [0x00000007bc400000,0x00000007be7fe490,0x00000007be800000)
  from space 12288K, 20% used [0x00000007be800000,0x00000007bea81a70,0x00000007bf400000)
  to   space 11776K, 0% used [0x00000007bf480000,0x00000007bf480000,0x00000007c0000000)
 ParOldGen       total 135168K, used 125564K [0x0000000700000000, 0x0000000708400000, 0x00000007bc400000)
  object space 135168K, 92% used [0x0000000700000000,0x0000000707a9f180,0x0000000708400000)
 Metaspace       used 60449K, capacity 60861K, committed 61440K, reserved 1101824K
  class space    used 8325K, capacity 8405K, committed 8448K, reserved 1048576K
Event: 13980.888 GC heap after
Heap after GC invocations=575 (full 41):
 PSYoungGen      total 50176K, used 4521K [0x00000007bc400000, 0x00000007c0000000, 0x00000007c0000000)
  eden space 38400K, 0% used [0x00000007bc400000,0x00000007bc400000,0x00000007be980000)
  from space 11776K, 38% used [0x00000007bf480000,0x00000007bf8ea610,0x00000007c0000000)
  to   space 11264K, 0% used [0x00000007be980000,0x00000007be980000,0x00000007bf480000)
 ParOldGen       total 135168K, used 125564K [0x0000000700000000, 0x0000000708400000, 0x00000007bc400000)
  object space 135168K, 92% used [0x0000000700000000,0x0000000707a9f180,0x0000000708400000)
 Metaspace       used 60449K, capacity 60861K, committed 61440K, reserved 1101824K
  class space    used 8325K, capacity 8405K, committed 8448K, reserved 1048576K
}
Event: 13981.531 GC heap before
{Heap before GC invocations=576 (full 41):
 PSYoungGen      total 50176K, used 42921K [0x00000007bc400000, 0x00000007c0000000, 0x00000007c0000000)
  eden space 38400K, 100% used [0x00000007bc400000,0x00000007be980000,0x00000007be980000)
  from space 11776K, 38% used [0x00000007bf480000,0x00000007bf8ea610,0x00000007c0000000)
  to   space 11264K, 0% used [0x00000007be980000,0x00000007be980000,0x00000007bf480000)
 ParOldGen       total 135168K, used 125564K [0x0000000700000000, 0x0000000708400000, 0x00000007bc400000)
  object space 135168K, 92% used [0x0000000700000000,0x0000000707a9f180,0x0000000708400000)
 Metaspace       used 60462K, capacity 60861K, committed 61440K, reserved 1101824K
  class space    used 8325K, capacity 8405K, committed 8448K, reserved 1048576K
Event: 13981.539 GC heap after
Heap after GC invocations=576 (full 41):
 PSYoungGen      total 49664K, used 5819K [0x00000007bc400000, 0x00000007c0000000, 0x00000007c0000000)
  eden space 38400K, 0% used [0x00000007bc400000,0x00000007bc400000,0x00000007be980000)
  from space 11264K, 51% used [0x00000007be980000,0x00000007bef2efa8,0x00000007bf480000)
  to   space 11264K, 0% used [0x00000007bf500000,0x00000007bf500000,0x00000007c0000000)
 ParOldGen       total 135168K, used 125564K [0x0000000700000000, 0x0000000708400000, 0x00000007bc400000)
  object space 135168K, 92% used [0x0000000700000000,0x0000000707a9f180,0x0000000708400000)
 Metaspace       used 60462K, capacity 60861K, committed 61440K, reserved 1101824K
  class space    used 8325K, capacity 8405K, committed 8448K, reserved 1048576K
}

Deoptimization events (10 events):
Event: 13384.175 Thread 0x0000000022dae800 Uncommon trap: reason=bimorphic action=maybe_recompile pc=0x00000000136f293c method=java.awt.Container.getAlignmentY()F @ 27
Event: 13384.175 Thread 0x0000000022dae800 Uncommon trap: reason=bimorphic action=maybe_recompile pc=0x0000000012bf72ac method=java.awt.Container.getAlignmentY()F @ 27
Event: 13384.687 Thread 0x0000000022dae800 Uncommon trap: reason=bimorphic action=maybe_recompile pc=0x0000000013b27cbc method=javax.swing.text.html.HTMLEditorKit.getInputAttributes()Ljavax/swing/text/MutableAttributeSet; @ 9
Event: 13384.690 Thread 0x0000000022dae800 Uncommon trap: reason=class_check action=maybe_recompile pc=0x00000000146e5f78 method=java.awt.Component.addNotify()V @ 397
Event: 13384.691 Thread 0x0000000022dae800 Uncommon trap: reason=class_check action=maybe_recompile pc=0x00000000146e5f78 method=java.awt.Component.addNotify()V @ 397
Event: 13385.363 Thread 0x0000000022dae800 Uncommon trap: reason=class_check action=maybe_recompile pc=0x0000000013885428 method=javax.swing.JLabel.setIcon(Ljavax/swing/Icon;)V @ 111
Event: 13385.401 Thread 0x0000000022dae800 Uncommon trap: reason=bimorphic action=maybe_recompile pc=0x0000000014c489a4 method=ui.data.coregen.a.an.f(Ljava/awt/Component;Ljava/lang/String;)Ljava/lang/String; @ 127
Event: 13385.403 Thread 0x0000000022dae800 Uncommon trap: reason=bimorphic action=maybe_recompile pc=0x0000000014c489a4 method=ui.data.coregen.a.an.f(Ljava/awt/Component;Ljava/lang/String;)Ljava/lang/String; @ 127
Event: 13386.824 Thread 0x0000000022dae800 Uncommon trap: reason=speculate_class_check action=maybe_recompile pc=0x0000000015e70998 method=java.awt.Component.dispatchEvent(Ljava/awt/AWTEvent;)V @ 2
Event: 13386.824 Thread 0x0000000022dae800 Uncommon trap: reason=speculate_class_check action=maybe_recompile pc=0x0000000015e70998 method=java.awt.Component.dispatchEvent(Ljava/awt/AWTEvent;)V @ 2

Internal exceptions (10 events):
Event: 13981.556 Thread 0x0000000022dae800 Exception <a 'de/concept/nlview/NlviewException'> (0x00000007bc5550f8) thrown at [D:\re\workspace\8-2-build-windows-amd64-cygwin\jdk8u25\1677\hotspot\src\share\vm\prims\jni.cpp, line 716]
Event: 13981.556 Thread 0x0000000022dae800 Exception <a 'de/concept/nlview/NlviewException'> (0x00000007bc5562d8) thrown at [D:\re\workspace\8-2-build-windows-amd64-cygwin\jdk8u25\1677\hotspot\src\share\vm\prims\jni.cpp, line 716]
Event: 13981.556 Thread 0x0000000022dae800 Exception <a 'de/concept/nlview/NlviewException'> (0x00000007bc557490) thrown at [D:\re\workspace\8-2-build-windows-amd64-cygwin\jdk8u25\1677\hotspot\src\share\vm\prims\jni.cpp, line 716]
Event: 13981.556 Thread 0x0000000022dae800 Exception <a 'de/concept/nlview/NlviewException'> (0x00000007bc558648) thrown at [D:\re\workspace\8-2-build-windows-amd64-cygwin\jdk8u25\1677\hotspot\src\share\vm\prims\jni.cpp, line 716]
Event: 13981.556 Thread 0x0000000022dae800 Exception <a 'de/concept/nlview/NlviewException'> (0x00000007bc559810) thrown at [D:\re\workspace\8-2-build-windows-amd64-cygwin\jdk8u25\1677\hotspot\src\share\vm\prims\jni.cpp, line 716]
Event: 13981.556 Thread 0x0000000022dae800 Exception <a 'de/concept/nlview/NlviewException'> (0x00000007bc55ad28) thrown at [D:\re\workspace\8-2-build-windows-amd64-cygwin\jdk8u25\1677\hotspot\src\share\vm\prims\jni.cpp, line 716]
Event: 13981.557 Thread 0x0000000022dae800 Exception <a 'de/concept/nlview/NlviewException'> (0x00000007bc565ab8) thrown at [D:\re\workspace\8-2-build-windows-amd64-cygwin\jdk8u25\1677\hotspot\src\share\vm\prims\jni.cpp, line 716]
Event: 13981.557 Thread 0x0000000022dae800 Exception <a 'de/concept/nlview/NlviewException'> (0x00000007bc566440) thrown at [D:\re\workspace\8-2-build-windows-amd64-cygwin\jdk8u25\1677\hotspot\src\share\vm\prims\jni.cpp, line 716]
Event: 13981.557 Thread 0x0000000022dae800 Exception <a 'de/concept/nlview/NlviewException'> (0x00000007bc566ee8) thrown at [D:\re\workspace\8-2-build-windows-amd64-cygwin\jdk8u25\1677\hotspot\src\share\vm\prims\jni.cpp, line 716]
Event: 13981.557 Thread 0x0000000022dae800 Exception <a 'de/concept/nlview/NlviewException'> (0x00000007bc5678d8) thrown at [D:\re\workspace\8-2-build-windows-amd64-cygwin\jdk8u25\1677\hotspot\src\share\vm\prims\jni.cpp, line 716]

Events (10 events):
Event: 13981.531 Executing VM operation: ParallelGCFailedAllocation
Event: 13981.539 Executing VM operation: ParallelGCFailedAllocation done
Event: 13981.668 Thread 0x000000000a1d9000 flushing nmethod 0x0000000013830b90
Event: 13981.677 Thread 0x000000000a1d9000 flushing nmethod 0x0000000013b27910
Event: 13981.678 Thread 0x000000000a1d9000 flushing nmethod 0x0000000013c121d0
Event: 13981.700 Executing VM operation: BulkRevokeBias
Event: 13981.700 Executing VM operation: BulkRevokeBias done
Event: 13981.744 Thread 0x000000000a1db800 flushing nmethod 0x000000001406c990
Event: 13981.817 Thread 0x0000000037db3000 Thread added: 0x0000000037db3000
Event: 13981.819 Thread 0x0000000037dbe800 Thread added: 0x0000000037dbe800


Dynamic libraries:
0x000000013ff00000 - 0x000000013ff3d000 	C:\Xilinx\Vivado\2015.2\bin\unwrapped\win64.o\vivado.exe
0x0000000076d30000 - 0x0000000076ed9000 	C:\Windows\SYSTEM32\ntdll.dll
0x0000000076b10000 - 0x0000000076c2f000 	C:\Windows\system32\kernel32.dll
0x000007fefcdd0000 - 0x000007fefce3c000 	C:\Windows\system32\KERNELBASE.dll
0x000000000a900000 - 0x000000000a98d000 	C:\Xilinx\Vivado\2015.2\lib\win64.o\SHSMP64.dll
0x0000000076c30000 - 0x0000000076d2a000 	C:\Windows\system32\USER32.dll
0x000007fefd0b0000 - 0x000007fefd117000 	C:\Windows\system32\GDI32.dll
0x000007fefd390000 - 0x000007fefd39e000 	C:\Windows\system32\LPK.dll
0x000007fefe830000 - 0x000007fefe8f9000 	C:\Windows\system32\USP10.dll
0x000007fefea10000 - 0x000007fefeaaf000 	C:\Windows\system32\msvcrt.dll
0x000007fefeab0000 - 0x000007fefeb8b000 	C:\Windows\system32\ADVAPI32.dll
0x000007fefe290000 - 0x000007fefe2af000 	C:\Windows\SYSTEM32\sechost.dll
0x000007fefd200000 - 0x000007fefd32d000 	C:\Windows\system32\RPCRT4.dll
0x000007fefb870000 - 0x000007fefb87c000 	C:\Windows\system32\VERSION.dll
0x000007fef9c70000 - 0x000007fef9c83000 	C:\Xilinx\Vivado\2015.2\lib\win64.o\libboost_signals.dll
0x000007fef0880000 - 0x000007fef0927000 	C:\Windows\system32\MSVCP110.dll
0x000007fef06e0000 - 0x000007fef07b4000 	C:\Windows\system32\MSVCR110.dll
0x000007fef9320000 - 0x000007fef9c63000 	C:\Xilinx\Vivado\2015.2\lib\win64.o\librdi_common.dll
0x000007fedc7a0000 - 0x000007fedca48000 	C:\Xilinx\Vivado\2015.2\lib\win64.o\libCOIN-all.dll
0x000007fedc580000 - 0x000007fedc7a0000 	C:\Xilinx\Vivado\2015.2\lib\win64.o\libXil_lmgr11.dll
0x000007fefa660000 - 0x000007fefa676000 	C:\Windows\system32\NETAPI32.dll
0x000007fefa650000 - 0x000007fefa65c000 	C:\Windows\system32\netutils.dll
0x000007fefc560000 - 0x000007fefc583000 	C:\Windows\system32\srvcli.dll
0x000007fefa630000 - 0x000007fefa645000 	C:\Windows\system32\wkscli.dll
0x000007fefeb90000 - 0x000007fefec27000 	C:\Windows\system32\COMDLG32.dll
0x000007fefe1e0000 - 0x000007fefe251000 	C:\Windows\system32\SHLWAPI.dll
0x000007fef8350000 - 0x000007fef83f0000 	C:\Windows\WinSxS\amd64_microsoft.windows.common-controls_6595b64144ccf1df_5.82.7601.18837_none_a4d981ff711297b6\COMCTL32.dll
0x000007fefd3b0000 - 0x000007fefe139000 	C:\Windows\system32\SHELL32.dll
0x000007fef6d80000 - 0x000007fef6d89000 	C:\Windows\system32\WSOCK32.dll
0x000007fefe2b0000 - 0x000007fefe2fd000 	C:\Windows\system32\WS2_32.dll
0x000007fefd3a0000 - 0x000007fefd3a8000 	C:\Windows\system32\NSI.dll
0x000007fefd120000 - 0x000007fefd1f7000 	C:\Windows\system32\OLEAUT32.dll
0x000007fefcea0000 - 0x000007fefd0a3000 	C:\Windows\system32\ole32.dll
0x000007fefcca0000 - 0x000007fefccdb000 	C:\Windows\system32\WINTRUST.dll
0x000007fefcb10000 - 0x000007fefcc7d000 	C:\Windows\system32\CRYPT32.dll
0x000007fefcae0000 - 0x000007fefcaef000 	C:\Windows\system32\MSASN1.dll
0x000007fef9310000 - 0x000007fef9320000 	C:\Xilinx\Vivado\2015.2\lib\win64.o\libboost_date_time.dll
0x000007fef92e0000 - 0x000007fef9302000 	C:\Xilinx\Vivado\2015.2\lib\win64.o\libboost_filesystem.dll
0x000007fef92d0000 - 0x000007fef92d9000 	C:\Xilinx\Vivado\2015.2\lib\win64.o\libboost_system.dll
0x000007fef9250000 - 0x000007fef92c4000 	C:\Xilinx\Vivado\2015.2\lib\win64.o\libboost_program_options.dll
0x000007fef9150000 - 0x000007fef924a000 	C:\Xilinx\Vivado\2015.2\lib\win64.o\libboost_regex.dll
0x000007fef9130000 - 0x000007fef914d000 	C:\Xilinx\Vivado\2015.2\lib\win64.o\libboost_thread.dll
0x000007fef9120000 - 0x000007fef912b000 	C:\Xilinx\Vivado\2015.2\lib\win64.o\libboost_chrono.dll
0x000007fee2040000 - 0x000007fee20c0000 	C:\Xilinx\Vivado\2015.2\lib\win64.o\libhdlpsolve.dll
0x000007fee1fa0000 - 0x000007fee203a000 	C:\Xilinx\Vivado\2015.2\lib\win64.o\libhdxml.dll
0x000007fed8240000 - 0x000007fed884a200 	C:\Xilinx\Vivado\2015.2\lib\win64.o\libisl_iostreams.dll
0x000007fee8b90000 - 0x000007fee8ba6000 	C:\Xilinx\Vivado\2015.2\lib\win64.o\libboost_iostreams.dll
0x000007fee1f70000 - 0x000007fee1f93000 	C:\Xilinx\Vivado\2015.2\lib\win64.o\librdizlib.dll
0x000007fee1f00000 - 0x000007fee1f23000 	C:\Xilinx\Vivado\2015.2\lib\win64.o\libisl_iosutils.dll
0x000007fee1ed0000 - 0x000007fee1efa000 	C:\Xilinx\Vivado\2015.2\lib\win64.o\libisl_sysinfo.dll
0x000000005cce0000 - 0x000000005d53a000 	C:\Xilinx\Vivado\2015.2\tps\win64\jre\bin\server\jvm.dll
0x000007fefa760000 - 0x000007fefa79b000 	C:\Windows\system32\WINMM.dll
0x0000000076f00000 - 0x0000000076f07000 	C:\Windows\system32\PSAPI.DLL
0x0000000074730000 - 0x0000000074802000 	C:\Windows\system32\MSVCR100.dll
0x000007fee1f50000 - 0x000007fee1f65000 	C:\Xilinx\Vivado\2015.2\lib\win64.o\pthreadVC2.dll
0x000007fee1e70000 - 0x000007fee1ec4000 	C:\Xilinx\Vivado\2015.2\lib\win64.o\librdi_commonxillic.dll
0x000007fee1d40000 - 0x000007fee1e70000 	C:\Xilinx\Vivado\2015.2\lib\win64.o\librdi_curl.dll
0x000007fee1d20000 - 0x000007fee1d38000 	C:\Xilinx\Vivado\2015.2\lib\win64.o\librdiconfig.dll
0x000000006c240000 - 0x000000006c367000 	C:\Xilinx\Vivado\2015.2\lib\win64.o\tcl85t.dll
0x0000000012000000 - 0x0000000012263000 	C:\Xilinx\Vivado\2015.2\lib\win64.o\xerces-c_3_1.dll
0x000007fefe300000 - 0x000007fefe55a000 	C:\Windows\system32\WININET.dll
0x000007fefce90000 - 0x000007fefce94000 	C:\Windows\system32\api-ms-win-downlevel-user32-l1-1-0.dll
0x000007fefcce0000 - 0x000007fefcce4000 	C:\Windows\system32\api-ms-win-downlevel-shlwapi-l1-1-0.dll
0x000007fefce60000 - 0x000007fefce64000 	C:\Windows\system32\api-ms-win-downlevel-version-l1-1-0.dll
0x000007fefcb00000 - 0x000007fefcb03000 	C:\Windows\system32\api-ms-win-downlevel-normaliz-l1-1-0.dll
0x0000000076ef0000 - 0x0000000076ef3000 	C:\Windows\system32\normaliz.DLL
0x000007fefe560000 - 0x000007fefe827000 	C:\Windows\system32\iertutil.dll
0x000007fefcc90000 - 0x000007fefcc95000 	C:\Windows\system32\api-ms-win-downlevel-advapi32-l1-1-0.dll
0x000007fefce40000 - 0x000007fefce5e000 	C:\Windows\system32\USERENV.dll
0x000007fefcaf0000 - 0x000007fefcaff000 	C:\Windows\system32\profapi.dll
0x000007fefa030000 - 0x000007fefa0a1000 	C:\Windows\system32\WINHTTP.dll
0x000007fef9fc0000 - 0x000007fefa024000 	C:\Windows\system32\webio.dll
0x000007fefec30000 - 0x000007fefedb5000 	C:\Windows\system32\urlmon.dll
0x000007fefcc80000 - 0x000007fefcc84000 	C:\Windows\system32\api-ms-win-downlevel-ole32-l1-1-0.dll
0x000007fee1ba0000 - 0x000007fee1bc3000 	C:\Windows\system32\VCOMP110.DLL
0x000007fee1b80000 - 0x000007fee1b91000 	C:\Xilinx\Vivado\2015.2\lib\win64.o\librdi_commonmain.dll
0x000007fef9110000 - 0x000007fef9119000 	C:\Xilinx\Vivado\2015.2\lib\win64.o\librdi_commonversion.dll
0x000007fefe260000 - 0x000007fefe28e000 	C:\Windows\system32\IMM32.DLL
0x000007fefe900000 - 0x000007fefea09000 	C:\Windows\system32\MSCTF.dll
0x000007fed7e30000 - 0x000007fed823a000 	C:\Xilinx\Vivado\2015.2\lib\win64.o\librdi_commontasks.dll
0x000007fefc8b0000 - 0x000007fefc8d5000 	C:\Windows\system32\SspiCli.dll
0x000007fef8410000 - 0x000007fef8437000 	C:\Windows\system32\iphlpapi.dll
0x000007fef8400000 - 0x000007fef840b000 	C:\Windows\system32\WINNSI.DLL
0x000007fefc100000 - 0x000007fefc15b000 	C:\Windows\system32\DNSAPI.dll
0x000007fef8890000 - 0x000007fef88a1000 	C:\Windows\system32\dhcpcsvc6.DLL
0x000007fef87c0000 - 0x000007fef87d8000 	C:\Windows\system32\dhcpcsvc.DLL
0x0000000066280000 - 0x0000000066283000 	C:\Windows\system32\icmp.Dll
0x000007fef8d20000 - 0x000007fef8d35000 	C:\Windows\system32\NLAapi.dll
0x000007fef65d0000 - 0x000007fef65e5000 	C:\Windows\system32\napinsp.dll
0x000007fef65b0000 - 0x000007fef65c9000 	C:\Windows\system32\pnrpnsp.dll
0x000000006f410000 - 0x000000006f43e000 	C:\Program Files\Common Files\Microsoft Shared\Windows Live\WLIDNSP.DLL
0x000007fefc280000 - 0x000007fefc2d5000 	C:\Windows\System32\mswsock.dll
0x000007fef36b0000 - 0x000007fef36bb000 	C:\Windows\System32\winrnr.dll
0x000007fef36a0000 - 0x000007fef36b0000 	C:\Windows\system32\wshbth.dll
0x000007fefb1f0000 - 0x000007fefb246000 	C:\Windows\system32\uxtheme.dll
0x000007fef8830000 - 0x000007fef8883000 	C:\Windows\System32\fwpuclnt.dll
0x000007fef6f00000 - 0x000007fef6f08000 	C:\Windows\system32\rasadhlp.dll
0x000007fefb940000 - 0x000007fefb947000 	C:\Windows\System32\wshtcpip.dll
0x000007fed72f0000 - 0x000007fed788b000 	C:\Xilinx\Vivado\2015.2\lib\win64.o\librdi_coretasks.dll
0x000007fedffe0000 - 0x000007fee011a000 	C:\Xilinx\Vivado\2015.2\lib\win64.o\librdi_board.dll
0x000007fedc1e0000 - 0x000007fedc39e000 	C:\Xilinx\Vivado\2015.2\lib\win64.o\librdi_chipscope.dll
0x000007fedff70000 - 0x000007fedffd3000 	C:\Xilinx\Vivado\2015.2\lib\win64.o\liblmx6.0.dll
0x000007fed61e0000 - 0x000007fed72eb000 	C:\Xilinx\Vivado\2015.2\lib\win64.o\librdi_constraints.dll
0x000007fedd860000 - 0x000007fedd8bd000 	C:\Xilinx\Vivado\2015.2\lib\win64.o\librdi_boarddep.dll
0x000007fecf6e0000 - 0x000007fed61df000 	C:\Xilinx\Vivado\2015.2\lib\win64.o\librdi_device.dll
0x000007fedd810000 - 0x000007fedd857000 	C:\Xilinx\Vivado\2015.2\lib\win64.o\libboost_serialization.dll
0x000007feceed0000 - 0x000007fecf6dd000 	C:\Xilinx\Vivado\2015.2\lib\win64.o\libverific.dll
0x000007fed94d0000 - 0x000007fed97fd000 	C:\Xilinx\Vivado\2015.2\lib\win64.o\librdi_filemgmt.dll
0x000007fed7a00000 - 0x000007fed7e22000 	C:\Xilinx\Vivado\2015.2\lib\win64.o\librdi_netlist.dll
0x000007fecea40000 - 0x000007feceed0000 	C:\Xilinx\Vivado\2015.2\lib\win64.o\librdi_psta.dll
0x000007fecd250000 - 0x000007fecea40000 	C:\Xilinx\Vivado\2015.2\lib\win64.o\librdi_coregen.dll
0x000007feccb90000 - 0x000007fecd249000 	C:\Xilinx\Vivado\2015.2\lib\win64.o\librdi_coregenipxact.dll
0x000007fec9500000 - 0x000007feccb85000 	C:\Xilinx\Vivado\2015.2\lib\win64.o\librdi_designutils.dll
0x000007fec92d0000 - 0x000007fec94f3000 	C:\Xilinx\Vivado\2015.2\lib\win64.o\librdi_bitstream.dll
0x000007fec8d90000 - 0x000007fec92d0000 	C:\Xilinx\Vivado\2015.2\lib\win64.o\librdi_xdm.dll
0x000007fec88f0000 - 0x000007fec8d83000 	C:\Xilinx\Vivado\2015.2\lib\win64.o\librdi_drc.dll
0x000007fec8010000 - 0x000007fec88eb000 	C:\Xilinx\Vivado\2015.2\lib\win64.o\librdi_mig.dll
0x000007fec7700000 - 0x000007fec800e000 	C:\Xilinx\Vivado\2015.2\lib\win64.o\librdi_timing.dll
0x000007fec74f0000 - 0x000007fec76fa000 	C:\Xilinx\Vivado\2015.2\lib\win64.o\librdi_dlyest.dll
0x000007fedc4e0000 - 0x000007fedc577000 	C:\Xilinx\Vivado\2015.2\lib\win64.o\libise.dll
0x000007fec5ec0000 - 0x000007fec74e4000 	C:\Xilinx\Vivado\2015.2\lib\win64.o\librdi_place.dll
0x000007fec5900000 - 0x000007fec5ebc000 	C:\Xilinx\Vivado\2015.2\lib\win64.o\librdi_abc_nomp.dll
0x000007fee0840000 - 0x000007fee0859000 	C:\Xilinx\Vivado\2015.2\lib\win64.o\librdi_hmetis.dll
0x000007fec5410000 - 0x000007fec58f1000 	C:\Xilinx\Vivado\2015.2\lib\win64.o\librdi_power.dll
0x000007fec4ab0000 - 0x000007fec5409000 	C:\Xilinx\Vivado\2015.2\lib\win64.o\librdi_route.dll
0x000007fec46b0000 - 0x000007fec4aab000 	C:\Xilinx\Vivado\2015.2\lib\win64.o\librdi_project.dll
0x000007fec4120000 - 0x000007fec46a5000 	C:\Xilinx\Vivado\2015.2\lib\win64.o\librdi_labtools.dll
0x000007fedff40000 - 0x000007fedff68000 	C:\Xilinx\Vivado\2015.2\lib\win64.o\librdi_commoncwebtalk.dll

VM Arguments:
jvm_args: -Dsun.java2d.pmoffscreen=false -Dsun.java2d.d3d=false -Dsun.awt.nopixfmt=true -Xverify:none -Dswing.aatext=true -XX:-UsePerfData -Djdk.map.althashing.threshold=512 -XX:StringTableSize=4072 -Djava.util.Arrays.useLegacyMergeSort=true -XX:NewSize=60m -XX:MaxNewSize=60m -Xms128m -Xmx3072m -Xss5m 
java_command: <unknown>
java_class_path (initial): C:/Xilinx/Vivado/2015.2\lib\classes\alloy.jar;C:/Xilinx/Vivado/2015.2\lib\classes\antlr-2.7.7.jar;C:/Xilinx/Vivado/2015.2\lib\classes\batik-anim.jar;C:/Xilinx/Vivado/2015.2\lib\classes\batik-awt-util.jar;C:/Xilinx/Vivado/2015.2\lib\classes\batik-bridge.jar;C:/Xilinx/Vivado/2015.2\lib\classes\batik-codec.jar;C:/Xilinx/Vivado/2015.2\lib\classes\batik-css.jar;C:/Xilinx/Vivado/2015.2\lib\classes\batik-dom.jar;C:/Xilinx/Vivado/2015.2\lib\classes\batik-ext.jar;C:/Xilinx/Vivado/2015.2\lib\classes\batik-gui-util.jar;C:/Xilinx/Vivado/2015.2\lib\classes\batik-gvt.jar;C:/Xilinx/Vivado/2015.2\lib\classes\batik-parser.jar;C:/Xilinx/Vivado/2015.2\lib\classes\batik-script.jar;C:/Xilinx/Vivado/2015.2\lib\classes\batik-svg-dom.jar;C:/Xilinx/Vivado/2015.2\lib\classes\batik-swing.jar;C:/Xilinx/Vivado/2015.2\lib\classes\batik-transcoder.jar;C:/Xilinx/Vivado/2015.2\lib\classes\batik-util.jar;C:/Xilinx/Vivado/2015.2\lib\classes\batik-xml.jar;C:/Xilinx/Vivado/2015.2\lib\classes\commons-logging.jar;C:/Xilinx/Vivado/2015.2\lib\classes\commons-math-2.2.jar;C:/Xilinx/Vivado/2015.2\lib\classes\dom4j-1.6.1.jar;C:/Xilinx/Vivado/2015.2\lib\classes\forms.jar;C:/Xilinx/Vivado/2015.2\lib\classes\guava-15.0.jar;C:/Xilinx/Vivado/2015.2\lib\classes\hsqldb.jar;C:/Xilinx/Vivado/2015.2\lib\classes\jdom.jar;C:/Xilinx/Vivado/2015.2\lib\classes\jide-action.jar;C:/Xilinx/Vivado/2015.2\lib\classes\jide-charts.jar;C:/Xilinx/Vivado/2015.2\lib\classes\jide-common.jar;C:/Xilinx/Vivado/2015.2\lib\classes\jide-components.jar;C:/Xilinx/Vivado/2015.2\lib\classes\jide-dashboard.jar;C:/Xilinx/Vivado/2015.2\lib\classes\jide-data.jar;C:/Xilinx/Vivado/2015.2\lib\classes\jide-dialogs.jar;C:/Xilinx/Vivado/2015.2\lib\classes\jide-diff.jar;C:/Xilinx/Vivado/2015.2\lib\classes\jide-dock.jar;C:/Xilinx/Vivado/2015.2\lib\classes\jide-editor.jar;C:/Xilinx/Vivado/2015.2\lib\classes\jide-gantt.jar;C:/Xilinx/Vivado/2015.2\lib\classes\jide-grids.jar;C:/Xilinx/Vivado/2015.2\lib\classes\jide-pivot.jar;C:/Xilin
Launcher Type: generic

Environment Variables:
JAVA_HOME=C:\Program Files\Java\jdk1.6.0_20\jre
USERNAME=p700033
OS=Windows_NT
PROCESSOR_IDENTIFIER=Intel64 Family 6 Model 58 Stepping 9, GenuineIntel



---------------  S Y S T E M  ---------------

OS: Windows 7 , 64 bit Build 7601 Service Pack 1

CPU:total 4 (2 cores per cpu, 2 threads per core) family 6 model 58 stepping 9, cmov, cx8, fxsr, mmx, sse, sse2, sse3, ssse3, sse4.1, sse4.2, popcnt, avx, aes, clmul, erms, ht, tsc, tscinvbit, tscinv

Memory: 4k page, physical 8105068k(3245844k free), swap 12297532k(6940136k free)

vm_info: Java HotSpot(TM) 64-Bit Server VM (25.25-b02) for windows-amd64 JRE (1.8.0_25-b18), built on Oct  7 2014 14:25:37 by "java_re" with MS VC++ 10.0 (VS2010)

time: Mon Aug 17 15:54:51 2015
elapsed time: 13982 seconds (0d 3h 53m 2s)

