#-----------------------------------------------------------
# Webtalk v2015.2 (64-bit)
# SW Build 1266856 on Fri Jun 26 16:35:25 MDT 2015
# 
# Start of session at: Tue Sep 01 12:37:24 2015
# Process ID: 5444
# Log file: C:/Users/mazola/Desktop/Projet3/tutoriel.sdk/webtalk/webtalk.log
# Journal file: C:/Users/mazola/Desktop/Projet3/tutoriel.sdk/webtalk\webtalk.jou
#-----------------------------------------------------------
source sdk_webtalk.tcl
# webtalk_init -webtalk_dir C:\\Users\\mazola\\Desktop\\Projet3\\tutoriel.sdk\\webtalk
# webtalk_register_client -client project
# webtalk_add_data -client project -key date_generated -value "mar. sept. 1 12:37:23 2015" -context "software_version_and_target_device"
# webtalk_add_data -client project -key product_version -value "SDK v2015.2" -context "software_version_and_target_device"
# webtalk_add_data -client project -key build_version -value "2015.2" -context "software_version_and_target_device"
# webtalk_add_data -client project -key os_platform -value "amd64" -context "software_version_and_target_device"
# webtalk_add_data -client project -key registration_id -value "" -context "software_version_and_target_device"
# webtalk_add_data -client project -key tool_flow -value "SDK" -context "software_version_and_target_device"
# webtalk_add_data -client project -key beta -value "false" -context "software_version_and_target_device"
# webtalk_add_data -client project -key route_design -value "NA" -context "software_version_and_target_device"
# webtalk_add_data -client project -key target_family -value "NA" -context "software_version_and_target_device"
# webtalk_add_data -client project -key target_device -value "NA" -context "software_version_and_target_device"
# webtalk_add_data -client project -key target_package -value "NA" -context "software_version_and_target_device"
# webtalk_add_data -client project -key target_speed -value "NA" -context "software_version_and_target_device"
# webtalk_add_data -client project -key random_id -value "2vgl6cteupmqd4rbr2nadpc0b0" -context "software_version_and_target_device"
# webtalk_add_data -client project -key project_id -value "2015.2_1" -context "software_version_and_target_device"
# webtalk_add_data -client project -key project_iteration -value "1" -context "software_version_and_target_device"
# webtalk_add_data -client project -key os_name -value "" -context "user_environment"
# webtalk_add_data -client project -key os_release -value "" -context "user_environment"
# webtalk_add_data -client project -key cpu_name -value "" -context "user_environment"
# webtalk_add_data -client project -key cpu_speed -value "" -context "user_environment"
# webtalk_add_data -client project -key total_processors -value "" -context "user_environment"
# webtalk_add_data -client project -key system_ram -value "" -context "user_environment"
# webtalk_register_client -client sdk
# webtalk_add_data -client sdk -key uid -value "1441125429000" -context "sdk\\\\hardware/1441125429000"
# webtalk_add_data -client sdk -key isZynq -value "true" -context "sdk\\\\hardware/1441125429000"
# webtalk_add_data -client sdk -key Processors -value "1" -context "sdk\\\\hardware/1441125429000"
# webtalk_add_data -client sdk -key VivadoVersion -value "2015.2" -context "sdk\\\\hardware/1441125429000"
# webtalk_add_data -client sdk -key Arch -value "zynq" -context "sdk\\\\hardware/1441125429000"
# webtalk_add_data -client sdk -key Device -value "7z020" -context "sdk\\\\hardware/1441125429000"
# webtalk_add_data -client sdk -key IsHandoff -value "true" -context "sdk\\\\hardware/1441125429000"
# webtalk_transmit -clientid 2889982282 -regid "" -xml C:\\Users\\mazola\\Desktop\\Projet3\\tutoriel.sdk\\webtalk\\usage_statistics_ext_sdk.xml -html C:\\Users\\mazola\\Desktop\\Projet3\\tutoriel.sdk\\webtalk\\usage_statistics_ext_sdk.html -wdm C:\\Users\\mazola\\Desktop\\Projet3\\tutoriel.sdk\\webtalk\\sdk_webtalk.wdm -intro "<H3>SDK Usage Report</H3><BR>"
INFO: [Common 17-186] 'C:\Users\mazola\Desktop\Projet3\tutoriel.sdk\webtalk\usage_statistics_ext_sdk.xml' has been successfully sent to Xilinx on Tue Sep 01 12:37:59 2015. For additional details about this file, please refer to the WebTalk help file at C:/Logiciels/Xilinx/SDK/2015.2/doc/webtalk_introduction.html.
webtalk_transmit: Time (s): cpu = 00:00:00 ; elapsed = 00:00:05 . Memory (MB): peak = 53.906 ; gain = 0.004
# webtalk_terminate
INFO: [Common 17-206] Exiting Webtalk at Tue Sep 01 12:37:59 2015...
