#-----------------------------------------------------------
# Webtalk v2015.2 (64-bit)
# SW Build 1266856 on Fri Jun 26 16:35:25 MDT 2015
# 
# Start of session at: Sun Sep 06 18:07:57 2015
# Process ID: 6960
# Log file: C:/Users/mazola/Desktop/Projet3/tp1.sdk/webtalk/webtalk.log
# Journal file: C:/Users/mazola/Desktop/Projet3/tp1.sdk/webtalk\webtalk.jou
#-----------------------------------------------------------
source sdk_webtalk.tcl
# webtalk_init -webtalk_dir C:\\Users\\mazola\\Desktop\\Projet3\\tp1.sdk\\webtalk
# webtalk_register_client -client project
# webtalk_add_data -client project -key date_generated -value "dim. sept. 6 18:07:56 2015" -context "software_version_and_target_device"
# webtalk_add_data -client project -key product_version -value "SDK v2015.2" -context "software_version_and_target_device"
# webtalk_add_data -client project -key build_version -value "2015.2" -context "software_version_and_target_device"
# webtalk_add_data -client project -key os_platform -value "amd64" -context "software_version_and_target_device"
# webtalk_add_data -client project -key registration_id -value "" -context "software_version_and_target_device"
# webtalk_add_data -client project -key tool_flow -value "SDK" -context "software_version_and_target_device"
# webtalk_add_data -client project -key beta -value "false" -context "software_version_and_target_device"
# webtalk_add_data -client project -key route_design -value "NA" -context "software_version_and_target_device"
# webtalk_add_data -client project -key target_family -value "NA" -context "software_version_and_target_device"
# webtalk_add_data -client project -key target_device -value "NA" -context "software_version_and_target_device"
# webtalk_add_data -client project -key target_package -value "NA" -context "software_version_and_target_device"
# webtalk_add_data -client project -key target_speed -value "NA" -context "software_version_and_target_device"
# webtalk_add_data -client project -key random_id -value "ml0vb124hplhb84ql6e93r6amd" -context "software_version_and_target_device"
# webtalk_add_data -client project -key project_id -value "2015.2_3" -context "software_version_and_target_device"
# webtalk_add_data -client project -key project_iteration -value "3" -context "software_version_and_target_device"
# webtalk_add_data -client project -key os_name -value "" -context "user_environment"
# webtalk_add_data -client project -key os_release -value "" -context "user_environment"
# webtalk_add_data -client project -key cpu_name -value "" -context "user_environment"
# webtalk_add_data -client project -key cpu_speed -value "" -context "user_environment"
# webtalk_add_data -client project -key total_processors -value "" -context "user_environment"
# webtalk_add_data -client project -key system_ram -value "" -context "user_environment"
# webtalk_register_client -client sdk
# webtalk_add_data -client sdk -key uid -value "1441554970318" -context "sdk\\\\hardware/1441554970318"
# webtalk_add_data -client sdk -key isZynq -value "true" -context "sdk\\\\hardware/1441554970318"
# webtalk_add_data -client sdk -key Processors -value "2" -context "sdk\\\\hardware/1441554970318"
# webtalk_add_data -client sdk -key VivadoVersion -value "2015.2" -context "sdk\\\\hardware/1441554970318"
# webtalk_add_data -client sdk -key Arch -value "zynq" -context "sdk\\\\hardware/1441554970318"
# webtalk_add_data -client sdk -key Device -value "7z020" -context "sdk\\\\hardware/1441554970318"
# webtalk_add_data -client sdk -key IsHandoff -value "true" -context "sdk\\\\hardware/1441554970318"
# webtalk_add_data -client sdk -key uid -value "1441555552789" -context "sdk\\\\bsp/1441555552789"
# webtalk_add_data -client sdk -key hwid -value "1441554970318" -context "sdk\\\\bsp/1441555552789"
# webtalk_add_data -client sdk -key os -value "standalone" -context "sdk\\\\bsp/1441555552789"
# webtalk_add_data -client sdk -key apptemplate -value "null" -context "sdk\\\\bsp/1441555552789"
# webtalk_add_data -client sdk -key uid -value "1441556449619" -context "sdk\\\\application/1441556449619"
# webtalk_add_data -client sdk -key hwid -value "1441554970318" -context "sdk\\\\application/1441556449619"
# webtalk_add_data -client sdk -key bspid -value "1441555552789" -context "sdk\\\\application/1441556449619"
# webtalk_add_data -client sdk -key newbsp -value "false" -context "sdk\\\\application/1441556449619"
# webtalk_add_data -client sdk -key os -value "standalone" -context "sdk\\\\application/1441556449619"
# webtalk_add_data -client sdk -key apptemplate -value "hello_world" -context "sdk\\\\application/1441556449619"
# webtalk_add_data -client sdk -key uid -value "1441558529733" -context "sdk\\\\application/1441558529733"
# webtalk_add_data -client sdk -key hwid -value "1441554970318" -context "sdk\\\\application/1441558529733"
# webtalk_add_data -client sdk -key bspid -value "1441555552789" -context "sdk\\\\application/1441558529733"
# webtalk_add_data -client sdk -key newbsp -value "false" -context "sdk\\\\application/1441558529733"
# webtalk_add_data -client sdk -key os -value "standalone" -context "sdk\\\\application/1441558529733"
# webtalk_add_data -client sdk -key apptemplate -value "empty_application" -context "sdk\\\\application/1441558529733"
# webtalk_transmit -clientid 866172379 -regid "" -xml C:\\Users\\mazola\\Desktop\\Projet3\\tp1.sdk\\webtalk\\usage_statistics_ext_sdk.xml -html C:\\Users\\mazola\\Desktop\\Projet3\\tp1.sdk\\webtalk\\usage_statistics_ext_sdk.html -wdm C:\\Users\\mazola\\Desktop\\Projet3\\tp1.sdk\\webtalk\\sdk_webtalk.wdm -intro "<H3>SDK Usage Report</H3><BR>"
webtalk_transmit: Time (s): cpu = 00:00:00 ; elapsed = 00:00:06 . Memory (MB): peak = 53.656 ; gain = 0.008

    while executing
"webtalk_transmit -clientid 866172379 -regid "" -xml C:\\Users\\mazola\\Desktop\\Projet3\\tp1.sdk\\webtalk\\usage_statistics_ext_sdk.xml -html C:\\User..."
    (file "sdk_webtalk.tcl" line 48)
INFO: [Common 17-206] Exiting Webtalk at Sun Sep 06 18:08:48 2015...
