#
# A fatal error has been detected by the Java Runtime Environment:
#
#  Internal Error (0xc000000d), pid=6464, tid=2988
#
# JRE version: Java(TM) SE Runtime Environment (8.0_25-b18) (build 1.8.0_25-b18)
# Java VM: Java HotSpot(TM) 64-Bit Server VM (25.25-b02 mixed mode windows-amd64 compressed oops)
# Problematic frame:
# C  [ntdll.dll+0x1021c0]
#
# Failed to write core dump. Minidumps are not enabled by default on client versions of Windows
#
# If you would like to submit a bug report, please visit:
#   http://bugreport.sun.com/bugreport/crash.jsp
#

---------------  T H R E A D  ---------------

Current thread (0x0000000013ab7800):  VMThread [stack: 0x00000000157b0000,0x00000000158b0000] [id=2988]

siginfo: ExceptionCode=0xc000000d

Registers:
RAX=0x00000000158af500, RBX=0xfffffffffffffffe, RCX=0x00000000159af830, RDX=0x0000000002257a2d
RSP=0x00000000158af3b0, RBP=0x00007ff88b727408, RSI=0x0000000000000000, RDI=0x00000000000000e4
R8 =0x000000005f75ca6b, R9 =0x000000001925b210, R10=0x000000001ae68088, R11=0x000000001ae68f88
R12=0x0000000000286e10, R13=0x0000000023eb6dd0, R14=0x0000000000286f18, R15=0x00000000158af528
RIP=0x00007ff8a94921c0, EFLAGS=0x0000000000000206

Top of Stack: (sp=0x00000000158af3b0)
0x00000000158af3b0:   0000000000000000 fffffffffffffffe
0x00000000158af3c0:   0000000000000000 00000000000000e4
0x00000000158af3d0:   00000000c000000d 0000000000000000
0x00000000158af3e0:   00007ff8a94921c0 0000000000000000
0x00000000158af3f0:   0000000000000000 0000000000000000
0x00000000158af400:   0000000000000000 0000000000000000
0x00000000158af410:   0000000000000000 0000000000000000
0x00000000158af420:   0000000000000000 0000000000000000
0x00000000158af430:   0000000000000000 0000000000000000
0x00000000158af440:   0000000000000000 0000000000000000
0x00000000158af450:   0000000000000000 0000000000000000
0x00000000158af460:   0000000000000000 0000000000000000
0x00000000158af470:   0000d90c15700bab 0000000000000000
0x00000000158af480:   0000000000000000 00007ff8a94347f9
0x00000000158af490:   0000000000000000 0000000000000000
0x00000000158af4a0:   0000000000000000 0000000000000000 

Instructions: (pc=0x00007ff8a94921c0)
0x00007ff8a94921a0:   2f f9 ff c7 44 24 20 0d 00 00 c0 b9 57 00 00 00
0x00007ff8a94921b0:   e8 2b f0 f4 ff 90 48 8d 4c 24 20 e8 70 17 f5 ff
0x00007ff8a94921c0:   eb 00 48 8b 8c 24 c0 00 00 00 48 33 cc e8 ce 03
0x00007ff8a94921d0:   f8 ff 48 81 c4 d8 00 00 00 c3 40 55 48 83 ec 20 


Register to memory mapping:

RAX=0x00000000158af500 is an unknown value
RBX=0xfffffffffffffffe is an unknown value
RCX=0x00000000159af830 is pointing into the stack for thread: 0x0000000013abb800
RDX=0x0000000002257a2d is at code_begin+2093 in an Interpreter codelet
invoke return entry points  [0x0000000002257200, 0x0000000002257b00]  2304 bytes
RSP=0x00000000158af3b0 is an unknown value
RBP=0x00007ff88b727408 is an unknown value
RSI=0x0000000000000000 is an unknown value
RDI=0x00000000000000e4 is an unknown value
R8 =0x000000005f75ca6b is an unknown value
R9 =0x000000001925b210 is an unknown value
R10=0x000000001ae68088 is an unknown value
R11=0x000000001ae68f88 is an unknown value
R12=0x0000000000286e10 is an unknown value
R13=0x0000000023eb6dd0 is an unknown value
R14=0x0000000000286f18 is an unknown value
R15=0x00000000158af528 is an unknown value


Stack: [0x00000000157b0000,0x00000000158b0000],  sp=0x00000000158af3b0,  free space=1020k
Native frames: (J=compiled Java code, j=interpreted, Vv=VM code, C=native code)
C  [ntdll.dll+0x1021c0]
C  [ntdll.dll+0xa47f9]
C  [KERNEL32.DLL+0x399a]
C  [MSVCR110.dll+0x752d]
C  [MSVCR110.dll+0x14cde]
C  [MSVCR110.dll+0x13edc]
C  [MSVCR110.dll+0x239e]
C  [MSVCR110.dll+0xaf9e]
C  [MSVCP110.dll+0x397b9]
C  [librdi_common.dll+0x135d02]
C  [librdi_common.dll+0x13447b]
C  [librdi_target_manager.dll+0x2400]
C  [librdi_target_manager.dll+0x2682]
C  [ntdll.dll+0x1c334]
C  [ntdll.dll+0x1b742]
C  [ntdll.dll+0x18448]
C  [KERNEL32.DLL+0x516a]
C  [MSVCR100.dll+0x20ccd]
V  [jvm.dll+0x1f9c55]
V  [jvm.dll+0x2325e7]
V  [jvm.dll+0x231826]
V  [jvm.dll+0x231cc1]
V  [jvm.dll+0x231ede]
V  [jvm.dll+0x2852fa]
C  [MSVCR100.dll+0x21d9f]
C  [MSVCR100.dll+0x21e3b]
C  [KERNEL32.DLL+0x13d2]
C  [ntdll.dll+0x15454]

VM_Operation (0x000000000013f500): Exit, mode: safepoint, requested by thread 0x0000000002153800


---------------  P R O C E S S  ---------------

Java Threads: ( => current thread )
  0x0000000019963000 JavaThread "pool-1-thread-1" [_thread_blocked, id=6316, stack(0x0000000025eb0000,0x0000000025fb0000)]
  0x000000001ab77000 JavaThread "Thread-21" daemon [_thread_blocked, id=2116, stack(0x0000000025a80000,0x0000000025b80000)]
  0x000000001ab7d000 JavaThread "TCF Locator DNS Lookup" daemon [_thread_blocked, id=5784, stack(0x0000000020f50000,0x0000000021050000)]
  0x000000001ab7c800 JavaThread "TCF Locator Timer" daemon [_thread_blocked, id=5352, stack(0x0000000020e50000,0x0000000020f50000)]
  0x000000001ab79800 JavaThread "TCF Locator Receiver" daemon [_thread_in_native, id=6236, stack(0x0000000020d50000,0x0000000020e50000)]
  0x000000001ab7a000 JavaThread "TCF Timer Dispatcher" daemon [_thread_blocked, id=5712, stack(0x0000000020990000,0x0000000020a90000)]
  0x0000000019e4c800 JavaThread "EMF Reference Cleaner" daemon [_thread_blocked, id=7068, stack(0x000000001b360000,0x000000001b460000)]
  0x0000000015b6c800 JavaThread "Service Thread" daemon [_thread_blocked, id=6540, stack(0x00000000164b0000,0x00000000165b0000)]
  0x0000000015af5800 JavaThread "C1 CompilerThread3" daemon [_thread_blocked, id=5832, stack(0x00000000163b0000,0x00000000164b0000)]
  0x0000000015aef000 JavaThread "C2 CompilerThread2" daemon [_thread_blocked, id=5812, stack(0x00000000162b0000,0x00000000163b0000)]
  0x0000000015ae1800 JavaThread "C2 CompilerThread1" daemon [_thread_blocked, id=5296, stack(0x00000000161b0000,0x00000000162b0000)]
  0x0000000015adf800 JavaThread "C2 CompilerThread0" daemon [_thread_blocked, id=6576, stack(0x00000000160b0000,0x00000000161b0000)]
  0x0000000015add000 JavaThread "Attach Listener" daemon [_thread_blocked, id=6620, stack(0x0000000015fb0000,0x00000000160b0000)]
  0x0000000015adc000 JavaThread "Signal Dispatcher" daemon [_thread_blocked, id=6984, stack(0x0000000015eb0000,0x0000000015fb0000)]
  0x0000000002247800 JavaThread "Finalizer" daemon [_thread_blocked, id=6432, stack(0x00000000159b0000,0x0000000015ab0000)]
  0x0000000013abb800 JavaThread "Reference Handler" daemon [_thread_blocked, id=7016, stack(0x00000000158b0000,0x00000000159b0000)]
  0x0000000002153800 JavaThread "main" [_thread_blocked, id=2188, stack(0x0000000000040000,0x0000000000140000)]

Other Threads:
=>0x0000000013ab7800 VMThread [stack: 0x00000000157b0000,0x00000000158b0000] [id=2988]

VM state:at safepoint (shutting down)

VM Mutex/Monitor currently owned by a thread:  ([mutex/lock_event])
[0x00000000021505d0] Threads_lock - owner thread: 0x0000000013ab7800

Heap:
 PSYoungGen      total 139264K, used 29889K [0x00000000f5580000, 0x00000000fe300000, 0x0000000100000000)
  eden space 133632K, 22% used [0x00000000f5580000,0x00000000f72b0598,0x00000000fd800000)
  from space 5632K, 0% used [0x00000000fd800000,0x00000000fd800000,0x00000000fdd80000)
  to   space 5632K, 0% used [0x00000000fdd80000,0x00000000fdd80000,0x00000000fe300000)
 ParOldGen       total 110080K, used 31768K [0x00000000e0000000, 0x00000000e6b80000, 0x00000000f5580000)
  object space 110080K, 28% used [0x00000000e0000000,0x00000000e1f061c8,0x00000000e6b80000)
 Metaspace       used 75214K, capacity 80672K, committed 81024K, reserved 1120256K
  class space    used 9354K, capacity 11083K, committed 11136K, reserved 1048576K

Card table byte_map: [0x0000000011610000,0x0000000011720000] byte_map_base: 0x0000000010f10000

Marking Bits: (ParMarkBitMap*) 0x000000005fd0d490
 Begin Bits: [0x0000000011fd0000, 0x00000000127d0000)
 End Bits:   [0x00000000127d0000, 0x0000000012fd0000)

Polling page: 0x00000000020b0000

CodeCache: size=245760Kb used=25468Kb max_used=25507Kb free=220291Kb
 bounds [0x0000000002250000, 0x0000000003b70000, 0x0000000011250000]
 total_blobs=7986 nmethods=7146 adapters=750
 compilation: enabled

Compilation events (10 events):
Event: 2069.922 Thread 0x0000000015af5800 nmethod 8786 0x000000000251c650 code [0x000000000251c8a0, 0x000000000251d638]
Event: 2069.926 Thread 0x0000000015af5800 8785       1       org.eclipse.osgi.internal.loader.BundleLoaderProxy::getBundleData (5 bytes)
Event: 2069.926 Thread 0x0000000015af5800 nmethod 8785 0x00000000026a0490 code [0x00000000026a05e0, 0x00000000026a06f0]
Event: 2069.964 Thread 0x0000000015af5800 8788       3       java.io.File::list (33 bytes)
Event: 2069.965 Thread 0x0000000015af5800 nmethod 8788 0x0000000003b409d0 code [0x0000000003b40ba0, 0x0000000003b412c8]
Event: 2069.980 Thread 0x0000000015af5800 8789   !   3       org.eclipse.osgi.internal.baseadaptor.BaseStorage::compact (215 bytes)
Event: 2069.982 Thread 0x0000000015af5800 nmethod 8789 0x00000000037a7490 code [0x00000000037a78c0, 0x00000000037a9d28]
Event: 2069.994 Thread 0x0000000015ae1800 8790       4       java.io.WinNTFileSystem::resolve (231 bytes)
Event: 2069.996 Thread 0x0000000015af5800 8791       3       org.eclipse.osgi.framework.internal.core.AbstractBundle::close (52 bytes)
Event: 2069.997 Thread 0x0000000015af5800 nmethod 8791 0x00000000037a6010 code [0x00000000037a6240, 0x00000000037a6f28]

GC Heap History (10 events):
Event: 1931.932 GC heap before
{Heap before GC invocations=74 (full 33):
 PSYoungGen      total 134144K, used 224K [0x00000000f5580000, 0x00000000fe400000, 0x0000000100000000)
  eden space 133632K, 0% used [0x00000000f5580000,0x00000000f5580000,0x00000000fd800000)
  from space 512K, 43% used [0x00000000fd800000,0x00000000fd838000,0x00000000fd880000)
  to   space 6144K, 0% used [0x00000000fde00000,0x00000000fde00000,0x00000000fe400000)
 ParOldGen       total 110080K, used 31779K [0x00000000e0000000, 0x00000000e6b80000, 0x00000000f5580000)
  object space 110080K, 28% used [0x00000000e0000000,0x00000000e1f08c60,0x00000000e6b80000)
 Metaspace       used 74231K, capacity 79794K, committed 80128K, reserved 1118208K
  class space    used 9241K, capacity 10982K, committed 11008K, reserved 1048576K
Event: 1932.059 GC heap after
Heap after GC invocations=74 (full 33):
 PSYoungGen      total 134144K, used 0K [0x00000000f5580000, 0x00000000fe400000, 0x0000000100000000)
  eden space 133632K, 0% used [0x00000000f5580000,0x00000000f5580000,0x00000000fd800000)
  from space 512K, 0% used [0x00000000fd800000,0x00000000fd800000,0x00000000fd880000)
  to   space 6144K, 0% used [0x00000000fde00000,0x00000000fde00000,0x00000000fe400000)
 ParOldGen       total 110080K, used 31772K [0x00000000e0000000, 0x00000000e6b80000, 0x00000000f5580000)
  object space 110080K, 28% used [0x00000000e0000000,0x00000000e1f073f8,0x00000000e6b80000)
 Metaspace       used 74231K, capacity 79794K, committed 80128K, reserved 1118208K
  class space    used 9241K, capacity 10982K, committed 11008K, reserved 1048576K
}
Event: 1991.940 GC heap before
{Heap before GC invocations=75 (full 33):
 PSYoungGen      total 134144K, used 5254K [0x00000000f5580000, 0x00000000fe400000, 0x0000000100000000)
  eden space 133632K, 3% used [0x00000000f5580000,0x00000000f5aa19c0,0x00000000fd800000)
  from space 512K, 0% used [0x00000000fd800000,0x00000000fd800000,0x00000000fd880000)
  to   space 6144K, 0% used [0x00000000fde00000,0x00000000fde00000,0x00000000fe400000)
 ParOldGen       total 110080K, used 31772K [0x00000000e0000000, 0x00000000e6b80000, 0x00000000f5580000)
  object space 110080K, 28% used [0x00000000e0000000,0x00000000e1f073f8,0x00000000e6b80000)
 Metaspace       used 74232K, capacity 79794K, committed 80128K, reserved 1118208K
  class space    used 9241K, capacity 10982K, committed 11008K, reserved 1048576K
Event: 1991.944 GC heap after
Heap after GC invocations=75 (full 33):
 PSYoungGen      total 138752K, used 160K [0x00000000f5580000, 0x00000000fe300000, 0x0000000100000000)
  eden space 133632K, 0% used [0x00000000f5580000,0x00000000f5580000,0x00000000fd800000)
  from space 5120K, 3% used [0x00000000fde00000,0x00000000fde28000,0x00000000fe300000)
  to   space 5632K, 0% used [0x00000000fd800000,0x00000000fd800000,0x00000000fdd80000)
 ParOldGen       total 110080K, used 31772K [0x00000000e0000000, 0x00000000e6b80000, 0x00000000f5580000)
  object space 110080K, 28% used [0x00000000e0000000,0x00000000e1f073f8,0x00000000e6b80000)
 Metaspace       used 74232K, capacity 79794K, committed 80128K, reserved 1118208K
  class space    used 9241K, capacity 10982K, committed 11008K, reserved 1048576K
}
Event: 1991.944 GC heap before
{Heap before GC invocations=76 (full 34):
 PSYoungGen      total 138752K, used 160K [0x00000000f5580000, 0x00000000fe300000, 0x0000000100000000)
  eden space 133632K, 0% used [0x00000000f5580000,0x00000000f5580000,0x00000000fd800000)
  from space 5120K, 3% used [0x00000000fde00000,0x00000000fde28000,0x00000000fe300000)
  to   space 5632K, 0% used [0x00000000fd800000,0x00000000fd800000,0x00000000fdd80000)
 ParOldGen       total 110080K, used 31772K [0x00000000e0000000, 0x00000000e6b80000, 0x00000000f5580000)
  object space 110080K, 28% used [0x00000000e0000000,0x00000000e1f073f8,0x00000000e6b80000)
 Metaspace       used 74232K, capacity 79794K, committed 80128K, reserved 1118208K
  class space    used 9241K, capacity 10982K, committed 11008K, reserved 1048576K
Event: 1992.104 GC heap after
Heap after GC invocations=76 (full 34):
 PSYoungGen      total 138752K, used 0K [0x00000000f5580000, 0x00000000fe300000, 0x0000000100000000)
  eden space 133632K, 0% used [0x00000000f5580000,0x00000000f5580000,0x00000000fd800000)
  from space 5120K, 0% used [0x00000000fde00000,0x00000000fde00000,0x00000000fe300000)
  to   space 5632K, 0% used [0x00000000fd800000,0x00000000fd800000,0x00000000fdd80000)
 ParOldGen       total 110080K, used 31768K [0x00000000e0000000, 0x00000000e6b80000, 0x00000000f5580000)
  object space 110080K, 28% used [0x00000000e0000000,0x00000000e1f06030,0x00000000e6b80000)
 Metaspace       used 74232K, capacity 79794K, committed 80128K, reserved 1118208K
  class space    used 9241K, capacity 10982K, committed 11008K, reserved 1048576K
}
Event: 2051.946 GC heap before
{Heap before GC invocations=77 (full 34):
 PSYoungGen      total 138752K, used 5445K [0x00000000f5580000, 0x00000000fe300000, 0x0000000100000000)
  eden space 133632K, 4% used [0x00000000f5580000,0x00000000f5ad1468,0x00000000fd800000)
  from space 5120K, 0% used [0x00000000fde00000,0x00000000fde00000,0x00000000fe300000)
  to   space 5632K, 0% used [0x00000000fd800000,0x00000000fd800000,0x00000000fdd80000)
 ParOldGen       total 110080K, used 31768K [0x00000000e0000000, 0x00000000e6b80000, 0x00000000f5580000)
  object space 110080K, 28% used [0x00000000e0000000,0x00000000e1f06030,0x00000000e6b80000)
 Metaspace       used 74232K, capacity 79794K, committed 80128K, reserved 1118208K
  class space    used 9241K, capacity 10982K, committed 11008K, reserved 1048576K
Event: 2051.951 GC heap after
Heap after GC invocations=77 (full 34):
 PSYoungGen      total 139264K, used 288K [0x00000000f5580000, 0x00000000fe300000, 0x0000000100000000)
  eden space 133632K, 0% used [0x00000000f5580000,0x00000000f5580000,0x00000000fd800000)
  from space 5632K, 5% used [0x00000000fd800000,0x00000000fd848000,0x00000000fdd80000)
  to   space 5632K, 0% used [0x00000000fdd80000,0x00000000fdd80000,0x00000000fe300000)
 ParOldGen       total 110080K, used 31768K [0x00000000e0000000, 0x00000000e6b80000, 0x00000000f5580000)
  object space 110080K, 28% used [0x00000000e0000000,0x00000000e1f06030,0x00000000e6b80000)
 Metaspace       used 74232K, capacity 79794K, committed 80128K, reserved 1118208K
  class space    used 9241K, capacity 10982K, committed 11008K, reserved 1048576K
}
Event: 2051.951 GC heap before
{Heap before GC invocations=78 (full 35):
 PSYoungGen      total 139264K, used 288K [0x00000000f5580000, 0x00000000fe300000, 0x0000000100000000)
  eden space 133632K, 0% used [0x00000000f5580000,0x00000000f5580000,0x00000000fd800000)
  from space 5632K, 5% used [0x00000000fd800000,0x00000000fd848000,0x00000000fdd80000)
  to   space 5632K, 0% used [0x00000000fdd80000,0x00000000fdd80000,0x00000000fe300000)
 ParOldGen       total 110080K, used 31768K [0x00000000e0000000, 0x00000000e6b80000, 0x00000000f5580000)
  object space 110080K, 28% used [0x00000000e0000000,0x00000000e1f06030,0x00000000e6b80000)
 Metaspace       used 74232K, capacity 79794K, committed 80128K, reserved 1118208K
  class space    used 9241K, capacity 10982K, committed 11008K, reserved 1048576K
Event: 2052.142 GC heap after
Heap after GC invocations=78 (full 35):
 PSYoungGen      total 139264K, used 0K [0x00000000f5580000, 0x00000000fe300000, 0x0000000100000000)
  eden space 133632K, 0% used [0x00000000f5580000,0x00000000f5580000,0x00000000fd800000)
  from space 5632K, 0% used [0x00000000fd800000,0x00000000fd800000,0x00000000fdd80000)
  to   space 5632K, 0% used [0x00000000fdd80000,0x00000000fdd80000,0x00000000fe300000)
 ParOldGen       total 110080K, used 31768K [0x00000000e0000000, 0x00000000e6b80000, 0x00000000f5580000)
  object space 110080K, 28% used [0x00000000e0000000,0x00000000e1f061c8,0x00000000e6b80000)
 Metaspace       used 74232K, capacity 79794K, committed 80128K, reserved 1118208K
  class space    used 9241K, capacity 10982K, committed 11008K, reserved 1048576K
}

Deoptimization events (10 events):
Event: 2068.854 Thread 0x0000000002153800 Uncommon trap: reason=unloaded action=reinterpret pc=0x00000000038dfb2c method=org.eclipse.emf.ecore.impl.BasicEObjectImpl.eBasicSetContainer(Lorg/eclipse/emf/ecore/InternalEObject;ILorg/eclipse/emf/common/notify/NotificationChain;)Lorg/eclipse/emf/common/°^ë¶) @
Event: 2068.856 Thread 0x0000000002153800 Uncommon trap: reason=unreached action=reinterpret pc=0x00000000033a34d8 method=org.eclipse.e4.core.internal.di.InjectorImpl.resolveArgs(Lorg/eclipse/e4/core/internal/di/Requestor;Lorg/eclipse/e4/core/di/suppliers/PrimaryObjectSupplier;Lorg/eclipse/e4/core€`¼¶) @
Event: 2068.856 Thread 0x0000000002153800 Uncommon trap: reason=unreached action=reinterpret pc=0x0000000003799708 method=org.eclipse.e4.core.internal.di.InjectorImpl.findExtendedSupplier(Lorg/eclipse/e4/core/di/suppliers/IObjectDescriptor;Lorg/eclipse/e4/core/di/suppliers/PrimaryObjectSupplier;)L
Event: 2068.945 Thread 0x0000000002153800 Uncommon trap: reason=class_check action=maybe_recompile pc=0x0000000002837440 method=org.eclipse.emf.ecore.util.EcoreEList.contains(Ljava/lang/Object;)Z @ 53
Event: 2069.031 Thread 0x0000000002153800 Uncommon trap: reason=unreached action=reinterpret pc=0x00000000036be53c method=org.eclipse.swt.widgets.Display.drawMenuBars()V @ 4
Event: 2069.083 Thread 0x0000000019965000 Uncommon trap: reason=bimorphic action=maybe_recompile pc=0x0000000002c1df2c method=java.util.Properties.load0(Ljava/util/Properties$LineReader;)V @ 242
Event: 2069.120 Thread 0x0000000002153800 Uncommon trap: reason=unreached action=reinterpret pc=0x000000000378ba5c method=org.eclipse.e4.ui.internal.workbench.swt.PartRenderingEngine.someAreVisible(Ljava/util/List;)Z @ 41
Event: 2069.137 Thread 0x0000000002153800 Uncommon trap: reason=unreached action=reinterpret pc=0x00000000037393c8 method=org.eclipse.emf.ecore.impl.MinimalEObjectImpl.setField(ILjava/lang/Object;)V @ 9
Event: 2069.138 Thread 0x0000000002153800 Uncommon trap: reason=unreached action=reinterpret pc=0x00000000039304c4 method=org.eclipse.emf.ecore.impl.MinimalEObjectImpl.setField(ILjava/lang/Object;)V @ 9
Event: 2069.800 Thread 0x0000000002153800 Uncommon trap: reason=null_check action=make_not_entrant pc=0x0000000002da566c method=org.eclipse.core.runtime.internal.adaptor.EclipseLazyStarter.shouldActivateFor(Ljava/lang/String;Lorg/eclipse/osgi/baseadaptor/BaseData;Lorg/eclipse/core/runtime/internal=Íðgµ) @

Internal exceptions (10 events):
Event: 2068.763 Thread 0x0000000019965000 Exception <a 'java/net/SocketException': Socket closed> (0x00000000f591f258) thrown at [D:\re\workspace\8-2-build-windows-amd64-cygwin\jdk8u25\1677\hotspot\src\share\vm\prims\jni.cpp, line 742]
Event: 2068.764 Thread 0x000000001ab7b000 Exception <a 'java/lang/InterruptedException'> (0x00000000f595be00) thrown at [D:\re\workspace\8-2-build-windows-amd64-cygwin\jdk8u25\1677\hotspot\src\share\vm\runtime\objectMonitor.cpp, line 1682]
Event: 2068.854 Thread 0x0000000002153800 Implicit null exception at 0x000000000274cb4c to 0x000000000274cba9
Event: 2068.856 Thread 0x0000000002153800 Implicit null exception at 0x0000000003798789 to 0x00000000037996f9
Event: 2069.219 Thread 0x0000000017db3800 Exception <a 'java/lang/InterruptedException'> (0x00000000f696ce28) thrown at [D:\re\workspace\8-2-build-windows-amd64-cygwin\jdk8u25\1677\hotspot\src\share\vm\runtime\objectMonitor.cpp, line 1682]
Event: 2069.800 Thread 0x0000000002153800 Implicit null exception at 0x0000000002da38c7 to 0x0000000002da5661
Event: 2069.931 Thread 0x000000001672e000 Exception <a 'java/lang/InterruptedException': sleep interrupted> (0x00000000f6d4b7a8) thrown at [D:\re\workspace\8-2-build-windows-amd64-cygwin\jdk8u25\1677\hotspot\src\share\vm\prims\jvm.cpp, line 3141]
Event: 2069.932 Thread 0x0000000019e51000 Exception <a 'java/lang/InterruptedException'> (0x00000000f6e99890) thrown at [D:\re\workspace\8-2-build-windows-amd64-cygwin\jdk8u25\1677\hotspot\src\share\vm\runtime\objectMonitor.cpp, line 1682]
Event: 2069.933 Thread 0x0000000016d55800 Exception <a 'java/lang/InterruptedException'> (0x00000000f6f08e70) thrown at [D:\re\workspace\8-2-build-windows-amd64-cygwin\jdk8u25\1677\hotspot\src\share\vm\runtime\objectMonitor.cpp, line 1682]
Event: 2069.996 Thread 0x0000000017872000 Exception <a 'java/lang/InterruptedException'> (0x00000000f6d37a40) thrown at [D:\re\workspace\8-2-build-windows-amd64-cygwin\jdk8u25\1677\hotspot\src\share\vm\runtime\objectMonitor.cpp, line 1682]

Events (10 events):
Event: 2069.983 Thread 0x0000000015af5800 flushing nmethod 0x0000000002a2fc50
Event: 2069.996 Thread 0x0000000017872000 Thread exited: 0x0000000017872000
Event: 2069.997 Thread 0x000000001673d800 Thread exited: 0x000000001673d800
Event: 2069.997 loading class java/util/IdentityHashMap$KeyIterator
Event: 2069.997 loading class java/util/IdentityHashMap$IdentityHashMapIterator
Event: 2069.997 loading class java/util/IdentityHashMap$IdentityHashMapIterator done
Event: 2069.997 loading class java/util/IdentityHashMap$KeyIterator done
Event: 2069.997 Thread 0x0000000019963800 Thread added: 0x0000000019963800
Event: 2069.998 Thread 0x0000000019963800 Thread exited: 0x0000000019963800
Event: 2069.998 Executing VM operation: Exit


Dynamic libraries:
0x0000000000400000 - 0x000000000044f000 	C:\Logiciels\Xilinx\SDK\2015.2\eclipse\win64.o\eclipse.exe
0x00007ff8a9390000 - 0x00007ff8a953c000 	C:\Windows\SYSTEM32\ntdll.dll
0x00007ff8a9130000 - 0x00007ff8a926e000 	C:\Windows\system32\KERNEL32.DLL
0x00007ff8a6850000 - 0x00007ff8a6965000 	C:\Windows\system32\KERNELBASE.dll
0x00007ff8a8fb0000 - 0x00007ff8a9127000 	C:\Windows\system32\USER32.dll
0x00007ff8a41a0000 - 0x00007ff8a441a000 	C:\Windows\WinSxS\amd64_microsoft.windows.common-controls_6595b64144ccf1df_6.0.9600.17810_none_6240b9c7ecbd0bda\COMCTL32.dll
0x00007ff8a8550000 - 0x00007ff8a85fa000 	C:\Windows\system32\msvcrt.dll
0x00007ff8a89f0000 - 0x00007ff8a8b40000 	C:\Windows\system32\GDI32.dll
0x00007ff8a8e40000 - 0x00007ff8a8e76000 	C:\Windows\system32\IMM32.DLL
0x00007ff8a86e0000 - 0x00007ff8a8832000 	C:\Windows\system32\MSCTF.dll
0x0000000072000000 - 0x0000000072012000 	C:\Logiciels\Xilinx\SDK\2015.2\eclipse\win64.o\plugins\org.eclipse.equinox.launcher.win32.win32.x86_64_1.1.200.v20140116-2212\eclipse_1503.dll
0x00007ff8a8600000 - 0x00007ff8a86aa000 	C:\Windows\system32\ADVAPI32.dll
0x00007ff8a3710000 - 0x00007ff8a371a000 	C:\Windows\SYSTEM32\VERSION.dll
0x00007ff8a8f50000 - 0x00007ff8a8fa9000 	C:\Windows\SYSTEM32\sechost.dll
0x00007ff8a8b40000 - 0x00007ff8a8c81000 	C:\Windows\system32\RPCRT4.dll
0x00007ff8a51c0000 - 0x00007ff8a52e9000 	C:\Windows\system32\uxtheme.dll
0x00007ff8a6c20000 - 0x00007ff8a6e31000 	C:\Windows\SYSTEM32\combase.dll
0x000000005f530000 - 0x000000005fd8a000 	C:\Logiciels\Xilinx\SDK\2015.2\tps\win64\jre\bin\server\jvm.dll
0x00007ff89e1a0000 - 0x00007ff89e1a9000 	C:\Windows\SYSTEM32\WSOCK32.dll
0x00007ff8a3660000 - 0x00007ff8a3682000 	C:\Windows\SYSTEM32\WINMM.dll
0x00007ff8a8c90000 - 0x00007ff8a8c97000 	C:\Windows\system32\PSAPI.DLL
0x0000000063d10000 - 0x0000000063de2000 	C:\Windows\SYSTEM32\MSVCR100.dll
0x00007ff8a8e80000 - 0x00007ff8a8eda000 	C:\Windows\system32\WS2_32.dll
0x00007ff8a2100000 - 0x00007ff8a212a000 	C:\Windows\SYSTEM32\WINMMBASE.dll
0x00007ff8a86b0000 - 0x00007ff8a86b9000 	C:\Windows\system32\NSI.dll
0x00007ff8a6800000 - 0x00007ff8a684f000 	C:\Windows\SYSTEM32\cfgmgr32.dll
0x00007ff8a5310000 - 0x00007ff8a5338000 	C:\Windows\SYSTEM32\DEVOBJ.dll
0x00000000622e0000 - 0x00000000622ef000 	C:\Logiciels\Xilinx\SDK\2015.2\tps\win64\jre\bin\verify.dll
0x000000005f3d0000 - 0x000000005f3f8000 	C:\Logiciels\Xilinx\SDK\2015.2\tps\win64\jre\bin\java.dll
0x000000005f3b0000 - 0x000000005f3c6000 	C:\Logiciels\Xilinx\SDK\2015.2\tps\win64\jre\bin\zip.dll
0x00007ff8a6e40000 - 0x00007ff8a8359000 	C:\Windows\system32\SHELL32.dll
0x00007ff8a9330000 - 0x00007ff8a9384000 	C:\Windows\system32\SHLWAPI.dll
0x00007ff8a4ce0000 - 0x00007ff8a4d92000 	C:\Windows\SYSTEM32\SHCORE.dll
0x00007ff8a64f0000 - 0x00007ff8a6505000 	C:\Windows\SYSTEM32\profapi.dll
0x00007ff8a5e30000 - 0x00007ff8a5e50000 	C:\Windows\SYSTEM32\CRYPTSP.dll
0x00007ff8a59e0000 - 0x00007ff8a5a16000 	C:\Windows\system32\rsaenh.dll
0x00007ff8a6080000 - 0x00007ff8a60a6000 	C:\Windows\SYSTEM32\bcrypt.dll
0x00007ff8a5af0000 - 0x00007ff8a5b11000 	C:\Windows\SYSTEM32\USERENV.dll
0x00007ff8a63c0000 - 0x00007ff8a6423000 	C:\Windows\system32\bcryptprimitives.dll
0x00007ff8a6430000 - 0x00007ff8a643b000 	C:\Windows\SYSTEM32\CRYPTBASE.dll
0x000000005f390000 - 0x000000005f3aa000 	C:\Logiciels\Xilinx\SDK\2015.2\tps\win64\jre\bin\net.dll
0x00007ff8a5dd0000 - 0x00007ff8a5e29000 	C:\Windows\system32\mswsock.dll
0x00007ff89f7f0000 - 0x00007ff89f81a000 	C:\Windows\SYSTEM32\IPHLPAPI.DLL
0x00007ff89fd40000 - 0x00007ff89fd4a000 	C:\Windows\SYSTEM32\WINNSI.DLL
0x00007ff89f7c0000 - 0x00007ff89f7d6000 	C:\Windows\SYSTEM32\dhcpcsvc6.DLL
0x00007ff89f6e0000 - 0x00007ff89f6fa000 	C:\Windows\SYSTEM32\dhcpcsvc.DLL
0x000000005f370000 - 0x000000005f381000 	C:\Logiciels\Xilinx\SDK\2015.2\tps\win64\jre\bin\nio.dll
0x00007ff8a8ca0000 - 0x00007ff8a8e34000 	C:\Windows\system32\ole32.dll
0x00007ff8a51b0000 - 0x00007ff8a51bb000 	C:\Windows\SYSTEM32\kernel.appcore.dll
0x00007ff89e2f0000 - 0x00007ff89e305000 	C:\Windows\system32\napinsp.dll
0x00007ff89eae0000 - 0x00007ff89eafa000 	C:\Windows\system32\pnrpnsp.dll
0x00007ff89fd10000 - 0x00007ff89fd2b000 	C:\Windows\system32\NLAapi.dll
0x00007ff8a5bd0000 - 0x00007ff8a5c74000 	C:\Windows\SYSTEM32\DNSAPI.dll
0x00007ff89eb00000 - 0x00007ff89eb0d000 	C:\Windows\System32\winrnr.dll
0x0000000063e90000 - 0x0000000063eb6000 	C:\Program Files\Bonjour\mdnsNSP.dll
0x00007ff89ebb0000 - 0x00007ff89ebba000 	C:\Windows\System32\rasadhlp.dll
0x00007ff89f820000 - 0x00007ff89f88b000 	C:\Windows\System32\fwpuclnt.dll
0x00000000173f0000 - 0x0000000017498000 	C:\Users\mazola\.Xilinx\SDK\2015.2\org.eclipse.osgi\bundles\287\1\.cp\swt-win32-4335.dll
0x00007ff8a6a20000 - 0x00007ff8a6ae1000 	C:\Windows\system32\OLEAUT32.dll
0x00007ff8a6b50000 - 0x00007ff8a6c06000 	C:\Windows\system32\comdlg32.dll
0x00007ff8a1fc0000 - 0x00007ff8a2042000 	C:\Windows\SYSTEM32\WINSPOOL.DRV
0x00007ff896cb0000 - 0x00007ff896cc6000 	C:\Windows\SYSTEM32\USP10.dll
0x00007ff89e310000 - 0x00007ff89e56a000 	C:\Windows\SYSTEM32\WININET.dll
0x00007ff8a6620000 - 0x00007ff8a67ff000 	C:\Windows\system32\CRYPT32.dll
0x00007ff89e570000 - 0x00007ff89e837000 	C:\Windows\SYSTEM32\iertutil.dll
0x00007ff8a65a0000 - 0x00007ff8a65b1000 	C:\Windows\system32\MSASN1.dll
0x00007ff8a4660000 - 0x00007ff8a4681000 	C:\Windows\system32\dwmapi.dll
0x00007ff8a0800000 - 0x00007ff8a097f000 	C:\Windows\SYSTEM32\propsys.dll
0x00007ff8a9270000 - 0x00007ff8a9326000 	C:\Windows\SYSTEM32\clbcatq.dll
0x0000000018ae0000 - 0x0000000018afe000 	C:\Users\mazola\.Xilinx\SDK\2015.2\org.eclipse.osgi\bundles\287\1\.cp\swt-gdip-win32-4335.dll
0x00007ff8a2140000 - 0x00007ff8a22f0000 	C:\Windows\WinSxS\amd64_microsoft.windows.gdiplus_6595b64144ccf1df_1.1.9600.17415_none_932b3b5547500489\gdiplus.dll
0x00007ff8a46a0000 - 0x00007ff8a484e000 	C:\Windows\SYSTEM32\WindowsCodecs.dll
0x0000000180000000 - 0x0000000180012000 	C:\Users\mazola\.Xilinx\SDK\2015.2\org.eclipse.osgi\bundles\113\1\.cp\os\win32\x86_64\localfile_1_0_0.dll
0x00007ff894d50000 - 0x00007ff894d61000 	C:\Users\mazola\.Xilinx\SDK\2015.2\org.eclipse.osgi\bundles\116\1\.cp\jWinHttp-1.0.0.dll
0x00007ff89cf40000 - 0x00007ff89d009000 	C:\Windows\SYSTEM32\WINHTTP.dll
0x00007ff8a3b30000 - 0x00007ff8a3b9a000 	C:\Windows\SYSTEM32\oleacc.dll
0x00007ff89ae90000 - 0x00007ff89aea0000 	C:\Logiciels\Xilinx\SDK\2015.2\lib\win64.o\librdi_repo_manager.dll
0x00007ff86b4d0000 - 0x00007ff86b4fa000 	C:\Logiciels\Xilinx\SDK\2015.2\lib\win64.o\libisl_sysinfo.dll
0x00007ff86bde0000 - 0x00007ff86c723000 	C:\Logiciels\Xilinx\SDK\2015.2\lib\win64.o\librdi_common.dll
0x00007ff86b470000 - 0x00007ff86b4c4000 	C:\Logiciels\Xilinx\SDK\2015.2\lib\win64.o\librdi_commonxillic.dll
0x00007ff868ee0000 - 0x00007ff8690c8000 	C:\Logiciels\Xilinx\SDK\2015.2\lib\win64.o\librdi_hsm.dll
0x00007ff88b800000 - 0x00007ff88b8a7000 	C:\Windows\SYSTEM32\MSVCP110.dll
0x00007ff88b720000 - 0x00007ff88b7f4000 	C:\Windows\SYSTEM32\MSVCR110.dll
0x00007ff894a40000 - 0x00007ff894ce8000 	C:\Logiciels\Xilinx\SDK\2015.2\lib\win64.o\libCOIN-all.dll
0x00007ff86ce60000 - 0x00007ff86d080000 	C:\Logiciels\Xilinx\SDK\2015.2\lib\win64.o\libXil_lmgr11.dll
0x00007ff8a09c0000 - 0x00007ff8a09d0000 	C:\Logiciels\Xilinx\SDK\2015.2\lib\win64.o\libboost_date_time.dll
0x00007ff894a10000 - 0x00007ff894a32000 	C:\Logiciels\Xilinx\SDK\2015.2\lib\win64.o\libboost_filesystem.dll
0x00007ff86bd60000 - 0x00007ff86bdd4000 	C:\Logiciels\Xilinx\SDK\2015.2\lib\win64.o\libboost_program_options.dll
0x00007ff86bc60000 - 0x00007ff86bd5a000 	C:\Logiciels\Xilinx\SDK\2015.2\lib\win64.o\libboost_regex.dll
0x00007ff894250000 - 0x00007ff894263000 	C:\Logiciels\Xilinx\SDK\2015.2\lib\win64.o\libboost_signals.dll
0x00007ff89ffb0000 - 0x00007ff89ffb9000 	C:\Logiciels\Xilinx\SDK\2015.2\lib\win64.o\libboost_system.dll
0x00007ff86d8f0000 - 0x00007ff86d90d000 	C:\Logiciels\Xilinx\SDK\2015.2\lib\win64.o\libboost_thread.dll
0x00007ff86bbe0000 - 0x00007ff86bc60000 	C:\Logiciels\Xilinx\SDK\2015.2\lib\win64.o\libhdlpsolve.dll
0x00007ff86bb40000 - 0x00007ff86bbda000 	C:\Logiciels\Xilinx\SDK\2015.2\lib\win64.o\libhdxml.dll
0x00007ff86b530000 - 0x00007ff86bb3a200 	C:\Logiciels\Xilinx\SDK\2015.2\lib\win64.o\libisl_iostreams.dll
0x00007ff86b500000 - 0x00007ff86b523000 	C:\Logiciels\Xilinx\SDK\2015.2\lib\win64.o\libisl_iosutils.dll
0x00007ff894cf0000 - 0x00007ff894d05000 	C:\Logiciels\Xilinx\SDK\2015.2\lib\win64.o\pthreadVC2.dll
0x00007ff86b340000 - 0x00007ff86b470000 	C:\Logiciels\Xilinx\SDK\2015.2\lib\win64.o\librdi_curl.dll
0x00007ff86b320000 - 0x00007ff86b338000 	C:\Logiciels\Xilinx\SDK\2015.2\lib\win64.o\librdiconfig.dll
0x00007ff86b2f0000 - 0x00007ff86b313000 	C:\Logiciels\Xilinx\SDK\2015.2\lib\win64.o\librdizlib.dll
0x000000005f400000 - 0x000000005f527000 	C:\Logiciels\Xilinx\SDK\2015.2\lib\win64.o\tcl85t.dll
0x0000000023160000 - 0x00000000233c3000 	C:\Logiciels\Xilinx\SDK\2015.2\lib\win64.o\xerces-c_3_1.dll
0x00007ff89e840000 - 0x00007ff89e9c5000 	C:\Windows\SYSTEM32\urlmon.dll
0x00007ff899070000 - 0x00007ff899093000 	C:\Windows\SYSTEM32\VCOMP110.DLL
0x00007ff868e90000 - 0x00007ff868ed3000 	C:\Logiciels\Xilinx\SDK\2015.2\lib\win64.o\librdi_hdf.dll
0x00007ff868cd0000 - 0x00007ff868e8a000 	C:\Logiciels\Xilinx\SDK\2015.2\lib\win64.o\librdi_ippcw.dll
0x00007ff89fec0000 - 0x00007ff89fed6000 	C:\Windows\SYSTEM32\NETAPI32.dll
0x00007ff8a65c0000 - 0x00007ff8a6611000 	C:\Windows\system32\WINTRUST.dll
0x00007ff89be40000 - 0x00007ff89be4b000 	C:\Logiciels\Xilinx\SDK\2015.2\lib\win64.o\libboost_chrono.dll
0x00007ff86b2d0000 - 0x00007ff86b2e6000 	C:\Logiciels\Xilinx\SDK\2015.2\lib\win64.o\libboost_iostreams.dll
0x00007ff8a5730000 - 0x00007ff8a573c000 	C:\Windows\SYSTEM32\netutils.dll
0x00007ff8a61a0000 - 0x00007ff8a61c6000 	C:\Windows\SYSTEM32\srvcli.dll
0x00007ff8a4e50000 - 0x00007ff8a4e67000 	C:\Windows\SYSTEM32\wkscli.dll
0x00007ff8a2130000 - 0x00007ff8a2137000 	C:\Windows\SYSTEM32\msimg32.dll
0x00007ff8690d0000 - 0x00007ff8690ec000 	C:\Logiciels\Xilinx\SDK\2015.2\lib\win64.o\librdi_hw_platform.dll
0x00007ff8696a0000 - 0x00007ff869aaa000 	C:\Logiciels\Xilinx\SDK\2015.2\lib\win64.o\librdi_commontasks.dll
0x00007ff8684c0000 - 0x00007ff868cd0000 	C:\Logiciels\Xilinx\SDK\2015.2\lib\win64.o\libXil_lmgr11FNP.dll
0x00007ff897cd0000 - 0x00007ff897cdc000 	C:\Windows\SYSTEM32\snmpapi.dll
0x00007ff8a8370000 - 0x00007ff8a854a000 	C:\Windows\system32\SETUPAPI.dll
0x00007ff8a6390000 - 0x00007ff8a63be000 	C:\Windows\SYSTEM32\SspiCli.dll
0x00007ff8a09b0000 - 0x00007ff8a09b3000 	C:\Windows\SYSTEM32\icmp.Dll
0x00007ff868120000 - 0x00007ff8684b5000 	C:\Logiciels\Xilinx\SDK\2015.2\lib\win64.o\librdi_hsmtasks.dll
0x00007ff8a4ed0000 - 0x00007ff8a4edf000 	C:\Logiciels\Xilinx\SDK\2015.2\lib\win64.o\librdi_swdb.dll
0x00007ff8a4eb0000 - 0x00007ff8a4ecb000 	C:\Logiciels\Xilinx\SDK\2015.2\lib\win64.o\librdi_sw_platform.dll
0x00007ff867f10000 - 0x00007ff867f26000 	C:\Logiciels\Xilinx\SDK\2015.2\eclipse\win64.o\plugins\org.eclipse.cdt.core.win32.x86_64_5.2.0.201402142303\os\win32\x86_64\spawner.dll
0x00007ff897ff0000 - 0x00007ff897ffa000 	C:\Logiciels\Xilinx\SDK\2015.2\lib\win64.o\librdi_jtag_settings.dll
0x00007ff868090000 - 0x00007ff8680b9000 	C:\Logiciels\Xilinx\SDK\2015.2\lib\win64.o\librdi_debug_dialog.dll
0x00007ff897260000 - 0x00007ff897268000 	C:\Logiciels\Xilinx\SDK\2015.2\lib\win64.o\librdi_target_manager.dll

VM Arguments:
jvm_args: -Dcom.xilinx.sdk.args.hwspec=C:/Users/mazola/Desktop/Projet3/tutoriel.sdk/essai1_wrapper.hdf -Xms64m -Xmx512m & 
java_command: <unknown>
java_class_path (initial): C:\Logiciels\Xilinx\SDK\2015.2\eclipse\win64.o\\plugins/org.eclipse.equinox.launcher_1.3.0.v20130327-1440.jar
Launcher Type: generic

Environment Variables:
JAVA_HOME=C:\Program Files (x86)\Java\jdk1.7.0_51\jre
USERNAME=mazola
OS=Windows_NT
PROCESSOR_IDENTIFIER=Intel64 Family 6 Model 30 Stepping 5, GenuineIntel



---------------  S Y S T E M  ---------------

OS: Windows 8 , 64 bit Build 9200 

CPU:total 8 (4 cores per cpu, 2 threads per core) family 6 model 30 stepping 5, cmov, cx8, fxsr, mmx, sse, sse2, sse3, ssse3, sse4.1, sse4.2, popcnt, ht, tsc, tscinvbit

Memory: 4k page, physical 16708992k(11662472k free), swap 19199360k(13740504k free)

vm_info: Java HotSpot(TM) 64-Bit Server VM (25.25-b02) for windows-amd64 JRE (1.8.0_25-b18), built on Oct  7 2014 14:25:37 by "java_re" with MS VC++ 10.0 (VS2010)

time: Sun Sep 06 13:16:52 2015
elapsed time: 2091 seconds (0d 0h 34m 51s)

