Copyright 1986-2015 Xilinx, Inc. All Rights Reserved.
------------------------------------------------------------------------------------
| Tool Version : Vivado v.2015.2 (win64) Build 1266856 Fri Jun 26 16:35:25 MDT 2015
| Date         : Thu Sep 10 12:06:42 2015
| Host         : L3712-22 running 64-bit major release  (build 9200)
| Command      : report_timing_summary -file timing_impl.log
| Design       : system_top
| Device       : 7z020-clg484
| Speed File   : -1  PRODUCTION 1.11 2014-09-11
------------------------------------------------------------------------------------

Timing Summary Report

------------------------------------------------------------------------------------------------
| Timer Settings
| --------------
------------------------------------------------------------------------------------------------

  Enable Multi Corner Analysis               :  Yes
  Enable Pessimism Removal                   :  Yes
  Pessimism Removal Resolution               :  Nearest Common Node
  Enable Input Delay Default Clock           :  No
  Enable Preset / Clear Arcs                 :  No
  Disable Flight Delays                      :  No

  Corner  Analyze    Analyze    
  Name    Max Paths  Min Paths  
  ------  ---------  ---------  
  Slow    Yes        Yes        
  Fast    Yes        Yes        



check_timing report

Table of Contents
-----------------
1. checking no_clock
2. checking constant_clock
3. checking pulse_width_clock
4. checking unconstrained_internal_endpoints
5. checking no_input_delay
6. checking no_output_delay
7. checking multiple_clock
8. checking generated_clocks
9. checking loops
10. checking partial_input_delay
11. checking partial_output_delay
12. checking latch_loops

1. checking no_clock
--------------------
 There are 0 register/latch pins with no clock.


2. checking constant_clock
--------------------------
 There are 0 register/latch pins with constant_clock.


3. checking pulse_width_clock
-----------------------------
 There are 0 register/latch pins which need pulse_width check


4. checking unconstrained_internal_endpoints
--------------------------------------------
 There are 0 pins that are not constrained for maximum delay.

 There are 0 pins that are not constrained for maximum delay due to constant clock.


5. checking no_input_delay
--------------------------
 There are 7 input ports with no input delay specified. (HIGH)

 There are 0 input ports with no input delay but user has a false path constraint.


6. checking no_output_delay
---------------------------
 There are 30 ports with no output delay specified. (HIGH)

 There are 0 ports with no output delay but user has a false path constraint

 There are 0 ports with no output delay but with a timing clock defined on it or propagating through it


7. checking multiple_clock
--------------------------
 There are 0 register/latch pins with multiple clocks.


8. checking generated_clocks
----------------------------
 There are 0 generated clocks that are not connected to a clock source.


9. checking loops
-----------------
 There are 0 combinational loops in the design.


10. checking partial_input_delay
--------------------------------
 There are 0 input ports with partial input delay specified.


11. checking partial_output_delay
---------------------------------
 There are 0 ports with partial output delay specified.


12. checking latch_loops
------------------------
 There are 0 combinational latch loops in the design through latch input



------------------------------------------------------------------------------------------------
| Design Timing Summary
| ---------------------
------------------------------------------------------------------------------------------------

    WNS(ns)      TNS(ns)  TNS Failing Endpoints  TNS Total Endpoints      WHS(ns)      THS(ns)  THS Failing Endpoints  THS Total Endpoints     WPWS(ns)     TPWS(ns)  TPWS Failing Endpoints  TPWS Total Endpoints  
    -------      -------  ---------------------  -------------------      -------      -------  ---------------------  -------------------     --------     --------  ----------------------  --------------------  
      0.328        0.000                      0                13231        0.023        0.000                      0                13231        1.100        0.000                       0                  5645  


All user specified timing constraints are met.


------------------------------------------------------------------------------------------------
| Clock Summary
| -------------
------------------------------------------------------------------------------------------------

Clock                                                    Waveform(ns)         Period(ns)      Frequency(MHz)
-----                                                    ------------         ----------      --------------
clk_fpga_0                                               {0.000 5.000}        10.000          100.000         
clk_fpga_1                                               {0.000 2.500}        5.000           200.000         
  mmcm_clk_0_s                                           {0.000 3.367}        6.735           148.485         
  mmcm_fb_clk_s                                          {0.000 27.500}       55.000          18.182          
i_system_wrapper/system_i/sys_audio_clkgen/inst/clk_in1  {0.000 2.500}        5.000           200.000         
  clk_out1_system_sys_audio_clkgen_0_1                   {0.000 40.690}       81.380          12.288          
  clkfbout_system_sys_audio_clkgen_0_1                   {0.000 22.500}       45.000          22.222          


------------------------------------------------------------------------------------------------
| Intra Clock Table
| -----------------
------------------------------------------------------------------------------------------------

Clock                                                        WNS(ns)      TNS(ns)  TNS Failing Endpoints  TNS Total Endpoints      WHS(ns)      THS(ns)  THS Failing Endpoints  THS Total Endpoints     WPWS(ns)     TPWS(ns)  TPWS Failing Endpoints  TPWS Total Endpoints  
-----                                                        -------      -------  ---------------------  -------------------      -------      -------  ---------------------  -------------------     --------     --------  ----------------------  --------------------  
clk_fpga_0                                                     2.387        0.000                      0                10628        0.023        0.000                      0                10628        2.501        0.000                       0                  4600  
clk_fpga_1                                                                                                                                                                                                 1.100        0.000                       0                     2  
  mmcm_clk_0_s                                                 0.328        0.000                      0                 1554        0.047        0.000                      0                 1554        2.387        0.000                       0                  1003  
  mmcm_fb_clk_s                                                                                                                                                                                           45.000        0.000                       0                     3  
i_system_wrapper/system_i/sys_audio_clkgen/inst/clk_in1                                                                                                                                                    1.100        0.000                       0                     1  
  clk_out1_system_sys_audio_clkgen_0_1                        78.238        0.000                      0                   46        0.068        0.000                      0                   46       39.440        0.000                       0                    33  
  clkfbout_system_sys_audio_clkgen_0_1                                                                                                                                                                    42.845        0.000                       0                     3  


------------------------------------------------------------------------------------------------
| Inter Clock Table
| -----------------
------------------------------------------------------------------------------------------------

From Clock    To Clock          WNS(ns)      TNS(ns)  TNS Failing Endpoints  TNS Total Endpoints      WHS(ns)      THS(ns)  THS Failing Endpoints  THS Total Endpoints  
----------    --------          -------      -------  ---------------------  -------------------      -------      -------  ---------------------  -------------------  


------------------------------------------------------------------------------------------------
| Other Path Groups Table
| -----------------------
------------------------------------------------------------------------------------------------

Path Group         From Clock         To Clock               WNS(ns)      TNS(ns)  TNS Failing Endpoints  TNS Total Endpoints      WHS(ns)      THS(ns)  THS Failing Endpoints  THS Total Endpoints  
----------         ----------         --------               -------      -------  ---------------------  -------------------      -------      -------  ---------------------  -------------------  
**async_default**  clk_fpga_0         clk_fpga_0               2.146        0.000                      0                 1003        0.208        0.000                      0                 1003  


------------------------------------------------------------------------------------------------
| Timing Details
| --------------
------------------------------------------------------------------------------------------------


---------------------------------------------------------------------------------------------------
From Clock:  clk_fpga_0
  To Clock:  clk_fpga_0

Setup :            0  Failing Endpoints,  Worst Slack        2.387ns,  Total Violation        0.000ns
Hold  :            0  Failing Endpoints,  Worst Slack        0.023ns,  Total Violation        0.000ns
PW    :            0  Failing Endpoints,  Worst Slack        2.501ns,  Total Violation        0.000ns
---------------------------------------------------------------------------------------------------


Max Delay Paths
--------------------------------------------------------------------------------------
Slack (MET) :             2.387ns  (required time - arrival time)
  Source:                 i_system_wrapper/system_i/sys_ps7/inst/PS7_i/MAXIGP0ACLK
                            (rising edge-triggered cell PS7 clocked by clk_fpga_0  {rise@0.000ns fall@5.000ns period=10.000ns})
  Destination:            i_system_wrapper/system_i/axi_hdmi_clkgen/inst/i_up_axi/up_wdata_reg[2]/D
                            (rising edge-triggered cell FDCE clocked by clk_fpga_0  {rise@0.000ns fall@5.000ns period=10.000ns})
  Path Group:             clk_fpga_0
  Path Type:              Setup (Max at Slow Process Corner)
  Requirement:            10.000ns  (clk_fpga_0 rise@10.000ns - clk_fpga_0 rise@0.000ns)
  Data Path Delay:        7.266ns  (logic 1.450ns (19.956%)  route 5.816ns (80.044%))
  Logic Levels:           0  
  Clock Path Skew:        -0.162ns (DCD - SCD + CPR)
    Destination Clock Delay (DCD):    2.753ns = ( 12.753 - 10.000 ) 
    Source Clock Delay      (SCD):    3.031ns
    Clock Pessimism Removal (CPR):    0.115ns
  Clock Uncertainty:      0.154ns  ((TSJ^2 + TIJ^2)^1/2 + DJ) / 2 + PE
    Total System Jitter     (TSJ):    0.071ns
    Total Input Jitter      (TIJ):    0.300ns
    Discrete Jitter          (DJ):    0.000ns
    Phase Error              (PE):    0.000ns

    Location             Delay type                Incr(ns)  Path(ns)    Netlist Resource(s)
  -------------------------------------------------------------------    -------------------
                         (clock clk_fpga_0 rise edge)
                                                      0.000     0.000 r  
    PS7_X0Y0             PS7                          0.000     0.000 r  i_system_wrapper/system_i/sys_ps7/inst/PS7_i/FCLKCLK[0]
                         net (fo=1, routed)           1.193     1.193    i_system_wrapper/system_i/sys_ps7/inst/FCLK_CLK_unbuffered[0]
    BUFGCTRL_X0Y16       BUFG (Prop_bufg_I_O)         0.101     1.294 r  i_system_wrapper/system_i/sys_ps7/inst/buffer_fclk_clk_0.FCLK_CLK_0_BUFG/O
                         net (fo=4604, routed)        1.737     3.031    i_system_wrapper/system_i/sys_ps7/inst/M_AXI_GP0_ACLK
    PS7_X0Y0             PS7                                          r  i_system_wrapper/system_i/sys_ps7/inst/PS7_i/MAXIGP0ACLK
  -------------------------------------------------------------------    -------------------
    PS7_X0Y0             PS7 (Prop_ps7_MAXIGP0ACLK_MAXIGP0WDATA[2])
                                                      1.450     4.481 r  i_system_wrapper/system_i/sys_ps7/inst/PS7_i/MAXIGP0WDATA[2]
                         net (fo=41, routed)          5.816    10.297    i_system_wrapper/system_i/axi_hdmi_clkgen/inst/i_up_axi/s_axi_wdata[2]
    SLICE_X20Y35         FDCE                                         r  i_system_wrapper/system_i/axi_hdmi_clkgen/inst/i_up_axi/up_wdata_reg[2]/D
  -------------------------------------------------------------------    -------------------

                         (clock clk_fpga_0 rise edge)
                                                     10.000    10.000 r  
    PS7_X0Y0             PS7                          0.000    10.000 r  i_system_wrapper/system_i/sys_ps7/inst/PS7_i/FCLKCLK[0]
                         net (fo=1, routed)           1.088    11.088    i_system_wrapper/system_i/sys_ps7/inst/FCLK_CLK_unbuffered[0]
    BUFGCTRL_X0Y16       BUFG (Prop_bufg_I_O)         0.091    11.179 r  i_system_wrapper/system_i/sys_ps7/inst/buffer_fclk_clk_0.FCLK_CLK_0_BUFG/O
                         net (fo=4604, routed)        1.574    12.753    i_system_wrapper/system_i/axi_hdmi_clkgen/inst/i_up_axi/s_axi_aclk
    SLICE_X20Y35         FDCE                                         r  i_system_wrapper/system_i/axi_hdmi_clkgen/inst/i_up_axi/up_wdata_reg[2]/C
                         clock pessimism              0.115    12.868    
                         clock uncertainty           -0.154    12.714    
    SLICE_X20Y35         FDCE (Setup_fdce_C_D)       -0.031    12.683    i_system_wrapper/system_i/axi_hdmi_clkgen/inst/i_up_axi/up_wdata_reg[2]
  -------------------------------------------------------------------
                         required time                         12.683    
                         arrival time                         -10.297    
  -------------------------------------------------------------------
                         slack                                  2.387    





Min Delay Paths
--------------------------------------------------------------------------------------
Slack (MET) :             0.023ns  (arrival time - required time)
  Source:                 i_system_wrapper/system_i/axi_i2s_adi/U0/ctrl/tx_sync/wr_addr_reg[0]/C
                            (rising edge-triggered cell FDRE clocked by clk_fpga_0  {rise@0.000ns fall@5.000ns period=10.000ns})
  Destination:            i_system_wrapper/system_i/axi_i2s_adi/U0/ctrl/tx_sync/fifo_reg_0_3_0_4/RAMA/WADR0
                            (rising edge-triggered cell RAMD32 clocked by clk_fpga_0  {rise@0.000ns fall@5.000ns period=10.000ns})
  Path Group:             clk_fpga_0
  Path Type:              Hold (Min at Fast Process Corner)
  Requirement:            0.000ns  (clk_fpga_0 rise@0.000ns - clk_fpga_0 rise@0.000ns)
  Data Path Delay:        0.346ns  (logic 0.141ns (40.751%)  route 0.205ns (59.249%))
  Logic Levels:           0  
  Clock Path Skew:        0.013ns (DCD - SCD - CPR)
    Destination Clock Delay (DCD):    1.197ns
    Source Clock Delay      (SCD):    0.902ns
    Clock Pessimism Removal (CPR):    0.282ns

    Location             Delay type                Incr(ns)  Path(ns)    Netlist Resource(s)
  -------------------------------------------------------------------    -------------------
                         (clock clk_fpga_0 rise edge)
                                                      0.000     0.000 r  
    PS7_X0Y0             PS7                          0.000     0.000 r  i_system_wrapper/system_i/sys_ps7/inst/PS7_i/FCLKCLK[0]
                         net (fo=1, routed)           0.310     0.310    i_system_wrapper/system_i/sys_ps7/inst/FCLK_CLK_unbuffered[0]
    BUFGCTRL_X0Y16       BUFG (Prop_bufg_I_O)         0.026     0.336 r  i_system_wrapper/system_i/sys_ps7/inst/buffer_fclk_clk_0.FCLK_CLK_0_BUFG/O
                         net (fo=4604, routed)        0.566     0.902    i_system_wrapper/system_i/axi_i2s_adi/U0/ctrl/tx_sync/S_AXI_ACLK
    SLICE_X31Y77         FDRE                                         r  i_system_wrapper/system_i/axi_i2s_adi/U0/ctrl/tx_sync/wr_addr_reg[0]/C
  -------------------------------------------------------------------    -------------------
    SLICE_X31Y77         FDRE (Prop_fdre_C_Q)         0.141     1.043 r  i_system_wrapper/system_i/axi_i2s_adi/U0/ctrl/tx_sync/wr_addr_reg[0]/Q
                         net (fo=10, routed)          0.205     1.248    i_system_wrapper/system_i/axi_i2s_adi/U0/ctrl/tx_sync/fifo_reg_0_3_0_4/ADDRD0
    SLICE_X30Y77         RAMD32                                       r  i_system_wrapper/system_i/axi_i2s_adi/U0/ctrl/tx_sync/fifo_reg_0_3_0_4/RAMA/WADR0
  -------------------------------------------------------------------    -------------------

                         (clock clk_fpga_0 rise edge)
                                                      0.000     0.000 r  
    PS7_X0Y0             PS7                          0.000     0.000 r  i_system_wrapper/system_i/sys_ps7/inst/PS7_i/FCLKCLK[0]
                         net (fo=1, routed)           0.337     0.337    i_system_wrapper/system_i/sys_ps7/inst/FCLK_CLK_unbuffered[0]
    BUFGCTRL_X0Y16       BUFG (Prop_bufg_I_O)         0.029     0.366 r  i_system_wrapper/system_i/sys_ps7/inst/buffer_fclk_clk_0.FCLK_CLK_0_BUFG/O
                         net (fo=4604, routed)        0.831     1.197    i_system_wrapper/system_i/axi_i2s_adi/U0/ctrl/tx_sync/fifo_reg_0_3_0_4/WCLK
    SLICE_X30Y77         RAMD32                                       r  i_system_wrapper/system_i/axi_i2s_adi/U0/ctrl/tx_sync/fifo_reg_0_3_0_4/RAMA/CLK
                         clock pessimism             -0.282     0.915    
    SLICE_X30Y77         RAMD32 (Hold_ramd32_CLK_WADR0)
                                                      0.310     1.225    i_system_wrapper/system_i/axi_i2s_adi/U0/ctrl/tx_sync/fifo_reg_0_3_0_4/RAMA
  -------------------------------------------------------------------
                         required time                         -1.225    
                         arrival time                           1.248    
  -------------------------------------------------------------------
                         slack                                  0.023    





Pulse Width Checks
--------------------------------------------------------------------------------------
Clock Name:         clk_fpga_0
Waveform(ns):       { 0.000 5.000 }
Period(ns):         10.000
Sources:            { i_system_wrapper/system_i/sys_ps7/inst/PS7_i/FCLKCLK[0] }

Check Type        Corner  Lib Pin          Reference Pin  Required(ns)  Actual(ns)  Slack(ns)  Location         Pin
Min Period        n/a     MMCME2_ADV/DCLK  n/a            4.999         10.000      5.001      MMCME2_ADV_X0Y0  i_system_wrapper/system_i/axi_hdmi_clkgen/inst/i_mmcm_drp/i_mmcm/DCLK
Low Pulse Width   Slow    MMCME2_ADV/DCLK  n/a            2.500         5.000       2.501      MMCME2_ADV_X0Y0  i_system_wrapper/system_i/axi_hdmi_clkgen/inst/i_mmcm_drp/i_mmcm/DCLK
High Pulse Width  Slow    MMCME2_ADV/DCLK  n/a            2.500         5.000       2.500      MMCME2_ADV_X0Y0  i_system_wrapper/system_i/axi_hdmi_clkgen/inst/i_mmcm_drp/i_mmcm/DCLK



---------------------------------------------------------------------------------------------------
From Clock:  clk_fpga_1
  To Clock:  clk_fpga_1

Setup :           NA  Failing Endpoints,  Worst Slack           NA  ,  Total Violation           NA
Hold  :           NA  Failing Endpoints,  Worst Slack           NA  ,  Total Violation           NA
PW    :            0  Failing Endpoints,  Worst Slack        1.100ns,  Total Violation        0.000ns
---------------------------------------------------------------------------------------------------


Pulse Width Checks
--------------------------------------------------------------------------------------
Clock Name:         clk_fpga_1
Waveform(ns):       { 0.000 2.500 }
Period(ns):         5.000
Sources:            { i_system_wrapper/system_i/sys_ps7/inst/PS7_i/FCLKCLK[1] }

Check Type        Corner  Lib Pin            Reference Pin  Required(ns)  Actual(ns)  Slack(ns)  Location         Pin
Min Period        n/a     BUFG/I             n/a            2.155         5.000       2.845      BUFGCTRL_X0Y17   i_system_wrapper/system_i/sys_ps7/inst/buffer_fclk_clk_1.FCLK_CLK_1_BUFG/I
Max Period        n/a     MMCME2_ADV/CLKIN1  n/a            100.000       5.000       95.000     MMCME2_ADV_X0Y0  i_system_wrapper/system_i/axi_hdmi_clkgen/inst/i_mmcm_drp/i_mmcm/CLKIN1
Low Pulse Width   Slow    MMCME2_ADV/CLKIN1  n/a            1.400         2.500       1.100      MMCME2_ADV_X0Y0  i_system_wrapper/system_i/axi_hdmi_clkgen/inst/i_mmcm_drp/i_mmcm/CLKIN1
High Pulse Width  Fast    MMCME2_ADV/CLKIN1  n/a            1.400         2.500       1.100      MMCME2_ADV_X0Y0  i_system_wrapper/system_i/axi_hdmi_clkgen/inst/i_mmcm_drp/i_mmcm/CLKIN1



---------------------------------------------------------------------------------------------------
From Clock:  mmcm_clk_0_s
  To Clock:  mmcm_clk_0_s

Setup :            0  Failing Endpoints,  Worst Slack        0.328ns,  Total Violation        0.000ns
Hold  :            0  Failing Endpoints,  Worst Slack        0.047ns,  Total Violation        0.000ns
PW    :            0  Failing Endpoints,  Worst Slack        2.387ns,  Total Violation        0.000ns
---------------------------------------------------------------------------------------------------


Max Delay Paths
--------------------------------------------------------------------------------------
Slack (MET) :             0.328ns  (required time - arrival time)
  Source:                 i_system_wrapper/system_i/axi_hdmi_core/inst/i_up/i_hdmi_xfer_cntrl/d_data_cntrl_reg[129]/C
                            (rising edge-triggered cell FDRE clocked by mmcm_clk_0_s  {rise@0.000ns fall@3.367ns period=6.735ns})
  Destination:            i_system_wrapper/system_i/axi_hdmi_core/inst/i_tx_core/hdmi_vs_count_reg[12]/R
                            (rising edge-triggered cell FDRE clocked by mmcm_clk_0_s  {rise@0.000ns fall@3.367ns period=6.735ns})
  Path Group:             mmcm_clk_0_s
  Path Type:              Setup (Max at Slow Process Corner)
  Requirement:            6.735ns  (mmcm_clk_0_s rise@6.735ns - mmcm_clk_0_s rise@0.000ns)
  Data Path Delay:        5.716ns  (logic 2.580ns (45.134%)  route 3.136ns (54.866%))
  Logic Levels:           7  (CARRY4=4 LUT1=1 LUT2=1 LUT4=1)
  Clock Path Skew:        -0.019ns (DCD - SCD + CPR)
    Destination Clock Delay (DCD):    2.670ns = ( 9.404 - 6.735 ) 
    Source Clock Delay      (SCD):    2.952ns
    Clock Pessimism Removal (CPR):    0.263ns
  Clock Uncertainty:      0.147ns  ((TSJ^2 + DJ^2)^1/2) / 2 + PE
    Total System Jitter     (TSJ):    0.071ns
    Discrete Jitter          (DJ):    0.286ns
    Phase Error              (PE):    0.000ns

    Location             Delay type                Incr(ns)  Path(ns)    Netlist Resource(s)
  -------------------------------------------------------------------    -------------------
                         (clock mmcm_clk_0_s rise edge)
                                                      0.000     0.000 r  
    PS7_X0Y0             PS7                          0.000     0.000 r  i_system_wrapper/system_i/sys_ps7/inst/PS7_i/FCLKCLK[1]
                         net (fo=1, routed)           1.193     1.193    i_system_wrapper/system_i/sys_ps7/inst/FCLK_CLK_unbuffered[1]
    BUFGCTRL_X0Y17       BUFG (Prop_bufg_I_O)         0.101     1.294 r  i_system_wrapper/system_i/sys_ps7/inst/buffer_fclk_clk_1.FCLK_CLK_1_BUFG/O
                         net (fo=2, routed)           1.762     3.056    i_system_wrapper/system_i/axi_hdmi_clkgen/inst/i_mmcm_drp/clk
    MMCME2_ADV_X0Y0      MMCME2_ADV (Prop_mmcme2_adv_CLKIN1_CLKOUT0)
                                                     -3.715    -0.659 r  i_system_wrapper/system_i/axi_hdmi_clkgen/inst/i_mmcm_drp/i_mmcm/CLKOUT0
                         net (fo=1, routed)           1.855     1.196    i_system_wrapper/system_i/axi_hdmi_clkgen/inst/i_mmcm_drp/mmcm_clk_0_s
    BUFGCTRL_X0Y0        BUFG (Prop_bufg_I_O)         0.101     1.297 r  i_system_wrapper/system_i/axi_hdmi_clkgen/inst/i_mmcm_drp/i_clk_0_bufg/O
                         net (fo=1001, routed)        1.655     2.952    i_system_wrapper/system_i/axi_hdmi_core/inst/i_up/i_hdmi_xfer_cntrl/hdmi_clk
    SLICE_X36Y31         FDRE                                         r  i_system_wrapper/system_i/axi_hdmi_core/inst/i_up/i_hdmi_xfer_cntrl/d_data_cntrl_reg[129]/C
  -------------------------------------------------------------------    -------------------
    SLICE_X36Y31         FDRE (Prop_fdre_C_Q)         0.518     3.470 f  i_system_wrapper/system_i/axi_hdmi_core/inst/i_up/i_hdmi_xfer_cntrl/d_data_cntrl_reg[129]/Q
                         net (fo=2, routed)           0.712     4.182    i_system_wrapper/system_i/axi_hdmi_core/inst/i_up/i_hdmi_xfer_cntrl/Q[112]
    SLICE_X37Y32         LUT1 (Prop_lut1_I0_O)        0.124     4.306 r  i_system_wrapper/system_i/axi_hdmi_core/inst/i_up/i_hdmi_xfer_cntrl/hdmi_hs_count[0]_i_39/O
                         net (fo=1, routed)           0.000     4.306    i_system_wrapper/system_i/axi_hdmi_core/inst/i_tx_core/d_data_cntrl_reg[131][1]
    SLICE_X37Y32         CARRY4 (Prop_carry4_S[1]_CO[3])
                                                      0.550     4.856 r  i_system_wrapper/system_i/axi_hdmi_core/inst/i_tx_core/hdmi_hs_count_reg[0]_i_24/CO[3]
                         net (fo=1, routed)           0.000     4.856    i_system_wrapper/system_i/axi_hdmi_core/inst/i_tx_core/hdmi_hs_count_reg[0]_i_24_n_0
    SLICE_X37Y33         CARRY4 (Prop_carry4_CI_CO[3])
                                                      0.114     4.970 r  i_system_wrapper/system_i/axi_hdmi_core/inst/i_tx_core/hdmi_hs_count_reg[0]_i_23/CO[3]
                         net (fo=1, routed)           0.000     4.970    i_system_wrapper/system_i/axi_hdmi_core/inst/i_tx_core/hdmi_hs_count_reg[0]_i_23_n_0
    SLICE_X37Y34         CARRY4 (Prop_carry4_CI_O[1])
                                                      0.334     5.304 r  i_system_wrapper/system_i/axi_hdmi_core/inst/i_tx_core/hdmi_hs_count_reg[0]_i_22/O[1]
                         net (fo=2, routed)           0.667     5.971    i_system_wrapper/system_i/axi_hdmi_core/inst/i_tx_core/hdmi_hl_width_s[9]
    SLICE_X36Y34         LUT4 (Prop_lut4_I0_O)        0.303     6.274 r  i_system_wrapper/system_i/axi_hdmi_core/inst/i_tx_core/hdmi_hs_count[0]_i_11/O
                         net (fo=1, routed)           0.000     6.274    i_system_wrapper/system_i/axi_hdmi_core/inst/i_tx_core/hdmi_hs_count[0]_i_11_n_0
    SLICE_X36Y34         CARRY4 (Prop_carry4_S[0]_CO[3])
                                                      0.513     6.787 r  i_system_wrapper/system_i/axi_hdmi_core/inst/i_tx_core/hdmi_hs_count_reg[0]_i_1/CO[3]
                         net (fo=33, routed)          0.959     7.746    i_system_wrapper/system_i/axi_hdmi_core/inst/i_tx_core/hdmi_hs_count_reg[0]_i_1_n_0
    SLICE_X41Y33         LUT2 (Prop_lut2_I1_O)        0.124     7.870 r  i_system_wrapper/system_i/axi_hdmi_core/inst/i_tx_core/hdmi_vs_count[0]_i_1/O
                         net (fo=16, routed)          0.798     8.668    i_system_wrapper/system_i/axi_hdmi_core/inst/i_tx_core/hdmi_vs_count[0]_i_1_n_0
    SLICE_X38Y35         FDRE                                         r  i_system_wrapper/system_i/axi_hdmi_core/inst/i_tx_core/hdmi_vs_count_reg[12]/R
  -------------------------------------------------------------------    -------------------

                         (clock mmcm_clk_0_s rise edge)
                                                      6.735     6.735 r  
    PS7_X0Y0             PS7                          0.000     6.735 r  i_system_wrapper/system_i/sys_ps7/inst/PS7_i/FCLKCLK[1]
                         net (fo=1, routed)           1.088     7.823    i_system_wrapper/system_i/sys_ps7/inst/FCLK_CLK_unbuffered[1]
    BUFGCTRL_X0Y17       BUFG (Prop_bufg_I_O)         0.091     7.914 r  i_system_wrapper/system_i/sys_ps7/inst/buffer_fclk_clk_1.FCLK_CLK_1_BUFG/O
                         net (fo=2, routed)           1.570     9.484    i_system_wrapper/system_i/axi_hdmi_clkgen/inst/i_mmcm_drp/clk
    MMCME2_ADV_X0Y0      MMCME2_ADV (Prop_mmcme2_adv_CLKIN1_CLKOUT0)
                                                     -3.349     6.135 r  i_system_wrapper/system_i/axi_hdmi_clkgen/inst/i_mmcm_drp/i_mmcm/CLKOUT0
                         net (fo=1, routed)           1.691     7.826    i_system_wrapper/system_i/axi_hdmi_clkgen/inst/i_mmcm_drp/mmcm_clk_0_s
    BUFGCTRL_X0Y0        BUFG (Prop_bufg_I_O)         0.091     7.917 r  i_system_wrapper/system_i/axi_hdmi_clkgen/inst/i_mmcm_drp/i_clk_0_bufg/O
                         net (fo=1001, routed)        1.487     9.404    i_system_wrapper/system_i/axi_hdmi_core/inst/i_tx_core/hdmi_clk
    SLICE_X38Y35         FDRE                                         r  i_system_wrapper/system_i/axi_hdmi_core/inst/i_tx_core/hdmi_vs_count_reg[12]/C
                         clock pessimism              0.263     9.668    
                         clock uncertainty           -0.147     9.520    
    SLICE_X38Y35         FDRE (Setup_fdre_C_R)       -0.524     8.996    i_system_wrapper/system_i/axi_hdmi_core/inst/i_tx_core/hdmi_vs_count_reg[12]
  -------------------------------------------------------------------
                         required time                          8.996    
                         arrival time                          -8.668    
  -------------------------------------------------------------------
                         slack                                  0.328    





Min Delay Paths
--------------------------------------------------------------------------------------
Slack (MET) :             0.047ns  (arrival time - required time)
  Source:                 i_system_wrapper/system_i/axi_hdmi_core/inst/i_tx_core/i_ss_444to422/s444_data_d_reg[23]/C
                            (rising edge-triggered cell FDRE clocked by mmcm_clk_0_s  {rise@0.000ns fall@3.367ns period=6.735ns})
  Destination:            i_system_wrapper/system_i/axi_hdmi_core/inst/i_tx_core/i_ss_444to422/s444_data_2d_reg[23]/D
                            (rising edge-triggered cell FDRE clocked by mmcm_clk_0_s  {rise@0.000ns fall@3.367ns period=6.735ns})
  Path Group:             mmcm_clk_0_s
  Path Type:              Hold (Min at Fast Process Corner)
  Requirement:            0.000ns  (mmcm_clk_0_s rise@0.000ns - mmcm_clk_0_s rise@0.000ns)
  Data Path Delay:        0.377ns  (logic 0.164ns (43.463%)  route 0.213ns (56.537%))
  Logic Levels:           0  
  Clock Path Skew:        0.264ns (DCD - SCD - CPR)
    Destination Clock Delay (DCD):    1.184ns
    Source Clock Delay      (SCD):    0.885ns
    Clock Pessimism Removal (CPR):    0.035ns

    Location             Delay type                Incr(ns)  Path(ns)    Netlist Resource(s)
  -------------------------------------------------------------------    -------------------
                         (clock mmcm_clk_0_s rise edge)
                                                      0.000     0.000 r  
    PS7_X0Y0             PS7                          0.000     0.000 r  i_system_wrapper/system_i/sys_ps7/inst/PS7_i/FCLKCLK[1]
                         net (fo=1, routed)           0.310     0.310    i_system_wrapper/system_i/sys_ps7/inst/FCLK_CLK_unbuffered[1]
    BUFGCTRL_X0Y17       BUFG (Prop_bufg_I_O)         0.026     0.336 r  i_system_wrapper/system_i/sys_ps7/inst/buffer_fclk_clk_1.FCLK_CLK_1_BUFG/O
                         net (fo=2, routed)           0.580     0.915    i_system_wrapper/system_i/axi_hdmi_clkgen/inst/i_mmcm_drp/clk
    MMCME2_ADV_X0Y0      MMCME2_ADV (Prop_mmcme2_adv_CLKIN1_CLKOUT0)
                                                     -1.122    -0.206 r  i_system_wrapper/system_i/axi_hdmi_clkgen/inst/i_mmcm_drp/i_mmcm/CLKOUT0
                         net (fo=1, routed)           0.518     0.312    i_system_wrapper/system_i/axi_hdmi_clkgen/inst/i_mmcm_drp/mmcm_clk_0_s
    BUFGCTRL_X0Y0        BUFG (Prop_bufg_I_O)         0.026     0.338 r  i_system_wrapper/system_i/axi_hdmi_clkgen/inst/i_mmcm_drp/i_clk_0_bufg/O
                         net (fo=1001, routed)        0.547     0.884    i_system_wrapper/system_i/axi_hdmi_core/inst/i_tx_core/i_ss_444to422/hdmi_clk
    SLICE_X50Y29         FDRE                                         r  i_system_wrapper/system_i/axi_hdmi_core/inst/i_tx_core/i_ss_444to422/s444_data_d_reg[23]/C
  -------------------------------------------------------------------    -------------------
    SLICE_X50Y29         FDRE (Prop_fdre_C_Q)         0.164     1.048 r  i_system_wrapper/system_i/axi_hdmi_core/inst/i_tx_core/i_ss_444to422/s444_data_d_reg[23]/Q
                         net (fo=3, routed)           0.213     1.262    i_system_wrapper/system_i/axi_hdmi_core/inst/i_tx_core/i_ss_444to422/s444_data_d_reg_n_0_[23]
    SLICE_X44Y29         FDRE                                         r  i_system_wrapper/system_i/axi_hdmi_core/inst/i_tx_core/i_ss_444to422/s444_data_2d_reg[23]/D
  -------------------------------------------------------------------    -------------------

                         (clock mmcm_clk_0_s rise edge)
                                                      0.000     0.000 r  
    PS7_X0Y0             PS7                          0.000     0.000 r  i_system_wrapper/system_i/sys_ps7/inst/PS7_i/FCLKCLK[1]
                         net (fo=1, routed)           0.337     0.337    i_system_wrapper/system_i/sys_ps7/inst/FCLK_CLK_unbuffered[1]
    BUFGCTRL_X0Y17       BUFG (Prop_bufg_I_O)         0.029     0.366 r  i_system_wrapper/system_i/sys_ps7/inst/buffer_fclk_clk_1.FCLK_CLK_1_BUFG/O
                         net (fo=2, routed)           0.846     1.212    i_system_wrapper/system_i/axi_hdmi_clkgen/inst/i_mmcm_drp/clk
    MMCME2_ADV_X0Y0      MMCME2_ADV (Prop_mmcme2_adv_CLKIN1_CLKOUT0)
                                                     -1.437    -0.225 r  i_system_wrapper/system_i/axi_hdmi_clkgen/inst/i_mmcm_drp/i_mmcm/CLKOUT0
                         net (fo=1, routed)           0.564     0.339    i_system_wrapper/system_i/axi_hdmi_clkgen/inst/i_mmcm_drp/mmcm_clk_0_s
    BUFGCTRL_X0Y0        BUFG (Prop_bufg_I_O)         0.029     0.368 r  i_system_wrapper/system_i/axi_hdmi_clkgen/inst/i_mmcm_drp/i_clk_0_bufg/O
                         net (fo=1001, routed)        0.816     1.184    i_system_wrapper/system_i/axi_hdmi_core/inst/i_tx_core/i_ss_444to422/hdmi_clk
    SLICE_X44Y29         FDRE                                         r  i_system_wrapper/system_i/axi_hdmi_core/inst/i_tx_core/i_ss_444to422/s444_data_2d_reg[23]/C
                         clock pessimism             -0.035     1.149    
    SLICE_X44Y29         FDRE (Hold_fdre_C_D)         0.066     1.215    i_system_wrapper/system_i/axi_hdmi_core/inst/i_tx_core/i_ss_444to422/s444_data_2d_reg[23]
  -------------------------------------------------------------------
                         required time                         -1.215    
                         arrival time                           1.262    
  -------------------------------------------------------------------
                         slack                                  0.047    





Pulse Width Checks
--------------------------------------------------------------------------------------
Clock Name:         mmcm_clk_0_s
Waveform(ns):       { 0.000 3.367 }
Period(ns):         6.735
Sources:            { i_system_wrapper/system_i/axi_hdmi_clkgen/inst/i_mmcm_drp/i_mmcm/CLKOUT0 }

Check Type        Corner  Lib Pin             Reference Pin  Required(ns)  Actual(ns)  Slack(ns)  Location         Pin
Min Period        n/a     RAMB36E1/CLKARDCLK  n/a            2.576         6.735       4.159      RAMB36_X0Y7      i_system_wrapper/system_i/axi_hdmi_core/inst/i_tx_core/i_mem/m_ram_reg/CLKARDCLK
Max Period        n/a     MMCME2_ADV/CLKOUT0  n/a            213.360       6.735       206.625    MMCME2_ADV_X0Y0  i_system_wrapper/system_i/axi_hdmi_clkgen/inst/i_mmcm_drp/i_mmcm/CLKOUT0
Low Pulse Width   Slow    SRL16E/CLK          n/a            0.980         3.367       2.387      SLICE_X50Y34     i_system_wrapper/system_i/axi_hdmi_core/inst/i_tx_core/hdmi_hs_2d_reg_srl2/CLK
High Pulse Width  Slow    SRL16E/CLK          n/a            0.980         3.367       2.387      SLICE_X50Y34     i_system_wrapper/system_i/axi_hdmi_core/inst/i_tx_core/hdmi_hs_2d_reg_srl2/CLK



---------------------------------------------------------------------------------------------------
From Clock:  mmcm_fb_clk_s
  To Clock:  mmcm_fb_clk_s

Setup :           NA  Failing Endpoints,  Worst Slack           NA  ,  Total Violation           NA
Hold  :           NA  Failing Endpoints,  Worst Slack           NA  ,  Total Violation           NA
PW    :            0  Failing Endpoints,  Worst Slack       45.000ns,  Total Violation        0.000ns
---------------------------------------------------------------------------------------------------


Pulse Width Checks
--------------------------------------------------------------------------------------
Clock Name:         mmcm_fb_clk_s
Waveform(ns):       { 0.000 27.500 }
Period(ns):         55.000
Sources:            { i_system_wrapper/system_i/axi_hdmi_clkgen/inst/i_mmcm_drp/i_mmcm/CLKFBOUT }

Check Type  Corner  Lib Pin             Reference Pin  Required(ns)  Actual(ns)  Slack(ns)  Location         Pin
Min Period  n/a     BUFG/I              n/a            2.155         55.000      52.845     BUFGCTRL_X0Y2    i_system_wrapper/system_i/axi_hdmi_clkgen/inst/i_mmcm_drp/i_fb_clk_bufg/I
Max Period  n/a     MMCME2_ADV/CLKFBIN  n/a            100.000       55.000      45.000     MMCME2_ADV_X0Y0  i_system_wrapper/system_i/axi_hdmi_clkgen/inst/i_mmcm_drp/i_mmcm/CLKFBIN



---------------------------------------------------------------------------------------------------
From Clock:  i_system_wrapper/system_i/sys_audio_clkgen/inst/clk_in1
  To Clock:  i_system_wrapper/system_i/sys_audio_clkgen/inst/clk_in1

Setup :           NA  Failing Endpoints,  Worst Slack           NA  ,  Total Violation           NA
Hold  :           NA  Failing Endpoints,  Worst Slack           NA  ,  Total Violation           NA
PW    :            0  Failing Endpoints,  Worst Slack        1.100ns,  Total Violation        0.000ns
---------------------------------------------------------------------------------------------------


Pulse Width Checks
--------------------------------------------------------------------------------------
Clock Name:         i_system_wrapper/system_i/sys_audio_clkgen/inst/clk_in1
Waveform(ns):       { 0.000 2.500 }
Period(ns):         5.000
Sources:            { i_system_wrapper/system_i/sys_audio_clkgen/inst/clk_in1 }

Check Type        Corner  Lib Pin            Reference Pin  Required(ns)  Actual(ns)  Slack(ns)  Location         Pin
Min Period        n/a     MMCME2_ADV/CLKIN1  n/a            1.249         5.000       3.751      MMCME2_ADV_X1Y0  i_system_wrapper/system_i/sys_audio_clkgen/inst/mmcm_adv_inst/CLKIN1
Max Period        n/a     MMCME2_ADV/CLKIN1  n/a            100.000       5.000       95.000     MMCME2_ADV_X1Y0  i_system_wrapper/system_i/sys_audio_clkgen/inst/mmcm_adv_inst/CLKIN1
Low Pulse Width   Slow    MMCME2_ADV/CLKIN1  n/a            1.400         2.500       1.100      MMCME2_ADV_X1Y0  i_system_wrapper/system_i/sys_audio_clkgen/inst/mmcm_adv_inst/CLKIN1
High Pulse Width  Slow    MMCME2_ADV/CLKIN1  n/a            1.400         2.500       1.100      MMCME2_ADV_X1Y0  i_system_wrapper/system_i/sys_audio_clkgen/inst/mmcm_adv_inst/CLKIN1



---------------------------------------------------------------------------------------------------
From Clock:  clk_out1_system_sys_audio_clkgen_0_1
  To Clock:  clk_out1_system_sys_audio_clkgen_0_1

Setup :            0  Failing Endpoints,  Worst Slack       78.238ns,  Total Violation        0.000ns
Hold  :            0  Failing Endpoints,  Worst Slack        0.068ns,  Total Violation        0.000ns
PW    :            0  Failing Endpoints,  Worst Slack       39.440ns,  Total Violation        0.000ns
---------------------------------------------------------------------------------------------------


Max Delay Paths
--------------------------------------------------------------------------------------
Slack (MET) :             78.238ns  (required time - arrival time)
  Source:                 i_system_wrapper/system_i/axi_i2s_adi/U0/ctrl/tx_sync/rd_addr_reg[0]/C
                            (rising edge-triggered cell FDRE clocked by clk_out1_system_sys_audio_clkgen_0_1  {rise@0.000ns fall@40.690ns period=81.380ns})
  Destination:            i_system_wrapper/system_i/axi_i2s_adi/U0/ctrl/tx_sync/out_data_reg[0]/D
                            (rising edge-triggered cell FDRE clocked by clk_out1_system_sys_audio_clkgen_0_1  {rise@0.000ns fall@40.690ns period=81.380ns})
  Path Group:             clk_out1_system_sys_audio_clkgen_0_1
  Path Type:              Setup (Max at Slow Process Corner)
  Requirement:            81.380ns  (clk_out1_system_sys_audio_clkgen_0_1 rise@81.380ns - clk_out1_system_sys_audio_clkgen_0_1 rise@0.000ns)
  Data Path Delay:        2.693ns  (logic 0.606ns (22.503%)  route 2.087ns (77.497%))
  Logic Levels:           1  (RAMD32=1)
  Clock Path Skew:        -0.022ns (DCD - SCD + CPR)
    Destination Clock Delay (DCD):    1.516ns = ( 82.896 - 81.380 ) 
    Source Clock Delay      (SCD):    1.687ns
    Clock Pessimism Removal (CPR):    0.149ns
  Clock Uncertainty:      0.168ns  ((TSJ^2 + DJ^2)^1/2) / 2 + PE
    Total System Jitter     (TSJ):    0.071ns
    Discrete Jitter          (DJ):    0.328ns
    Phase Error              (PE):    0.000ns

    Location             Delay type                Incr(ns)  Path(ns)    Netlist Resource(s)
  -------------------------------------------------------------------    -------------------
                         (clock clk_out1_system_sys_audio_clkgen_0_1 rise edge)
                                                      0.000     0.000 r  
    BUFGCTRL_X0Y17       BUFG                         0.000     0.000 r  i_system_wrapper/system_i/sys_ps7/inst/buffer_fclk_clk_1.FCLK_CLK_1_BUFG/O
                         net (fo=2, routed)           1.806     1.806    i_system_wrapper/system_i/sys_audio_clkgen/inst/clk_in1
    MMCME2_ADV_X1Y0      MMCME2_ADV (Prop_mmcme2_adv_CLKIN1_CLKOUT0)
                                                     -3.793    -1.987 r  i_system_wrapper/system_i/sys_audio_clkgen/inst/mmcm_adv_inst/CLKOUT0
                         net (fo=1, routed)           1.889    -0.098    i_system_wrapper/system_i/sys_audio_clkgen/inst/clk_out1_system_sys_audio_clkgen_0
    BUFGCTRL_X0Y1        BUFG (Prop_bufg_I_O)         0.101     0.003 r  i_system_wrapper/system_i/sys_audio_clkgen/inst/clkout1_buf/O
                         net (fo=32, routed)          1.684     1.687    i_system_wrapper/system_i/axi_i2s_adi/U0/ctrl/tx_sync/DATA_CLK_I
    SLICE_X31Y76         FDRE                                         r  i_system_wrapper/system_i/axi_i2s_adi/U0/ctrl/tx_sync/rd_addr_reg[0]/C
  -------------------------------------------------------------------    -------------------
    SLICE_X31Y76         FDRE (Prop_fdre_C_Q)         0.456     2.143 r  i_system_wrapper/system_i/axi_i2s_adi/U0/ctrl/tx_sync/rd_addr_reg[0]/Q
                         net (fo=8, routed)           1.131     3.274    i_system_wrapper/system_i/axi_i2s_adi/U0/ctrl/tx_sync/fifo_reg_0_3_0_4/ADDRA0
    SLICE_X30Y77         RAMD32 (Prop_ramd32_RADR0_O)
                                                      0.150     3.424 r  i_system_wrapper/system_i/axi_i2s_adi/U0/ctrl/tx_sync/fifo_reg_0_3_0_4/RAMA/O
                         net (fo=1, routed)           0.956     4.380    i_system_wrapper/system_i/axi_i2s_adi/U0/ctrl/tx_sync/out_data0[0]
    SLICE_X30Y76         FDRE                                         r  i_system_wrapper/system_i/axi_i2s_adi/U0/ctrl/tx_sync/out_data_reg[0]/D
  -------------------------------------------------------------------    -------------------

                         (clock clk_out1_system_sys_audio_clkgen_0_1 rise edge)
                                                     81.380    81.380 r  
    BUFGCTRL_X0Y17       BUFG                         0.000    81.380 r  i_system_wrapper/system_i/sys_ps7/inst/buffer_fclk_clk_1.FCLK_CLK_1_BUFG/O
                         net (fo=2, routed)           1.612    82.993    i_system_wrapper/system_i/sys_audio_clkgen/inst/clk_in1
    MMCME2_ADV_X1Y0      MMCME2_ADV (Prop_mmcme2_adv_CLKIN1_CLKOUT0)
                                                     -3.425    79.567 r  i_system_wrapper/system_i/sys_audio_clkgen/inst/mmcm_adv_inst/CLKOUT0
                         net (fo=1, routed)           1.725    81.292    i_system_wrapper/system_i/sys_audio_clkgen/inst/clk_out1_system_sys_audio_clkgen_0
    BUFGCTRL_X0Y1        BUFG (Prop_bufg_I_O)         0.091    81.383 r  i_system_wrapper/system_i/sys_audio_clkgen/inst/clkout1_buf/O
                         net (fo=32, routed)          1.513    82.896    i_system_wrapper/system_i/axi_i2s_adi/U0/ctrl/tx_sync/DATA_CLK_I
    SLICE_X30Y76         FDRE                                         r  i_system_wrapper/system_i/axi_i2s_adi/U0/ctrl/tx_sync/out_data_reg[0]/C
                         clock pessimism              0.149    83.045    
                         clock uncertainty           -0.168    82.878    
    SLICE_X30Y76         FDRE (Setup_fdre_C_D)       -0.260    82.618    i_system_wrapper/system_i/axi_i2s_adi/U0/ctrl/tx_sync/out_data_reg[0]
  -------------------------------------------------------------------
                         required time                         82.618    
                         arrival time                          -4.380    
  -------------------------------------------------------------------
                         slack                                 78.238    





Min Delay Paths
--------------------------------------------------------------------------------------
Slack (MET) :             0.068ns  (arrival time - required time)
  Source:                 i_system_wrapper/system_i/axi_i2s_adi/U0/ctrl/rx_gen.rx_sync/wr_addr_reg[0]/C
                            (rising edge-triggered cell FDRE clocked by clk_out1_system_sys_audio_clkgen_0_1  {rise@0.000ns fall@40.690ns period=81.380ns})
  Destination:            i_system_wrapper/system_i/axi_i2s_adi/U0/ctrl/rx_gen.rx_sync/fifo_reg_0_3_0_4/RAMA/WADR0
                            (rising edge-triggered cell RAMD32 clocked by clk_out1_system_sys_audio_clkgen_0_1  {rise@0.000ns fall@40.690ns period=81.380ns})
  Path Group:             clk_out1_system_sys_audio_clkgen_0_1
  Path Type:              Hold (Min at Fast Process Corner)
  Requirement:            0.000ns  (clk_out1_system_sys_audio_clkgen_0_1 rise@0.000ns - clk_out1_system_sys_audio_clkgen_0_1 rise@0.000ns)
  Data Path Delay:        0.408ns  (logic 0.141ns (34.597%)  route 0.267ns (65.403%))
  Logic Levels:           0  
  Clock Path Skew:        0.030ns (DCD - SCD - CPR)
    Destination Clock Delay (DCD):    0.832ns
    Source Clock Delay      (SCD):    0.568ns
    Clock Pessimism Removal (CPR):    0.234ns

    Location             Delay type                Incr(ns)  Path(ns)    Netlist Resource(s)
  -------------------------------------------------------------------    -------------------
                         (clock clk_out1_system_sys_audio_clkgen_0_1 rise edge)
                                                      0.000     0.000 r  
    BUFGCTRL_X0Y17       BUFG                         0.000     0.000 r  i_system_wrapper/system_i/sys_ps7/inst/buffer_fclk_clk_1.FCLK_CLK_1_BUFG/O
                         net (fo=2, routed)           0.597     0.597    i_system_wrapper/system_i/sys_audio_clkgen/inst/clk_in1
    MMCME2_ADV_X1Y0      MMCME2_ADV (Prop_mmcme2_adv_CLKIN1_CLKOUT0)
                                                     -1.149    -0.553 r  i_system_wrapper/system_i/sys_audio_clkgen/inst/mmcm_adv_inst/CLKOUT0
                         net (fo=1, routed)           0.529    -0.024    i_system_wrapper/system_i/sys_audio_clkgen/inst/clk_out1_system_sys_audio_clkgen_0
    BUFGCTRL_X0Y1        BUFG (Prop_bufg_I_O)         0.026     0.002 r  i_system_wrapper/system_i/sys_audio_clkgen/inst/clkout1_buf/O
                         net (fo=32, routed)          0.566     0.568    i_system_wrapper/system_i/axi_i2s_adi/U0/ctrl/rx_gen.rx_sync/DATA_CLK_I
    SLICE_X28Y73         FDRE                                         r  i_system_wrapper/system_i/axi_i2s_adi/U0/ctrl/rx_gen.rx_sync/wr_addr_reg[0]/C
  -------------------------------------------------------------------    -------------------
    SLICE_X28Y73         FDRE (Prop_fdre_C_Q)         0.141     0.709 r  i_system_wrapper/system_i/axi_i2s_adi/U0/ctrl/rx_gen.rx_sync/wr_addr_reg[0]/Q
                         net (fo=10, routed)          0.267     0.975    i_system_wrapper/system_i/axi_i2s_adi/U0/ctrl/rx_gen.rx_sync/fifo_reg_0_3_0_4/ADDRD0
    SLICE_X26Y73         RAMD32                                       r  i_system_wrapper/system_i/axi_i2s_adi/U0/ctrl/rx_gen.rx_sync/fifo_reg_0_3_0_4/RAMA/WADR0
  -------------------------------------------------------------------    -------------------

                         (clock clk_out1_system_sys_audio_clkgen_0_1 rise edge)
                                                      0.000     0.000 r  
    BUFGCTRL_X0Y17       BUFG                         0.000     0.000 r  i_system_wrapper/system_i/sys_ps7/inst/buffer_fclk_clk_1.FCLK_CLK_1_BUFG/O
                         net (fo=2, routed)           0.864     0.864    i_system_wrapper/system_i/sys_audio_clkgen/inst/clk_in1
    MMCME2_ADV_X1Y0      MMCME2_ADV (Prop_mmcme2_adv_CLKIN1_CLKOUT0)
                                                     -1.467    -0.603 r  i_system_wrapper/system_i/sys_audio_clkgen/inst/mmcm_adv_inst/CLKOUT0
                         net (fo=1, routed)           0.576    -0.027    i_system_wrapper/system_i/sys_audio_clkgen/inst/clk_out1_system_sys_audio_clkgen_0
    BUFGCTRL_X0Y1        BUFG (Prop_bufg_I_O)         0.029     0.002 r  i_system_wrapper/system_i/sys_audio_clkgen/inst/clkout1_buf/O
                         net (fo=32, routed)          0.830     0.832    i_system_wrapper/system_i/axi_i2s_adi/U0/ctrl/rx_gen.rx_sync/fifo_reg_0_3_0_4/WCLK
    SLICE_X26Y73         RAMD32                                       r  i_system_wrapper/system_i/axi_i2s_adi/U0/ctrl/rx_gen.rx_sync/fifo_reg_0_3_0_4/RAMA/CLK
                         clock pessimism             -0.234     0.598    
    SLICE_X26Y73         RAMD32 (Hold_ramd32_CLK_WADR0)
                                                      0.310     0.908    i_system_wrapper/system_i/axi_i2s_adi/U0/ctrl/rx_gen.rx_sync/fifo_reg_0_3_0_4/RAMA
  -------------------------------------------------------------------
                         required time                         -0.908    
                         arrival time                           0.975    
  -------------------------------------------------------------------
                         slack                                  0.068    





Pulse Width Checks
--------------------------------------------------------------------------------------
Clock Name:         clk_out1_system_sys_audio_clkgen_0_1
Waveform(ns):       { 0.000 40.690 }
Period(ns):         81.380
Sources:            { i_system_wrapper/system_i/sys_audio_clkgen/inst/mmcm_adv_inst/CLKOUT0 }

Check Type        Corner  Lib Pin             Reference Pin  Required(ns)  Actual(ns)  Slack(ns)  Location         Pin
Min Period        n/a     BUFG/I              n/a            2.155         81.380      79.225     BUFGCTRL_X0Y1    i_system_wrapper/system_i/sys_audio_clkgen/inst/clkout1_buf/I
Max Period        n/a     MMCME2_ADV/CLKOUT0  n/a            213.360       81.380      131.980    MMCME2_ADV_X1Y0  i_system_wrapper/system_i/sys_audio_clkgen/inst/mmcm_adv_inst/CLKOUT0
Low Pulse Width   Fast    RAMD32/CLK          n/a            1.250         40.690      39.440     SLICE_X26Y73     i_system_wrapper/system_i/axi_i2s_adi/U0/ctrl/rx_gen.rx_sync/fifo_reg_0_3_0_4/RAMA/CLK
High Pulse Width  Slow    RAMD32/CLK          n/a            1.250         40.690      39.440     SLICE_X26Y73     i_system_wrapper/system_i/axi_i2s_adi/U0/ctrl/rx_gen.rx_sync/fifo_reg_0_3_0_4/RAMA/CLK



---------------------------------------------------------------------------------------------------
From Clock:  clkfbout_system_sys_audio_clkgen_0_1
  To Clock:  clkfbout_system_sys_audio_clkgen_0_1

Setup :           NA  Failing Endpoints,  Worst Slack           NA  ,  Total Violation           NA
Hold  :           NA  Failing Endpoints,  Worst Slack           NA  ,  Total Violation           NA
PW    :            0  Failing Endpoints,  Worst Slack       42.845ns,  Total Violation        0.000ns
---------------------------------------------------------------------------------------------------


Pulse Width Checks
--------------------------------------------------------------------------------------
Clock Name:         clkfbout_system_sys_audio_clkgen_0_1
Waveform(ns):       { 0.000 22.500 }
Period(ns):         45.000
Sources:            { i_system_wrapper/system_i/sys_audio_clkgen/inst/mmcm_adv_inst/CLKFBOUT }

Check Type  Corner  Lib Pin             Reference Pin  Required(ns)  Actual(ns)  Slack(ns)  Location         Pin
Min Period  n/a     BUFG/I              n/a            2.155         45.000      42.845     BUFGCTRL_X0Y3    i_system_wrapper/system_i/sys_audio_clkgen/inst/clkf_buf/I
Max Period  n/a     MMCME2_ADV/CLKFBIN  n/a            100.000       45.000      55.000     MMCME2_ADV_X1Y0  i_system_wrapper/system_i/sys_audio_clkgen/inst/mmcm_adv_inst/CLKFBIN



---------------------------------------------------------------------------------------------------
Path Group:  **async_default**
From Clock:  clk_fpga_0
  To Clock:  clk_fpga_0

Setup :            0  Failing Endpoints,  Worst Slack        2.146ns,  Total Violation        0.000ns
Hold  :            0  Failing Endpoints,  Worst Slack        0.208ns,  Total Violation        0.000ns
---------------------------------------------------------------------------------------------------


Max Delay Paths
--------------------------------------------------------------------------------------
Slack (MET) :             2.146ns  (required time - arrival time)
  Source:                 i_system_wrapper/system_i/sys_rstgen/U0/ACTIVE_LOW_PR_OUT_DFF[0].peripheral_aresetn_reg[0]/C
                            (rising edge-triggered cell FDRE clocked by clk_fpga_0  {rise@0.000ns fall@5.000ns period=10.000ns})
  Destination:            i_system_wrapper/system_i/axi_hdmi_core/inst/i_up/i_hdmi_xfer_cntrl/up_xfer_data_reg[170]/CLR
                            (recovery check against rising-edge clock clk_fpga_0  {rise@0.000ns fall@5.000ns period=10.000ns})
  Path Group:             **async_default**
  Path Type:              Recovery (Max at Slow Process Corner)
  Requirement:            10.000ns  (clk_fpga_0 rise@10.000ns - clk_fpga_0 rise@0.000ns)
  Data Path Delay:        7.144ns  (logic 0.580ns (8.118%)  route 6.564ns (91.882%))
  Logic Levels:           1  (LUT1=1)
  Clock Path Skew:        -0.151ns (DCD - SCD + CPR)
    Destination Clock Delay (DCD):    2.669ns = ( 12.668 - 10.000 ) 
    Source Clock Delay      (SCD):    2.934ns
    Clock Pessimism Removal (CPR):    0.115ns
  Clock Uncertainty:      0.154ns  ((TSJ^2 + TIJ^2)^1/2 + DJ) / 2 + PE
    Total System Jitter     (TSJ):    0.071ns
    Total Input Jitter      (TIJ):    0.300ns
    Discrete Jitter          (DJ):    0.000ns
    Phase Error              (PE):    0.000ns

    Location             Delay type                Incr(ns)  Path(ns)    Netlist Resource(s)
  -------------------------------------------------------------------    -------------------
                         (clock clk_fpga_0 rise edge)
                                                      0.000     0.000 r  
    PS7_X0Y0             PS7                          0.000     0.000 r  i_system_wrapper/system_i/sys_ps7/inst/PS7_i/FCLKCLK[0]
                         net (fo=1, routed)           1.193     1.193    i_system_wrapper/system_i/sys_ps7/inst/FCLK_CLK_unbuffered[0]
    BUFGCTRL_X0Y16       BUFG (Prop_bufg_I_O)         0.101     1.294 r  i_system_wrapper/system_i/sys_ps7/inst/buffer_fclk_clk_0.FCLK_CLK_0_BUFG/O
                         net (fo=4604, routed)        1.640     2.934    i_system_wrapper/system_i/sys_rstgen/U0/slowest_sync_clk
    SLICE_X35Y80         FDRE                                         r  i_system_wrapper/system_i/sys_rstgen/U0/ACTIVE_LOW_PR_OUT_DFF[0].peripheral_aresetn_reg[0]/C
  -------------------------------------------------------------------    -------------------
    SLICE_X35Y80         FDRE (Prop_fdre_C_Q)         0.456     3.390 r  i_system_wrapper/system_i/sys_rstgen/U0/ACTIVE_LOW_PR_OUT_DFF[0].peripheral_aresetn_reg[0]/Q
                         net (fo=99, routed)          4.145     7.535    i_system_wrapper/system_i/axi_hdmi_core/inst/i_up/i_hdmi_xfer_cntrl/s_axi_aresetn
    SLICE_X29Y39         LUT1 (Prop_lut1_I0_O)        0.124     7.659 f  i_system_wrapper/system_i/axi_hdmi_core/inst/i_up/i_hdmi_xfer_cntrl/up_ve_min[15]_i_2/O
                         net (fo=125, routed)         2.419    10.078    i_system_wrapper/system_i/axi_hdmi_core/inst/i_up/i_hdmi_xfer_cntrl/up_xfer_data_reg[111]_0
    SLICE_X43Y34         FDCE                                         f  i_system_wrapper/system_i/axi_hdmi_core/inst/i_up/i_hdmi_xfer_cntrl/up_xfer_data_reg[170]/CLR
  -------------------------------------------------------------------    -------------------

                         (clock clk_fpga_0 rise edge)
                                                     10.000    10.000 r  
    PS7_X0Y0             PS7                          0.000    10.000 r  i_system_wrapper/system_i/sys_ps7/inst/PS7_i/FCLKCLK[0]
                         net (fo=1, routed)           1.088    11.088    i_system_wrapper/system_i/sys_ps7/inst/FCLK_CLK_unbuffered[0]
    BUFGCTRL_X0Y16       BUFG (Prop_bufg_I_O)         0.091    11.179 r  i_system_wrapper/system_i/sys_ps7/inst/buffer_fclk_clk_0.FCLK_CLK_0_BUFG/O
                         net (fo=4604, routed)        1.489    12.668    i_system_wrapper/system_i/axi_hdmi_core/inst/i_up/i_hdmi_xfer_cntrl/s_axi_aclk
    SLICE_X43Y34         FDCE                                         r  i_system_wrapper/system_i/axi_hdmi_core/inst/i_up/i_hdmi_xfer_cntrl/up_xfer_data_reg[170]/C
                         clock pessimism              0.115    12.783    
                         clock uncertainty           -0.154    12.629    
    SLICE_X43Y34         FDCE (Recov_fdce_C_CLR)     -0.405    12.224    i_system_wrapper/system_i/axi_hdmi_core/inst/i_up/i_hdmi_xfer_cntrl/up_xfer_data_reg[170]
  -------------------------------------------------------------------
                         required time                         12.224    
                         arrival time                         -10.078    
  -------------------------------------------------------------------
                         slack                                  2.146    





Min Delay Paths
--------------------------------------------------------------------------------------
Slack (MET) :             0.208ns  (arrival time - required time)
  Source:                 i_system_wrapper/system_i/axi_hdmi_interconnect/s00_couplers/auto_pc/inst/gen_axi4_axi3.axi3_conv_inst/USE_READ.USE_SPLIT_R.read_addr_inst/USE_R_CHANNEL.cmd_queue/inst/fifo_gen_inst/inst_fifo_gen/gconvfifo.rf/grf.rf/rstblk/ngwrdrst.grst.g7serrst.rd_rst_reg_reg[2]/C
                            (rising edge-triggered cell FDPE clocked by clk_fpga_0  {rise@0.000ns fall@5.000ns period=10.000ns})
  Destination:            i_system_wrapper/system_i/axi_hdmi_interconnect/s00_couplers/auto_pc/inst/gen_axi4_axi3.axi3_conv_inst/USE_READ.USE_SPLIT_R.read_addr_inst/USE_R_CHANNEL.cmd_queue/inst/fifo_gen_inst/inst_fifo_gen/gconvfifo.rf/grf.rf/gntv_or_sync_fifo.gl0.rd/gr1.rfwft/gpregsm1.curr_fwft_state_reg[0]/CLR
                            (removal check against rising-edge clock clk_fpga_0  {rise@0.000ns fall@5.000ns period=10.000ns})
  Path Group:             **async_default**
  Path Type:              Removal (Min at Fast Process Corner)
  Requirement:            0.000ns  (clk_fpga_0 rise@0.000ns - clk_fpga_0 rise@0.000ns)
  Data Path Delay:        0.394ns  (logic 0.141ns (35.818%)  route 0.253ns (64.182%))
  Logic Levels:           0  
  Clock Path Skew:        0.252ns (DCD - SCD - CPR)
    Destination Clock Delay (DCD):    1.210ns
    Source Clock Delay      (SCD):    0.927ns
    Clock Pessimism Removal (CPR):    0.030ns

    Location             Delay type                Incr(ns)  Path(ns)    Netlist Resource(s)
  -------------------------------------------------------------------    -------------------
                         (clock clk_fpga_0 rise edge)
                                                      0.000     0.000 r  
    PS7_X0Y0             PS7                          0.000     0.000 r  i_system_wrapper/system_i/sys_ps7/inst/PS7_i/FCLKCLK[0]
                         net (fo=1, routed)           0.310     0.310    i_system_wrapper/system_i/sys_ps7/inst/FCLK_CLK_unbuffered[0]
    BUFGCTRL_X0Y16       BUFG (Prop_bufg_I_O)         0.026     0.336 r  i_system_wrapper/system_i/sys_ps7/inst/buffer_fclk_clk_0.FCLK_CLK_0_BUFG/O
                         net (fo=4604, routed)        0.592     0.928    i_system_wrapper/system_i/axi_hdmi_interconnect/s00_couplers/auto_pc/inst/gen_axi4_axi3.axi3_conv_inst/USE_READ.USE_SPLIT_R.read_addr_inst/USE_R_CHANNEL.cmd_queue/inst/fifo_gen_inst/inst_fifo_gen/gconvfifo.rf/grf.rf/rstblk/clk
    SLICE_X24Y49         FDPE                                         r  i_system_wrapper/system_i/axi_hdmi_interconnect/s00_couplers/auto_pc/inst/gen_axi4_axi3.axi3_conv_inst/USE_READ.USE_SPLIT_R.read_addr_inst/USE_R_CHANNEL.cmd_queue/inst/fifo_gen_inst/inst_fifo_gen/gconvfifo.rf/grf.rf/rstblk/ngwrdrst.grst.g7serrst.rd_rst_reg_reg[2]/C
  -------------------------------------------------------------------    -------------------
    SLICE_X24Y49         FDPE (Prop_fdpe_C_Q)         0.141     1.069 f  i_system_wrapper/system_i/axi_hdmi_interconnect/s00_couplers/auto_pc/inst/gen_axi4_axi3.axi3_conv_inst/USE_READ.USE_SPLIT_R.read_addr_inst/USE_R_CHANNEL.cmd_queue/inst/fifo_gen_inst/inst_fifo_gen/gconvfifo.rf/grf.rf/rstblk/ngwrdrst.grst.g7serrst.rd_rst_reg_reg[2]/Q
                         net (fo=15, routed)          0.253     1.321    i_system_wrapper/system_i/axi_hdmi_interconnect/s00_couplers/auto_pc/inst/gen_axi4_axi3.axi3_conv_inst/USE_READ.USE_SPLIT_R.read_addr_inst/USE_R_CHANNEL.cmd_queue/inst/fifo_gen_inst/inst_fifo_gen/gconvfifo.rf/grf.rf/gntv_or_sync_fifo.gl0.rd/gr1.rfwft/Q[0]
    SLICE_X26Y51         FDCE                                         f  i_system_wrapper/system_i/axi_hdmi_interconnect/s00_couplers/auto_pc/inst/gen_axi4_axi3.axi3_conv_inst/USE_READ.USE_SPLIT_R.read_addr_inst/USE_R_CHANNEL.cmd_queue/inst/fifo_gen_inst/inst_fifo_gen/gconvfifo.rf/grf.rf/gntv_or_sync_fifo.gl0.rd/gr1.rfwft/gpregsm1.curr_fwft_state_reg[0]/CLR
  -------------------------------------------------------------------    -------------------

                         (clock clk_fpga_0 rise edge)
                                                      0.000     0.000 r  
    PS7_X0Y0             PS7                          0.000     0.000 r  i_system_wrapper/system_i/sys_ps7/inst/PS7_i/FCLKCLK[0]
                         net (fo=1, routed)           0.337     0.337    i_system_wrapper/system_i/sys_ps7/inst/FCLK_CLK_unbuffered[0]
    BUFGCTRL_X0Y16       BUFG (Prop_bufg_I_O)         0.029     0.366 r  i_system_wrapper/system_i/sys_ps7/inst/buffer_fclk_clk_0.FCLK_CLK_0_BUFG/O
                         net (fo=4604, routed)        0.844     1.210    i_system_wrapper/system_i/axi_hdmi_interconnect/s00_couplers/auto_pc/inst/gen_axi4_axi3.axi3_conv_inst/USE_READ.USE_SPLIT_R.read_addr_inst/USE_R_CHANNEL.cmd_queue/inst/fifo_gen_inst/inst_fifo_gen/gconvfifo.rf/grf.rf/gntv_or_sync_fifo.gl0.rd/gr1.rfwft/clk
    SLICE_X26Y51         FDCE                                         r  i_system_wrapper/system_i/axi_hdmi_interconnect/s00_couplers/auto_pc/inst/gen_axi4_axi3.axi3_conv_inst/USE_READ.USE_SPLIT_R.read_addr_inst/USE_R_CHANNEL.cmd_queue/inst/fifo_gen_inst/inst_fifo_gen/gconvfifo.rf/grf.rf/gntv_or_sync_fifo.gl0.rd/gr1.rfwft/gpregsm1.curr_fwft_state_reg[0]/C
                         clock pessimism             -0.030     1.180    
    SLICE_X26Y51         FDCE (Remov_fdce_C_CLR)     -0.067     1.113    i_system_wrapper/system_i/axi_hdmi_interconnect/s00_couplers/auto_pc/inst/gen_axi4_axi3.axi3_conv_inst/USE_READ.USE_SPLIT_R.read_addr_inst/USE_R_CHANNEL.cmd_queue/inst/fifo_gen_inst/inst_fifo_gen/gconvfifo.rf/grf.rf/gntv_or_sync_fifo.gl0.rd/gr1.rfwft/gpregsm1.curr_fwft_state_reg[0]
  -------------------------------------------------------------------
                         required time                         -1.113    
                         arrival time                           1.321    
  -------------------------------------------------------------------
                         slack                                  0.208    





