#-----------------------------------------------------------
# Vivado v2015.2 (64-bit)
# SW Build 1266856 on Fri Jun 26 16:35:25 MDT 2015
# IP Build 1264090 on Wed Jun 24 14:22:01 MDT 2015
# Start of session at: Tue Nov 10 13:30:29 2015
# Process ID: 5372
# Log file: C:/temp/inf3995-02/livrable1/partie_materielle/vivado.log
# Journal file: C:/temp/inf3995-02/livrable1/partie_materielle\vivado.jou
#-----------------------------------------------------------
start_gui
open_project C:/temp/inf3995-02/livrable1/partie_materielle/burgerqueen.xpr
INFO: [Project 1-313] Project file moved from 'C:/Users/Najib/Desktop/inf3995-02/livrable1/partie_materielle' since last save.
Scanning sources...
Finished scanning sources
WARNING: [Project 1-509] GeneratedRun file for 'synth_1' not found
WARNING: [Project 1-509] GeneratedRun file for 'impl_1' not found
INFO: [IP_Flow 19-234] Refreshing IP repositories
INFO: [IP_Flow 19-1700] Loaded user IP repository 'c:/temp/inf3995-02/livrable1/partie_materielle/library'.
INFO: [IP_Flow 19-2313] Loaded Vivado IP repository 'C:/Logiciels/Xilinx/Vivado/2015.2/data/ip'.
WARNING: [IP_Flow 19-3664] IP 'system_axi_hdmi_dma_0' generated file not found 'c:/temp/inf3995-02/livrable1/partie_materielle/burgerqueen.srcs/sources_1/bd/system/ip/system_axi_hdmi_dma_0/system_axi_hdmi_dma_0.dcp'. Please regenerate to continue.
WARNING: [IP_Flow 19-3664] IP 'system_axi_hdmi_dma_0' generated file not found 'c:/temp/inf3995-02/livrable1/partie_materielle/burgerqueen.srcs/sources_1/bd/system/ip/system_axi_hdmi_dma_0/system_axi_hdmi_dma_0_stub.v'. Please regenerate to continue.
WARNING: [IP_Flow 19-3664] IP 'system_axi_hdmi_dma_0' generated file not found 'c:/temp/inf3995-02/livrable1/partie_materielle/burgerqueen.srcs/sources_1/bd/system/ip/system_axi_hdmi_dma_0/system_axi_hdmi_dma_0_stub.vhdl'. Please regenerate to continue.
WARNING: [IP_Flow 19-3664] IP 'system_axi_hdmi_dma_0' generated file not found 'c:/temp/inf3995-02/livrable1/partie_materielle/burgerqueen.srcs/sources_1/bd/system/ip/system_axi_hdmi_dma_0/system_axi_hdmi_dma_0_funcsim.v'. Please regenerate to continue.
WARNING: [IP_Flow 19-3664] IP 'system_axi_hdmi_dma_0' generated file not found 'c:/temp/inf3995-02/livrable1/partie_materielle/burgerqueen.srcs/sources_1/bd/system/ip/system_axi_hdmi_dma_0/system_axi_hdmi_dma_0_funcsim.vhdl'. Please regenerate to continue.
open_project: Time (s): cpu = 00:00:17 ; elapsed = 00:00:15 . Memory (MB): peak = 757.086 ; gain = 186.309
exit
INFO: [Common 17-206] Exiting Vivado at Tue Nov 10 13:34:15 2015...
