12:42:48 **** Build of project bsp ****
make -k all 
"Running Make include in microblaze_0/libsrc/bram_v4_0/src"
C:/Logiciels/Xilinx/SDK/2015.2/gnuwin/bin/make -C microblaze_0/libsrc/bram_v4_0/src -s include  "SHELL=CMD" "COMPILER=mb-gcc" "ARCHIVER=mb-ar" "COMPILER_FLAGS= -O2 -c -mcpu=v9.5 -mlittle-endian -mxl-soft-mul" "EXTRA_COMPILER_FLAGS=-g"
"Running Make include in microblaze_0/libsrc/cpu_v2_3/src"
C:/Logiciels/Xilinx/SDK/2015.2/gnuwin/bin/make -C microblaze_0/libsrc/cpu_v2_3/src -s include  "SHELL=CMD" "COMPILER=mb-gcc" "ARCHIVER=mb-ar" "COMPILER_FLAGS= -O2 -c -mcpu=v9.5 -mlittle-endian -mxl-soft-mul" "EXTRA_COMPILER_FLAGS=-g"
"Running Make include in microblaze_0/libsrc/gpio_v4_0/src"
C:/Logiciels/Xilinx/SDK/2015.2/gnuwin/bin/make -C microblaze_0/libsrc/gpio_v4_0/src -s include  "SHELL=CMD" "COMPILER=mb-gcc" "ARCHIVER=mb-ar" "COMPILER_FLAGS= -O2 -c -mcpu=v9.5 -mlittle-endian -mxl-soft-mul" "EXTRA_COMPILER_FLAGS=-g"
"Running Make include in microblaze_0/libsrc/standalone_v5_1/src"
C:/Logiciels/Xilinx/SDK/2015.2/gnuwin/bin/make -C microblaze_0/libsrc/standalone_v5_1/src -s include  "SHELL=CMD" "COMPILER=mb-gcc" "ARCHIVER=mb-ar" "COMPILER_FLAGS= -O2 -c -mcpu=v9.5 -mlittle-endian -mxl-soft-mul" "EXTRA_COMPILER_FLAGS=-g"
"Running Make libs in microblaze_0/libsrc/bram_v4_0/src"
C:/Logiciels/Xilinx/SDK/2015.2/gnuwin/bin/make -C microblaze_0/libsrc/bram_v4_0/src -s libs  "SHELL=CMD" "COMPILER=mb-gcc" "ARCHIVER=mb-ar" "COMPILER_FLAGS= -O2 -c -mcpu=v9.5 -mlittle-endian -mxl-soft-mul" "EXTRA_COMPILER_FLAGS=-g"
"Compiling bram"
"Running Make libs in microblaze_0/libsrc/cpu_v2_3/src"
C:/Logiciels/Xilinx/SDK/2015.2/gnuwin/bin/make -C microblaze_0/libsrc/cpu_v2_3/src -s libs  "SHELL=CMD" "COMPILER=mb-gcc" "ARCHIVER=mb-ar" "COMPILER_FLAGS= -O2 -c -mcpu=v9.5 -mlittle-endian -mxl-soft-mul" "EXTRA_COMPILER_FLAGS=-g"
"Compiling cpu"
"Running Make libs in microblaze_0/libsrc/gpio_v4_0/src"
C:/Logiciels/Xilinx/SDK/2015.2/gnuwin/bin/make -C microblaze_0/libsrc/gpio_v4_0/src -s libs  "SHELL=CMD" "COMPILER=mb-gcc" "ARCHIVER=mb-ar" "COMPILER_FLAGS= -O2 -c -mcpu=v9.5 -mlittle-endian -mxl-soft-mul" "EXTRA_COMPILER_FLAGS=-g"
"Compiling gpio"
"Running Make libs in microblaze_0/libsrc/standalone_v5_1/src"
C:/Logiciels/Xilinx/SDK/2015.2/gnuwin/bin/make -C microblaze_0/libsrc/standalone_v5_1/src -s libs  "SHELL=CMD" "COMPILER=mb-gcc" "ARCHIVER=mb-ar" "COMPILER_FLAGS= -O2 -c -mcpu=v9.5 -mlittle-endian -mxl-soft-mul" "EXTRA_COMPILER_FLAGS=-g"
"Compiling standalone";
'Finished building libraries'

12:42:53 Build Finished (took 4s.782ms)

